Unloading StdEnv/2020

The following have been reloaded with a version change:
  1) gcccore/.9.3.0 => gcccore/.7.3.0       3) mii/1.1.2 => mii/1.1.1
  2) imkl/2020.1.217 => imkl/2018.3.222

Loading required package: MASS
Loading required package: NADA
Loading required package: survival

Attaching package: ‘NADA’

The following object is masked from ‘package:stats’:

    cor

Loading required package: truncnorm
Loading required package: ALDEx2
Loading required package: car
Loading required package: carData

Attaching package: ‘lubridate’

The following objects are masked from ‘package:base’:

    date, intersect, setdiff, union

Loading required package: ggplot2
Loading required package: permute
Loading required package: lattice
This is vegan 2.5-6
── Attaching packages ─────────────────────────────────────── tidyverse 1.3.0 ──
✔ tibble  3.0.1     ✔ dplyr   1.0.0
✔ tidyr   1.1.0     ✔ stringr 1.4.0
✔ readr   1.3.1     ✔ forcats 0.5.0
✔ purrr   0.3.4     
── Conflicts ────────────────────────────────────────── tidyverse_conflicts() ──
✖ lubridate::as.difftime() masks base::as.difftime()
✖ lubridate::date()        masks base::date()
✖ dplyr::filter()          masks stats::filter()
✖ lubridate::intersect()   masks base::intersect()
✖ dplyr::lag()             masks stats::lag()
✖ dplyr::recode()          masks car::recode()
✖ dplyr::select()          masks MASS::select()
✖ lubridate::setdiff()     masks base::setdiff()
✖ purrr::some()            masks car::some()
✖ lubridate::union()       masks base::union()
[1] "Read in the Data"
[1] "Building phyloseq object"
[1] "Read in the metadata"
[1] "Full ASV table"
[1] "Aitchison transformation"
No. corrected values:  19086552 
[1] "Finding core microbiome"
[1] "Extract 75% Occupancy from BC Similarity Core"
[1] "Subset the ASV table to find core and non-core ASVs"
null device 
          1 

Family: gaussian 
Link function: identity 

Formula:
y ~ s(x1, x2, k = 10, bs = "tp", fx = FALSE)

Estimated degrees of freedom:
0  total = 1 

REML score: -9.104219     

Family: gaussian 
Link function: identity 

Formula:
y ~ s(x1, x2, k = 10, bs = "tp", fx = FALSE)

Estimated degrees of freedom:
0  total = 1 

REML score: -9.10422     

Family: gaussian 
Link function: identity 

Formula:
y ~ s(x1, x2, k = 10, bs = "tp", fx = FALSE)

Estimated degrees of freedom:
7.99  total = 8.99 

REML score: -10.89289     

Family: gaussian 
Link function: identity 

Formula:
y ~ s(x1, x2, k = 10, bs = "tp", fx = FALSE)

Estimated degrees of freedom:
8.19  total = 9.19 

REML score: -44.05949     
null device 
          1 
Parsed with column specification:
cols(
  Grid = col_character(),
  Year = col_double(),
  Month = col_double(),
  Community = col_character(),
  R2Adj = col_double(),
  Significant = col_character(),
  P = col_double()
)
`geom_smooth()` using formula 'y ~ x'
null device 
          1 
[1] "is there a significant difference in the R2adj values based on the month and community of origin?"
[1] "All Adjusted R-squared Values - Spatial only"

Call:
lm(formula = R2Adj ~ Community * Month, data = .)

Residuals:
      Min        1Q    Median        3Q       Max 
-0.150794 -0.033574  0.006704  0.038815  0.105922 

Coefficients:
                         Estimate Std. Error t value Pr(>|t|)    
(Intercept)              0.153417   0.037291   4.114 0.000134 ***
CommunityNon-core       -0.095149   0.052738  -1.804 0.076779 .  
Month                   -0.018512   0.007017  -2.638 0.010868 *  
CommunityNon-core:Month  0.018578   0.009924   1.872 0.066621 .  
---
Signif. codes:  0 ‘***’ 0.001 ‘**’ 0.01 ‘*’ 0.05 ‘.’ 0.1 ‘ ’ 1

Residual standard error: 0.06031 on 54 degrees of freedom
Multiple R-squared:  0.1142,	Adjusted R-squared:  0.06502 
F-statistic: 2.321 on 3 and 54 DF,  p-value: 0.08544

[1] "All Adjusted R-squared Values - Core only"

Call:
lm(formula = R2Adj ~ Month, data = .)

Residuals:
     Min       1Q   Median       3Q      Max 
-0.15079 -0.02791  0.01206  0.04496  0.09133 

Coefficients:
             Estimate Std. Error t value Pr(>|t|)   
(Intercept)  0.153417   0.041691    3.68  0.00103 **
Month       -0.018512   0.007845   -2.36  0.02577 * 
---
Signif. codes:  0 ‘***’ 0.001 ‘**’ 0.01 ‘*’ 0.05 ‘.’ 0.1 ‘ ’ 1

Residual standard error: 0.06742 on 27 degrees of freedom
Multiple R-squared:  0.171,	Adjusted R-squared:  0.1403 
F-statistic: 5.568 on 1 and 27 DF,  p-value: 0.02577

[1] "All Adjusted R-squared Values - Non-core only"

Call:
lm(formula = R2Adj ~ Month, data = .)

Residuals:
      Min        1Q    Median        3Q       Max 
-0.134974 -0.034086  0.000679  0.027218  0.105922 

Coefficients:
             Estimate Std. Error t value Pr(>|t|)  
(Intercept) 0.0582677  0.0322975   1.804   0.0824 .
Month       0.0000654  0.0060775   0.011   0.9915  
---
Signif. codes:  0 ‘***’ 0.001 ‘**’ 0.01 ‘*’ 0.05 ‘.’ 0.1 ‘ ’ 1

Residual standard error: 0.05223 on 27 degrees of freedom
Multiple R-squared:  4.289e-06,	Adjusted R-squared:  -0.03703 
F-statistic: 0.0001158 on 1 and 27 DF,  p-value: 0.9915

null device 
          1 
null device 
          1 
