Unloading StdEnv/2020

The following have been reloaded with a version change:
  1) gcccore/.9.3.0 => gcccore/.7.3.0     2) imkl/2020.1.217 => imkl/2018.3.222

[1] "Set up (working directory, theme, and packages)"
Loading required package: permute
Loading required package: lattice
This is vegan 2.5-6
Loading required package: MASS
Loading required package: NADA
Loading required package: survival

Attaching package: ‘NADA’

The following object is masked from ‘package:stats’:

    cor

Loading required package: truncnorm
Loading required package: ALDEx2
Loading required package: car
Loading required package: carData
── Attaching packages ─────────────────────────────────────── tidyverse 1.3.0 ──
✔ ggplot2 3.3.2     ✔ purrr   0.3.4
✔ tibble  3.0.1     ✔ dplyr   1.0.0
✔ tidyr   1.1.0     ✔ stringr 1.4.0
✔ readr   1.3.1     ✔ forcats 0.5.0
── Conflicts ────────────────────────────────────────── tidyverse_conflicts() ──
✖ dplyr::filter() masks stats::filter()
✖ dplyr::lag()    masks stats::lag()
✖ dplyr::recode() masks car::recode()
✖ dplyr::select() masks MASS::select()
✖ purrr::some()   masks car::some()
[1] "Initiate functions for analysis"
[1] "Read in the Data"
[1] "Building phyloseq object"
[1] "Read in the metadata"
[1] "Aitchison transformation"
No. corrected values:  19086552 
[1] "Extract Core"
[1] "Subset the OTU table to find core and non-core OTUs"
[1] "Accessing the XY data by month"
[1] "Months in this Grid"
[1] 5
[1] "Computing Euclidean Distances"
[1] "Maximum Euclidean Distance by Month"
$`Month 5`
[1] 25.6125

Warning message:
`summarise_each_()` is deprecated as of dplyr 0.7.0.
Please use `across()` instead.
This warning is displayed once every 8 hours.
Call `lifecycle::last_warnings()` to see where this warning was generated. 
[1] "Build the community object (OTU table) for grid/year/month"
[1] "Extract metadata for grid/year/month"
[1] "Removing pobjects that are no longer needed"
[1] "Unweighted PCNM - for use with all OTU tables"
                               PCNM1        PCNM2        PCNM3       PCNM4
P3011.10727.F.1.JO.2008 -0.050781213 -0.116748391  0.307527826  0.33528528
P1223.13663.F.4.JO.2008  0.314306567 -0.201480668 -0.041805605 -0.06888209
P2884.13663.F.4.JO.2008  0.241861442 -0.226095533 -0.125437394  0.01986591
P1496.8659.F.2.JO.2008  -0.198959986 -0.106319682 -0.305427243 -0.08173447
P1497.10156.F.3.JO.2008 -0.240375017 -0.060537361 -0.276829444 -0.08871290
P1430.8444.F.4.JO.2008   0.005736927 -0.123667282  0.124068218  0.37991242
P2930.10080.F.4.JO.2008  0.320948189 -0.087358911  0.012709193 -0.34887440
P1234.10636.F.3.JO.2008  0.173217076  0.046164236  0.066619671 -0.34896470
P1746.8746.F.3.JO.2008  -0.324408375 -0.043634027 -0.001767266 -0.18683376
P1551.13688.F.1.JO.2008 -0.165828059  0.016369504  0.402569686 -0.07592633
P1633.8598.F.1.JO.2008  -0.156267533  0.040002044  0.331576503 -0.17292465
P1509.13663.F.4.JO.2008  0.275748515 -0.203889133 -0.055616991  0.04047765
P1748.8659.F.2.JO.2008  -0.239771859 -0.060561165 -0.277063284 -0.08828262
P1604.10165.F.3.JO.2008  0.079162953  0.414628028 -0.096336332  0.12862489
P1751.10165.F.3.JO.2008  0.079162953  0.414628028 -0.096336332  0.12862489
P1859.8399.F.1.JO.2008  -0.065699085 -0.285771223 -0.213580879  0.23130538
P1605.10127.F.3.JO.2008 -0.212931806  0.105291688 -0.319730057 -0.01553651
P1727.13688.F.1.JO.2008 -0.165828059  0.016369504  0.402569686 -0.07592633
P1744.13684.F.2.JO.2008  0.205341699 -0.231694223  0.046743409  0.36763966
P1712.10417.F.1.JO.2008  0.114623902  0.391995977 -0.023736778  0.13228497
P1745.10226.F.3.JO.2008  0.114401608  0.390618668 -0.023372282  0.13166661
P1544.10636.F.3.JO.2008  0.227083018  0.005559572  0.057092123 -0.36980874
P1762.10223.F.3.JO.2008 -0.330743857 -0.093869652  0.105563572  0.02671987
                              PCNM5       PCNM6       PCNM7        PCNM8
P3011.10727.F.1.JO.2008 -0.26266611 -0.02768954  0.23961280  0.398029415
P1223.13663.F.4.JO.2008  0.15018771  0.33522517 -0.29165847  0.264175140
P2884.13663.F.4.JO.2008  0.33997027 -0.36040909  0.29574039  0.000224511
P1496.8659.F.2.JO.2008   0.06122473 -0.43527942  0.19800601  0.095699502
P1497.10156.F.3.JO.2008 -0.08821476 -0.02536568 -0.21018609  0.093131866
P1430.8444.F.4.JO.2008  -0.40347511 -0.06667187 -0.10044667 -0.418212851
P2930.10080.F.4.JO.2008 -0.04939725 -0.06975862  0.22297268 -0.072312500
P1234.10636.F.3.JO.2008 -0.43217070 -0.19802571  0.17250849 -0.249827021
P1746.8746.F.3.JO.2008   0.18641698  0.07820091 -0.16905719 -0.062020213
P1551.13688.F.1.JO.2008  0.15940770  0.01769944  0.12224660  0.222026585
P1633.8598.F.1.JO.2008   0.27631610  0.04986660 -0.21407801 -0.516956660
P1509.13663.F.4.JO.2008  0.31301409  0.12950210  0.02629582 -0.173512949
P1748.8659.F.2.JO.2008  -0.08843831 -0.02642565 -0.20951617  0.095093297
P1604.10165.F.3.JO.2008  0.04363037  0.20599213  0.20533449 -0.046621643
P1751.10165.F.3.JO.2008  0.04363037  0.20599213  0.20533449 -0.046621643
P1859.8399.F.1.JO.2008  -0.02180342  0.06977871 -0.10300084  0.032139297
P1605.10127.F.3.JO.2008 -0.04930654  0.43970274  0.35645898 -0.077776695
P1727.13688.F.1.JO.2008  0.15940770  0.01769944  0.12224660  0.222026585
P1744.13684.F.2.JO.2008  0.01143070  0.09221013 -0.09972569 -0.098464889
P1712.10417.F.1.JO.2008  0.06478074 -0.28557232 -0.28224910  0.093749972
P1745.10226.F.3.JO.2008  0.06445791 -0.28954853 -0.28714195  0.095244564
P1544.10636.F.3.JO.2008 -0.36565924  0.18201687 -0.23066421  0.236982459
P1762.10223.F.3.JO.2008 -0.11274394 -0.03913998  0.03096703 -0.086196130
                              PCNM9        PCNM10        PCNM11        PCNM12
P3011.10727.F.1.JO.2008 -0.12657732 -0.0240151023 -1.398993e-06  1.739702e-05
P1223.13663.F.4.JO.2008  0.24409978  0.1483463803  2.327674e-06  6.554034e-06
P2884.13663.F.4.JO.2008  0.27360308 -0.0095622001  1.043582e-04 -7.061118e-04
P1496.8659.F.2.JO.2008   0.36026166 -0.0246469086  7.619856e-06 -2.628537e-06
P1497.10156.F.3.JO.2008 -0.24381040 -0.0037030696 -2.768914e-03 -7.053466e-01
P1430.8444.F.4.JO.2008   0.14577762  0.2593966954  6.325889e-05 -7.191113e-04
P2930.10080.F.4.JO.2008 -0.23193369  0.3825042464  6.212650e-05 -7.629246e-04
P1234.10636.F.3.JO.2008 -0.18935992 -0.4472874549 -1.007711e-04 -1.100285e-04
P1746.8746.F.3.JO.2008  -0.01701975 -0.2895925021 -9.009327e-05 -5.344876e-03
P1551.13688.F.1.JO.2008 -0.06160801 -0.0495274373 -1.017240e-06 -1.425348e-06
P1633.8598.F.1.JO.2008   0.22101322  0.0019693704  5.316594e-05  4.386466e-03
P1509.13663.F.4.JO.2008 -0.52473398  0.0950603200 -1.069216e-04  7.166071e-04
P1748.8659.F.2.JO.2008  -0.24352668 -0.0059579309 -2.956244e-03  7.088249e-01
P1604.10165.F.3.JO.2008  0.07184632 -0.0002304651  1.196331e-04  3.522141e-04
P1751.10165.F.3.JO.2008  0.07184632 -0.0002304651  1.196331e-04  3.522141e-04
P1859.8399.F.1.JO.2008  -0.04327016 -0.0428663743 -1.867504e-04  9.394850e-04
P1605.10127.F.3.JO.2008  0.07030988 -0.0157865674  5.879087e-03  5.997898e-06
P1727.13688.F.1.JO.2008 -0.06160801 -0.0495274373 -1.017240e-06 -1.425348e-06
P1744.13684.F.2.JO.2008  0.07342373 -0.4921491523  8.196081e-05 -1.054449e-03
P1712.10417.F.1.JO.2008 -0.08113527  0.0451656409 -7.072299e-01 -8.804798e-04
P1745.10226.F.3.JO.2008 -0.08393375  0.0451781933  7.069475e-01 -6.798617e-04
P1544.10636.F.3.JO.2008  0.34793336  0.0119796178  9.250393e-07  7.684774e-06
P1762.10223.F.3.JO.2008  0.02840196  0.4654826029  1.343035e-06  4.091157e-07
[1] "Acessing PCNM scores"
[1] "Analysis for Core OTUs"
[1] "Variance partitioning - Core OTUs"
Warning messages:
1: collinearity detected in X2: mm = 14, m = 13 
2: collinearity detected in cbind(X1,X2): mm = 26, m = 22 
$`Month 5`

Partition of variance in RDA 

Call: (function (Y, X, ..., data, chisquare = FALSE, transfo, scale =
FALSE, add = FALSE, sqrt.dist = FALSE, permutations = 1000) { if
(missing(data)) data <- parent.frame() X <- list(X, ...)  if
((length(X) < 2 || length(X) > 4)) stop("needs two to four explanatory
tables") if (inherits(Y, "dist")) { inert <- attr(Y, "method") inert <-
paste(paste0(toupper(substring(inert, 1, 1)), substring(inert, 2)),
"distance") if (sqrt.dist) Y <- sqrt(Y) else inert <- paste("squared",
inert) if (is.logical(add) && isTRUE(add)) add <- "lingoes" if
(is.character(add)) { add <- match.arg(add, c("lingoes", "cailliez"))
if (add == "lingoes") { ac <- addLingoes(as.matrix(Y)) Y <- sqrt(Y^2 +
2 * ac) } else if (add == "cailliez") { ac <- addCailliez(as.matrix(Y))
Y <- Y + ac } if (ac > sqrt(.Machine$double.eps)) inert <-
paste(paste0(toupper(substring(add, 1, 1)), substring(add, 2)),
"adjusted", inert) } RDA <- "dbRDA" if (!missing(transfo) ||
!missing(scale)) message("arguments 'transfo' and 'scale' are ignored
with distances") } else if (chisquare) { inert = "Chi-square" RDA =
"CCA" permutations = getPermuteMatrix(permutations, nrow(Y)) } else {
inert <- "variance" RDA <- "RDA" if (!missing(transfo)) { Y <-
decostand(Y, transfo) transfo <- attr(Y, "decostand") } if
(!missing(transfo) && (is.null(dim(Y)) || ncol(Y) == 1))
warning("transformations are probably meaningless with a single
variable") if (scale && !missing(transfo)) warning("Y should not be
both transformed and scaled (standardized)") Y <- scale(Y, center =
TRUE, scale = scale) } Sets <- list() for (i in seq_along(X)) { if
(is.data.frame(X[[i]]) || is.factor(X[[i]])) { mf <-
as.data.frame(X[[i]]) mf <- model.matrix(~., mf) Sets[[i]] <- mf[, -1,
drop = FALSE] } else if (inherits(X[[i]], "formula")) { mf <-
model.frame(X[[i]], data, na.action = na.fail, drop.unused.levels =
TRUE) trms <- attr(mf, "terms") Sets[[i]] <- model.matrix(trms, mf) if
(any(colnames(Sets[[i]]) == "(Intercept)")) { xint <-
which(colnames(Sets[[i]]) == "(Intercept)") Sets[[i]] <- (Sets[[i]])[,
-xint, drop = FALSE] } } else Sets[[i]] <- as.matrix(X[[i]]) Sets[[i]]
<- scale(Sets[[i]], center = TRUE, scale = TRUE) } out <- list()
out$part <- switch(length(Sets), NULL, varpart2(Y, Sets[[1]],
Sets[[2]], chisquare, permutations), varpart3(Y, Sets[[1]], Sets[[2]],
Sets[[3]], chisquare, permutations), varpart4(Y, Sets[[1]], Sets[[2]],
Sets[[3]], Sets[[4]], chisquare, permutations)) if (inherits(Y,
"dist")) { out$part$ordination <- "dbrda" } else { if (chisquare)
out$part$ordination <- "cca" else { out$part$ordination <- "rda" } } if
(RDA == "RDA") { out$scale <- scale if (!missing(transfo)) out$transfo
<- transfo } else { if (scale || !missing(transfo)) message("arguments
'scale' and 'transfo' ignored: valid only in RDA") } out$inert <- inert
out$RDA <- RDA out$call <- match.call() mx <- rep(" ", length(X)) for
(i in seq_along(X)) mx[i] <- deparse(out$call[[i + 2]], width.cutoff =
500) out$tables <- mx class(out) <- c("varpart", class(out)) out })(Y =
dots[[1L]][[1L]], X = dots[[2L]][[1L]], ~., data = dots[[3L]][[1L]])

Explanatory tables:
X1:  dots[[2L]][[1L]]
X2:  ~. 

No. of explanatory tables: 2 
Total variation (SS): 6981.3 
            Variance: 317.33 
No. of observations: 23 

Partition table:
                     Df R.squared Adj.R.squared Testable
[a+b] = X1           12   0.55703       0.02546     TRUE
[b+c] = X2           13   0.56381      -0.06625     TRUE
[a+b+c] = X1+X2      22   1.00000                   TRUE
Individual fractions                                    
[a] = X1|X2           9                             TRUE
[b]                   0                            FALSE
[c] = X2|X1          10                             TRUE
[d] = Residuals                                    FALSE
---
Use function ‘rda’ to test significance of fractions of interest

Warning message:
collinearity detected: redundant variable(s)  between tables X1, X2
results are probably incorrect: remove redundant variable(s) and repeat the analysis 
Error in pdf(file = "plots/core_JO2008_vp_mod1M.pdf") : 
  cannot open file 'plots/core_JO2008_vp_mod1M.pdf'
Execution halted
