Unloading StdEnv/2020

The following have been reloaded with a version change:
  1) gcccore/.9.3.0 => gcccore/.7.3.0     2) imkl/2020.1.217 => imkl/2018.3.222

[1] "Set up (working directory, theme, and packages)"
Loading required package: permute
Loading required package: lattice
This is vegan 2.5-6
Loading required package: MASS
Loading required package: NADA
Loading required package: survival

Attaching package: ‘NADA’

The following object is masked from ‘package:stats’:

    cor

Loading required package: truncnorm
Loading required package: ALDEx2
Loading required package: car
Loading required package: carData
── Attaching packages ─────────────────────────────────────── tidyverse 1.3.0 ──
✔ ggplot2 3.3.2     ✔ purrr   0.3.4
✔ tibble  3.0.1     ✔ dplyr   1.0.0
✔ tidyr   1.1.0     ✔ stringr 1.4.0
✔ readr   1.3.1     ✔ forcats 0.5.0
── Conflicts ────────────────────────────────────────── tidyverse_conflicts() ──
✖ dplyr::filter() masks stats::filter()
✖ dplyr::lag()    masks stats::lag()
✖ dplyr::recode() masks car::recode()
✖ dplyr::select() masks MASS::select()
✖ purrr::some()   masks car::some()
[1] "Initiate functions for analysis"
[1] "Read in the Data"
[1] "Building phyloseq object"
[1] "Read in the metadata"
[1] "Aitchison transformation"
No. corrected values:  19086552 
[1] "Extract Core"
[1] "Subset the OTU table to find core and non-core OTUs"
[1] "Accessing the XY data by month"
[1] "Months in this Grid"
[1] 4 3 5 7 6 8
[1] "Computing Euclidean Distances"
[1] "Maximum Euclidean Distance by Month"
$`Month 3`
[1] 21.47673

$`Month 4`
[1] 23.08679

$`Month 5`
[1] 21.36001

$`Month 6`
[1] 21.47673

$`Month 7`
[1] 23.85372

$`Month 8`
[1] 24.59675

Warning message:
`summarise_each_()` is deprecated as of dplyr 0.7.0.
Please use `across()` instead.
This warning is displayed once every 8 hours.
Call `lifecycle::last_warnings()` to see where this warning was generated. 
[1] "Build the community object (OTU table) for grid/year/month"
[1] "Extract metadata for grid/year/month"
[1] "Removing pobjects that are no longer needed"
[1] "Unweighted PCNM - for use with all OTU tables"
                              PCNM1       PCNM2       PCNM3        PCNM4
A0174.10342.F.2.KL.2009 -0.14696657 -0.10076199 -0.07103571 -0.053912894
A0910.10181.F.4.KL.2009 -0.15177359 -0.09586635 -0.06549778 -0.060739346
A0970.11176.F.1.KL.2009 -0.15177359 -0.09586635 -0.06549778 -0.060739346
A0579.11176.F.1.KL.2009 -0.15177359 -0.09586635 -0.06549778 -0.060739346
A0094.10517.F.2.KL.2009 -0.22386137  0.17063076  0.28753214 -0.016919810
A0014.11176.F.1.KL.2009 -0.15101039 -0.09807278 -0.06732452 -0.057813241
A0106.10408.F.2.KL.2009  0.09575580 -0.34890973 -0.41480817  0.433830920
A0245.8815.F.3.KL.2009  -0.08839041  0.08116391 -0.23844211 -0.279604044
A0201.10131.F.4.KL.2009 -0.21847628  0.17353660  0.29383218 -0.001695139
A0045.10265.F.4.KL.2009 -0.22131614  0.17060713  0.28409348 -0.031677473
A0007.10754.F.1.KL.2009  0.32563840  0.48932357 -0.18357877  0.187353448
A0227.10182.F.4.KL.2009  0.30690948  0.51629911 -0.32193951 -0.177917984
A0034.10375.F.2.KL.2009 -0.20427738  0.05118117  0.04248857  0.531331999
A0787.11176.F.1.KL.2009 -0.15177359 -0.09586635 -0.06549778 -0.060739346
A0308.11171.F.1.KL.2009  0.43670737 -0.10103372  0.51422187 -0.187750954
A0119.10183.F.4.KL.2009  0.23751813 -0.39818743 -0.13359639 -0.452234770
A0260.10137.F.4.KL.2009  0.45886371 -0.22231118  0.27054804  0.349967324
                              PCNM5         PCNM6         PCNM7         PCNM8
A0174.10342.F.2.KL.2009  0.13554381  0.5582122456 -0.1491635591  0.4854916358
A0910.10181.F.4.KL.2009  0.11473071 -0.1730480736  0.0318770436 -0.1403579425
A0970.11176.F.1.KL.2009  0.11473071 -0.1730480736  0.0318770436 -0.1403579425
A0579.11176.F.1.KL.2009  0.11473071 -0.1730480736  0.0318770436 -0.1403579425
A0094.10517.F.2.KL.2009 -0.01932752  0.1002579381 -0.0411419507  0.4432185238
A0014.11176.F.1.KL.2009  0.12249504  0.1350112996  0.0088238643  0.0592566297
A0106.10408.F.2.KL.2009 -0.10387579 -0.0125344019  0.0019037508 -0.0026566440
A0245.8815.F.3.KL.2009  -0.52980762  0.0002544761  0.0002116894 -0.0001273663
A0201.10131.F.4.KL.2009 -0.02311182  0.3249325636  0.6490871004 -0.3643912324
A0045.10265.F.4.KL.2009 -0.02820139 -0.5895756706 -0.1829464622  0.2436073421
A0007.10754.F.1.KL.2009  0.61669977 -0.0223473026  0.0041167302 -0.0023539926
A0227.10182.F.4.KL.2009 -0.36331572  0.0222688668 -0.0034606827  0.0012483306
A0034.10375.F.2.KL.2009 -0.18763263  0.1693034765 -0.4153943200 -0.3018958451
A0787.11176.F.1.KL.2009  0.11473071 -0.1730480736  0.0318770436 -0.1403579425
A0308.11171.F.1.KL.2009 -0.03439538  0.1662166050 -0.4236152546 -0.3167818530
A0119.10183.F.4.KL.2009  0.16655997  0.0121363738  0.0181557732 -0.0024095792
A0260.10137.F.4.KL.2009 -0.21055356 -0.1719441754  0.4059151467  0.3192258208
                              PCNM1       PCNM2       PCNM3       PCNM4
A0439.11177.F.1.KL.2009 -0.16844796 -0.19502592  0.15281636 -0.20687202
A0021.10265.F.4.KL.2009 -0.25531876  0.07980803  0.05413607  0.20029813
A0680.11176.F.1.KL.2009 -0.15191079 -0.10134127 -0.08158452 -0.20335426
A0455.10137.F.4.KL.2009  0.31035910 -0.02059411 -0.08340818  0.28533493
A0671.11489.F.2.KL.2009 -0.22020051  0.10830396  0.56565764 -0.23470547
A0711.10517.F.2.KL.2009 -0.25597996  0.07112727  0.06407647  0.19382234
A0460.10342.F.2.KL.2009 -0.12680010 -0.23124594  0.10562178 -0.23789812
A0382.10137.F.4.KL.2009  0.33735767  0.15828567  0.17997442  0.09847067
A0317.10342.F.2.KL.2009 -0.08205478 -0.23803480  0.06082424 -0.03097923
A0411.10145.F.4.KL.2009  0.01958382  0.45829643 -0.28560150 -0.53670144
A0423.10342.F.2.KL.2009  0.04865356 -0.18416670 -0.04200800  0.26726931
A0427.10318.F.3.KL.2009 -0.04808451 -0.26785140 -0.20667698  0.12810404
A0744.10462.F.1.KL.2009 -0.07363150 -0.13737055 -0.39782743  0.16588625
A0402.10391.F.2.KL.2009  0.30213093  0.27887081  0.27250679  0.11784738
A0454.10265.F.4.KL.2009 -0.25531876  0.07980803  0.05413607  0.20029813
A0694.10184.F.3.KL.2009  0.26923895 -0.11510489 -0.07696977 -0.03448454
A0644.10317.F.3.KL.2009  0.33355733  0.15688728  0.17660774  0.09351199
A0704.10140.F.4.KL.2009 -0.15985722  0.47713037 -0.40278932  0.03864138
A0354.10748.F.2.KL.2009  0.19397967 -0.26241240 -0.15294514 -0.29298149
A0498.10183.F.4.KL.2009  0.23872377 -0.18649715 -0.02062322 -0.20533032
A0365.10517.F.2.KL.2009 -0.25597996  0.07112727  0.06407647  0.19382234
                               PCNM5        PCNM6         PCNM7        PCNM8
A0439.11177.F.1.KL.2009 -0.237368693  0.145693517  0.5263434703 -0.084392711
A0021.10265.F.4.KL.2009 -0.038003029 -0.007114357 -0.0032908579  0.040836665
A0680.11176.F.1.KL.2009  0.064005821 -0.462233836 -0.0809313485 -0.208005209
A0455.10137.F.4.KL.2009  0.184888794  0.455942793 -0.0777821221 -0.266502190
A0671.11489.F.2.KL.2009  0.119769605  0.102152447 -0.2184542536 -0.255698122
A0711.10517.F.2.KL.2009 -0.036715000  0.007687546  0.0006366415  0.079698775
A0460.10342.F.2.KL.2009  0.077540395 -0.191664898 -0.1173467346  0.394928917
A0382.10137.F.4.KL.2009 -0.295432186 -0.097749191 -0.0620298141 -0.002258472
A0317.10342.F.2.KL.2009  0.250714223  0.329090995 -0.2481224777 -0.238638706
A0411.10145.F.4.KL.2009 -0.048054700  0.405667800 -0.0726101364  0.319869764
A0423.10342.F.2.KL.2009 -0.441911853  0.008944120 -0.1319691953  0.265345344
A0427.10318.F.3.KL.2009  0.146988298  0.213544800  0.1031630212  0.370570812
A0744.10462.F.1.KL.2009  0.128418843 -0.061870016  0.1385811456 -0.242465193
A0402.10391.F.2.KL.2009  0.413619997 -0.116324096  0.3663482059  0.114046590
A0454.10265.F.4.KL.2009 -0.038003029 -0.007114357 -0.0032908579  0.040836665
A0694.10184.F.3.KL.2009  0.332677997 -0.288590311 -0.3986194453  0.201460487
A0644.10317.F.3.KL.2009 -0.329072093 -0.085628117 -0.0734941758 -0.028953289
A0704.10140.F.4.KL.2009 -0.007400994 -0.240579881  0.0229788706 -0.250387385
A0354.10748.F.2.KL.2009 -0.306797084  0.008211601 -0.1334151622 -0.313043245
A0498.10183.F.4.KL.2009  0.096849686 -0.125754104  0.4626685848 -0.016948275
A0365.10517.F.2.KL.2009 -0.036715000  0.007687546  0.0006366415  0.079698775
                                PCNM9        PCNM10        PCNM11
A0439.11177.F.1.KL.2009  0.0126172369 -0.0007010929 -1.127195e-03
A0021.10265.F.4.KL.2009  0.0111990642  0.4812840622 -1.387988e-01
A0680.11176.F.1.KL.2009  0.0023014451 -0.1549549353 -4.767364e-01
A0455.10137.F.4.KL.2009  0.0005112037 -0.0107779343 -1.326078e-04
A0671.11489.F.2.KL.2009  0.0008639461 -0.0093200375  1.090017e-04
A0711.10517.F.2.KL.2009 -0.0144651119 -0.4773849716  1.387344e-01
A0460.10342.F.2.KL.2009 -0.0174261717  0.1545343074  4.765943e-01
A0382.10137.F.4.KL.2009  0.7063206992 -0.0242987702 -6.082223e-04
A0317.10342.F.2.KL.2009  0.0177736988  0.0174674257  1.090700e-03
A0411.10145.F.4.KL.2009  0.0087421321  0.0147608167 -3.091601e-04
A0423.10342.F.2.KL.2009  0.0276981409  0.0181120755 -2.829305e-03
A0427.10318.F.3.KL.2009 -0.0322018231 -0.1312654746 -4.835973e-01
A0744.10462.F.1.KL.2009  0.0037674937  0.1139467788  4.844006e-01
A0402.10391.F.2.KL.2009 -0.0190385261  0.0017111448  3.720705e-03
A0454.10265.F.4.KL.2009  0.0111990642  0.4812840622 -1.387988e-01
A0694.10184.F.3.KL.2009 -0.0010857099  0.0010411025 -2.885499e-04
A0644.10317.F.3.KL.2009 -0.7052528009  0.0142240267  3.948039e-04
A0704.10140.F.4.KL.2009  0.0001307734 -0.0142524818  7.491097e-05
A0354.10748.F.2.KL.2009 -0.0024594110 -0.0187064305  2.856077e-03
A0498.10183.F.4.KL.2009  0.0032697681  0.0206812977 -3.483375e-03
A0365.10517.F.2.KL.2009 -0.0144651119 -0.4773849716  1.387344e-01
                              PCNM1       PCNM2       PCNM3        PCNM4
A0896.11489.F.2.KL.2009 -0.09120194 -0.26721392  0.13031154  0.388724152
A0800.11177.F.1.KL.2009 -0.12792496  0.03343361 -0.15349781  0.222365413
A0784.10408.F.2.KL.2009 -0.08620589  0.50481682 -0.11780285  0.001303069
A0958.11176.F.1.KL.2009 -0.12366030  0.02238947 -0.19456054 -0.350316546
A0922.10265.F.4.KL.2009 -0.09085576 -0.27279989  0.09080224 -0.115182666
A0538.10145.F.4.KL.2009  0.49232860  0.06684045  0.12620698 -0.004921199
A0980.10342.F.2.KL.2009 -0.17248609  0.11552556  0.45972068  0.075874669
A0817.11171.F.1.KL.2009 -0.08620589  0.50481682 -0.11780285  0.001303069
A0937.10145.F.4.KL.2009  0.49232860  0.06684045  0.12620698 -0.004921199
A0978.10746.F.2.KL.2009 -0.08576498 -0.27111075  0.05844087 -0.571522753
A0626.10145.F.4.KL.2009  0.49232860  0.06684045  0.12620698 -0.004921199
A0909.11489.F.2.KL.2009 -0.09120194 -0.26721392  0.13031154  0.388724152
A0983.10177.M.4.KL.2009 -0.12792496  0.03343361 -0.15349781  0.222365413
A0841.10121.M.4.KL.2009 -0.12792496  0.03343361 -0.15349781  0.222365413
A0681.10121.M.4.KL.2009 -0.17162071  0.12553318  0.44581776 -0.158700283
A0555.10724.M.2.KL.2009  0.24911957 -0.27785270 -0.53662624  0.030877815
A0964.11176.F.1.KL.2009 -0.12522586  0.02079766 -0.18476261 -0.202253982
A0805.11176.F.1.KL.2009 -0.12704539  0.03428936 -0.17277931 -0.025980674
A0727.10265.F.4.KL.2009 -0.09085576 -0.27279989  0.09080224 -0.115182666
                                PCNM5
A0896.11489.F.2.KL.2009  0.1247563092
A0800.11177.F.1.KL.2009 -0.1474861121
A0784.10408.F.2.KL.2009  0.0083221810
A0958.11176.F.1.KL.2009  0.3113981330
A0922.10265.F.4.KL.2009 -0.0488705365
A0538.10145.F.4.KL.2009  0.0007117051
A0980.10342.F.2.KL.2009  0.4270357064
A0817.11171.F.1.KL.2009  0.0083221810
A0937.10145.F.4.KL.2009  0.0007117051
A0978.10746.F.2.KL.2009 -0.1626824637
A0626.10145.F.4.KL.2009  0.0007117051
A0909.11489.F.2.KL.2009  0.1247563092
A0983.10177.M.4.KL.2009 -0.1474861121
A0841.10121.M.4.KL.2009 -0.1474861121
A0681.10121.M.4.KL.2009 -0.4285686618
A0555.10724.M.2.KL.2009 -0.0073616203
A0964.11176.F.1.KL.2009  0.5135115555
A0805.11176.F.1.KL.2009 -0.3814253354
A0727.10265.F.4.KL.2009 -0.0488705365
                              PCNM1       PCNM2        PCNM3       PCNM4
A0572.11489.F.2.KL.2009 -0.37533875  0.04879990 -0.489092474  0.09802188
A0828.11176.F.1.KL.2009 -0.05193083  0.23043278  0.017786700  0.25292426
A1207.10265.F.4.KL.2009 -0.06653588  0.23471219  0.003740762  0.19133752
A1071.10746.F.2.KL.2009  0.18900197  0.31859945  0.484979665 -0.38569778
A0863.11177.F.1.KL.2009 -0.41485355 -0.24882175  0.006462603  0.20800901
A1053.11171.F.1.KL.2009 -0.13865827 -0.67759126  0.508188472  0.03710906
A0792.10517.F.2.KL.2009 -0.32102598  0.19042971 -0.025300606 -0.65511483
A0879.10285.F.2.KL.2009  0.41839250  0.04175301  0.002761719  0.21619624
A1086.10285.F.2.KL.2009  0.41839250  0.04175301  0.002761719  0.21619624
A1155.10145.F.4.KL.2009  0.40909216 -0.41477922 -0.516029321 -0.37031914
A0591.10265.F.4.KL.2009 -0.06653588  0.23471219  0.003740762  0.19133752
                               PCNM5
A0572.11489.F.2.KL.2009  0.055089123
A0828.11176.F.1.KL.2009 -0.803297095
A1207.10265.F.4.KL.2009  0.413862794
A1071.10746.F.2.KL.2009  0.008955055
A0863.11177.F.1.KL.2009 -0.053911361
A1053.11171.F.1.KL.2009  0.039494394
A0792.10517.F.2.KL.2009 -0.062499012
A0879.10285.F.2.KL.2009  0.006288942
A1086.10285.F.2.KL.2009  0.006288942
A1155.10145.F.4.KL.2009 -0.024134577
A0591.10265.F.4.KL.2009  0.413862794
                               PCNM1        PCNM2        PCNM3        PCNM4
A1109.10182.F.4.KL.2009 -0.162939005  0.008982237 -0.348275063  0.105134668
A1074.10686.F.2.KL.2009 -0.252206238  0.156025145 -0.071601984 -0.027541179
A1323.11176.F.1.KL.2009 -0.051503155  0.260414955  0.147448483 -0.231958227
A1016.10374.F.2.KL.2009 -0.252206238  0.156025145 -0.071601984 -0.027541179
A1085.10746.F.2.KL.2009 -0.142303675  0.107191412 -0.063685665 -0.113678527
A1578.11171.F.1.KL.2009 -0.004604112 -0.340070566 -0.018172483 -0.149101318
A1116.10517.F.2.KL.2009  0.250026956  0.074670535 -0.056913560  0.127165577
A1126.11171.F.1.KL.2009  0.051448584 -0.259699995 -0.039563514 -0.440209814
A1124.11489.F.2.KL.2009  0.250026956  0.074670535 -0.056913560  0.127165577
A1341.10686.F.2.KL.2009 -0.252924963  0.155309842 -0.074822922 -0.025065254
A1678.11171.F.1.KL.2009 -0.004604112 -0.340070566 -0.018172483 -0.149101318
A1001.10759.F.1.KL.2009 -0.019215756 -0.238441000  0.091272847  0.308391420
A1175.10746.F.2.KL.2009 -0.195889444  0.112999111 -0.291050611 -0.022754846
A1699.10391.F.2.KL.2009 -0.008839839 -0.237982133 -0.013428741 -0.063215279
A1037.10342.F.2.KL.2009  0.228102823  0.034513688 -0.030254334 -0.271618590
A1719.10754.F.1.KL.2009 -0.050648321 -0.104799254  0.199916316  0.107622303
A1320.10517.F.2.KL.2009  0.234898877  0.156250263  0.007645706  0.037102091
A1383.10318.F.3.KL.2009  0.054505126 -0.146289276 -0.032073607 -0.358520564
A1014.10461.F.1.KL.2009 -0.011626785 -0.219959016  0.028232903  0.256114027
A1689.11177.F.1.KL.2009  0.228102823  0.034513688 -0.030254334 -0.271618590
A1376.10182.F.4.KL.2009 -0.162939005  0.008982237 -0.348275063  0.105134668
A1113.10375.F.2.KL.2009  0.250658880  0.074149428 -0.057172043  0.118580171
A1023.11489.F.2.KL.2009  0.201853678  0.063233686 -0.044011066  0.279972571
A1132.10285.F.2.KL.2009 -0.175046286  0.076844674  0.343704907  0.008110658
A1090.10285.F.2.KL.2009 -0.175046286  0.076844674  0.343704907  0.008110658
A1202.10517.F.2.KL.2009  0.234898877  0.156250263  0.007645706  0.037102091
A1022.10517.F.2.KL.2009  0.234898877  0.156250263  0.007645706  0.037102091
A1219.10517.F.2.KL.2009  0.234898877  0.156250263  0.007645706  0.037102091
A1011.10374.F.2.KL.2009 -0.100424994  0.250237079  0.157589631 -0.076830315
A1127.11171.F.1.KL.2009 -0.072184540 -0.105541473  0.296615609  0.179090270
A1284.10377.F.2.KL.2009 -0.169633999  0.094255343  0.301822737 -0.023520671
A1137.10130.F.4.KL.2009 -0.014022551 -0.129296491  0.053952358  0.103014298
A1270.10182.F.4.KL.2009 -0.162939005  0.008982237 -0.348275063  0.105134668
A1706.10140.F.4.KL.2009 -0.012573027 -0.331696931  0.019674554  0.165125773
                               PCNM5        PCNM6         PCNM7        PCNM8
A1109.10182.F.4.KL.2009  0.163718874 -0.028265936 -1.023845e-01  0.126042464
A1074.10686.F.2.KL.2009 -0.011825732 -0.005374877 -5.830205e-02  0.031428585
A1323.11176.F.1.KL.2009 -0.193843523  0.138241492  1.141910e-01  0.187967118
A1016.10374.F.2.KL.2009 -0.011825732 -0.005374877 -5.830205e-02  0.031428585
A1085.10746.F.2.KL.2009 -0.273752324  0.100763414  3.110443e-01 -0.535501648
A1578.11171.F.1.KL.2009 -0.256198846 -0.245550181 -1.136985e-01  0.066331570
A1116.10517.F.2.KL.2009  0.064429133 -0.072479399 -9.141696e-02 -0.084570674
A1126.11171.F.1.KL.2009  0.119616939  0.031589531 -6.749461e-02 -0.064776296
A1124.11489.F.2.KL.2009  0.064429133 -0.072479399 -9.141696e-02 -0.084570674
A1341.10686.F.2.KL.2009 -0.006826961 -0.007013390 -6.264518e-02  0.038137552
A1678.11171.F.1.KL.2009 -0.256198846 -0.245550181 -1.136985e-01  0.066331570
A1001.10759.F.1.KL.2009 -0.037918670  0.446337274  1.065514e-02 -0.141673851
A1175.10746.F.2.KL.2009 -0.109136831  0.068181072  1.652983e-01 -0.201290300
A1699.10391.F.2.KL.2009 -0.196994643 -0.329064342 -9.803963e-02 -0.177722375
A1037.10342.F.2.KL.2009  0.168582531  0.178633884 -9.021856e-06  0.095750562
A1719.10754.F.1.KL.2009  0.316260166 -0.288378431  4.602375e-01  0.136730494
A1320.10517.F.2.KL.2009 -0.099503456 -0.016827111  1.643223e-02  0.090518918
A1383.10318.F.3.KL.2009  0.300456453  0.230762763  4.217787e-02 -0.177489912
A1014.10461.F.1.KL.2009 -0.098570280  0.393513809  1.544727e-01  0.195634388
A1689.11177.F.1.KL.2009  0.168582531  0.178633884 -9.021856e-06  0.095750562
A1376.10182.F.4.KL.2009  0.163718874 -0.028265936 -1.023845e-01  0.126042464
A1113.10375.F.2.KL.2009  0.069926660 -0.064940367 -9.033572e-02 -0.074825279
A1023.11489.F.2.KL.2009 -0.045706407 -0.205925544 -9.100783e-02 -0.248060553
A1132.10285.F.2.KL.2009  0.134157291 -0.100342272 -8.638663e-02  0.120132573
A1090.10285.F.2.KL.2009  0.134157291 -0.100342272 -8.638663e-02  0.120132573
A1202.10517.F.2.KL.2009 -0.099503456 -0.016827111  1.643223e-02  0.090518918
A1022.10517.F.2.KL.2009 -0.099503456 -0.016827111  1.643223e-02  0.090518918
A1219.10517.F.2.KL.2009 -0.099503456 -0.016827111  1.643223e-02  0.090518918
A1011.10374.F.2.KL.2009 -0.308894415  0.003588523  1.191800e-01  0.010923135
A1127.11171.F.1.KL.2009  0.193223062  0.134159561 -3.136079e-01 -0.403314801
A1284.10377.F.2.KL.2009  0.028153004  0.009045111 -2.964749e-01  0.004872444
A1137.10130.F.4.KL.2009  0.227889976 -0.212666228  5.400260e-01 -0.070441650
A1270.10182.F.4.KL.2009  0.163718874 -0.028265936 -1.023845e-01  0.126042464
A1706.10140.F.4.KL.2009 -0.275313755  0.194137695  4.337370e-02  0.322483236
                                PCNM9      PCNM10      PCNM11       PCNM12
A1109.10182.F.4.KL.2009  0.1001968041 -0.08345880  0.00079138  0.023100263
A1074.10686.F.2.KL.2009 -0.1241648005  0.10535144 -0.02267002 -0.072439810
A1323.11176.F.1.KL.2009  0.2344730028  0.09954332  0.12183680 -0.036252904
A1016.10374.F.2.KL.2009 -0.1241648005  0.10535144 -0.02267002 -0.072439810
A1085.10746.F.2.KL.2009 -0.1891403003  0.25242799  0.15821264  0.031369093
A1578.11171.F.1.KL.2009 -0.0360128534 -0.04932218  0.15861083 -0.008096134
A1116.10517.F.2.KL.2009 -0.1437780555  0.22329449  0.09084207 -0.046239932
A1126.11171.F.1.KL.2009 -0.2402687543 -0.29024235  0.10390405  0.035246766
A1124.11489.F.2.KL.2009 -0.1437780555  0.22329449  0.09084207 -0.046239932
A1341.10686.F.2.KL.2009 -0.1216265385  0.10214390 -0.02311423 -0.065883106
A1678.11171.F.1.KL.2009 -0.0360128534 -0.04932218  0.15861083 -0.008096134
A1001.10759.F.1.KL.2009  0.1838084446 -0.06789385  0.07034081  0.102667495
A1175.10746.F.2.KL.2009  0.1230248412 -0.09337005  0.16037223  0.176504213
A1699.10391.F.2.KL.2009  0.4831847712  0.35808670 -0.47140753  0.075458427
A1037.10342.F.2.KL.2009  0.1120486404  0.17398690  0.09554919 -0.023240719
A1719.10754.F.1.KL.2009 -0.0412204156  0.06589004  0.07073906  0.363507495
A1320.10517.F.2.KL.2009  0.1043865871 -0.15052965 -0.02485451  0.035878572
A1383.10318.F.3.KL.2009 -0.1518988827 -0.12599637 -0.45358580  0.067974579
A1014.10461.F.1.KL.2009 -0.1268832859  0.18042011 -0.40089866 -0.020723428
A1689.11177.F.1.KL.2009  0.1120486404  0.17398690  0.09554919 -0.023240719
A1376.10182.F.4.KL.2009  0.1001968041 -0.08345880  0.00079138  0.023100263
A1113.10375.F.2.KL.2009 -0.1278629243  0.25192829  0.11141472 -0.053533026
A1023.11489.F.2.KL.2009 -0.3727404007 -0.25057458 -0.23081786  0.052298982
A1132.10285.F.2.KL.2009 -0.0943958240  0.07949142  0.00690951  0.222569845
A1090.10285.F.2.KL.2009 -0.0943958240  0.07949142  0.00690951  0.222569845
A1202.10517.F.2.KL.2009  0.1043865871 -0.15052965 -0.02485451  0.035878572
A1022.10517.F.2.KL.2009  0.1043865871 -0.15052965 -0.02485451  0.035878572
A1219.10517.F.2.KL.2009  0.1043865871 -0.15052965 -0.02485451  0.035878572
A1011.10374.F.2.KL.2009 -0.0001711753 -0.37626956 -0.19359486  0.075021855
A1127.11171.F.1.KL.2009  0.3084073728 -0.18222655  0.27195194  0.059850086
A1284.10377.F.2.KL.2009 -0.0475174001 -0.01501119 -0.11289946 -0.553293404
A1137.10130.F.4.KL.2009  0.1543732921 -0.15364916  0.04713741 -0.600139336
A1270.10182.F.4.KL.2009  0.1001968041 -0.08345880  0.00079138  0.023100263
A1706.10140.F.4.KL.2009 -0.2134726214  0.03168417  0.20896947 -0.067995363
                               PCNM13        PCNM14        PCNM15        PCNM16
A1109.10182.F.4.KL.2009  4.905628e-05  7.361224e-05  1.197193e-03 -6.549269e-04
A1074.10686.F.2.KL.2009 -2.021305e-03 -1.182506e-02  3.730989e-01 -1.656045e-01
A1323.11176.F.1.KL.2009 -9.319822e-03 -2.761080e-01  1.853786e-01  4.364989e-01
A1016.10374.F.2.KL.2009 -2.021305e-03 -1.182506e-02  3.730989e-01 -1.656045e-01
A1085.10746.F.2.KL.2009 -2.365126e-04 -4.817139e-03 -8.697717e-03  1.122864e-02
A1578.11171.F.1.KL.2009 -1.061924e-02 -1.622620e-04 -2.462657e-05 -3.156796e-05
A1116.10517.F.2.KL.2009 -3.692084e-03 -2.779472e-01 -1.507480e-01 -3.243179e-01
A1126.11171.F.1.KL.2009 -4.979969e-01 -3.907784e-03  3.753623e-04  8.530592e-04
A1124.11489.F.2.KL.2009 -3.692084e-03 -2.779472e-01 -1.507480e-01 -3.243179e-01
A1341.10686.F.2.KL.2009 -1.474694e-03  2.101881e-02 -7.462929e-01  3.298677e-01
A1678.11171.F.1.KL.2009 -1.061924e-02 -1.622620e-04 -2.462657e-05 -3.156796e-05
A1001.10759.F.1.KL.2009 -5.510994e-03 -4.326547e-03  2.018966e-03  3.146212e-03
A1175.10746.F.2.KL.2009  1.473892e-03  4.311949e-04  7.280378e-03 -2.691647e-03
A1699.10391.F.2.KL.2009  1.684059e-02 -1.287176e-03 -4.190956e-04 -9.290837e-04
A1037.10342.F.2.KL.2009 -3.728865e-04 -4.255304e-03 -5.839495e-04 -3.061323e-04
A1719.10754.F.1.KL.2009 -2.294366e-05 -1.335445e-03  4.694582e-03  1.692373e-04
A1320.10517.F.2.KL.2009  1.574920e-04  1.607378e-03 -8.855467e-04 -3.666860e-04
A1383.10318.F.3.KL.2009  5.055975e-01  1.079905e-02  3.144346e-04 -1.224807e-03
A1014.10461.F.1.KL.2009 -4.911369e-01 -9.492157e-04 -2.099899e-03 -3.257833e-03
A1689.11177.F.1.KL.2009 -3.728865e-04 -4.255304e-03 -5.839495e-04 -3.061323e-04
A1376.10182.F.4.KL.2009  4.905628e-05  7.361224e-05  1.197193e-03 -6.549269e-04
A1113.10375.F.2.KL.2009 -1.576922e-02  7.968917e-01  1.121221e-01  1.983995e-01
A1023.11489.F.2.KL.2009  1.922293e-02 -2.378499e-01  1.946384e-01  4.538696e-01
A1132.10285.F.2.KL.2009  5.795134e-05 -3.426585e-06 -4.305359e-05 -7.085981e-06
A1090.10285.F.2.KL.2009  5.795134e-05 -3.426585e-06 -4.305359e-05 -7.085981e-06
A1202.10517.F.2.KL.2009  1.574920e-04  1.607378e-03 -8.855467e-04 -3.666860e-04
A1022.10517.F.2.KL.2009  1.574920e-04  1.607378e-03 -8.855467e-04 -3.666860e-04
A1219.10517.F.2.KL.2009  1.574920e-04  1.607378e-03 -8.855467e-04 -3.666860e-04
A1011.10374.F.2.KL.2009  9.560059e-03  2.769053e-01 -1.848540e-01 -4.357799e-01
A1127.11171.F.1.KL.2009  1.456562e-03 -1.640541e-04 -1.540004e-07 -3.311824e-06
A1284.10377.F.2.KL.2009 -5.690643e-05  2.788853e-03 -2.384295e-03 -4.108636e-03
A1137.10130.F.4.KL.2009 -3.856317e-03 -2.530128e-04 -5.121127e-03 -1.155840e-03
A1270.10182.F.4.KL.2009  4.905628e-05  7.361224e-05  1.197193e-03 -6.549269e-04
A1706.10140.F.4.KL.2009  5.037476e-01  3.899543e-03 -4.015441e-04 -9.158700e-04
                               PCNM1       PCNM2       PCNM3        PCNM4
A1710.10391.F.2.KL.2009  0.319792802  0.14980949 -0.18136744 -0.441564360
A1614.10754.F.1.KL.2009 -0.087227624  0.30016768  0.38935634 -0.017861650
A1629.10746.F.2.KL.2009 -0.181281389 -0.08404232 -0.22370066 -0.004358792
A1890.10130.F.4.KL.2009  0.009758756  0.25721885  0.52041007 -0.057995405
A1749.10746.F.2.KL.2009 -0.196310355 -0.01227327 -0.27642169  0.032031503
A1625.10374.F.2.KL.2009 -0.184467488 -0.08377719 -0.22419382 -0.004723598
A1335.11177.F.1.KL.2009  0.388001217  0.11391339 -0.10639263  0.117372829
A1533.10759.F.1.KL.2009  0.261759252  0.11354657 -0.07230474  0.750883841
A1747.10182.F.4.KL.2009 -0.175528219  0.26270403  0.09967855  0.002447276
A1617.10686.F.2.KL.2009 -0.211972471  0.04660347 -0.13214649  0.019147180
A1970.10818.F.1.KL.2009  0.355277898  0.16988504 -0.20373700  0.139093725
A1652.10375.F.2.KL.2009 -0.006843202 -0.34624646 -0.05379917 -0.003884385
A1672.11489.F.2.KL.2009  0.085768893 -0.35927622  0.14531088 -0.052202816
A1613.10285.F.2.KL.2009 -0.207003288  0.16333836  0.08861610 -0.019153288
A1732.11150.F.0.KL.2009  0.198428819 -0.30717197  0.28108740  0.036022992
A1712.10285.F.2.KL.2009 -0.207955515  0.11206441 -0.10175332  0.020419405
A1876.10285.F.2.KL.2009 -0.207003288  0.16333836  0.08861610 -0.019153288
A1586.10140.F.4.KL.2009 -0.101381513 -0.26332014 -0.02166710 -0.014837280
A1342.10391.F.2.KL.2009  0.319792802  0.14980949 -0.18136744 -0.441564360
A1660.10318.F.3.KL.2009  0.141747897 -0.32957490  0.31958966 -0.044429427
A1661.10140.F.4.KL.2009 -0.101381513 -0.26332014 -0.02166710 -0.014837280
A1513.10686.F.2.KL.2009 -0.211972471  0.04660347 -0.13214649  0.019147180
                               PCNM5        PCNM6        PCNM7       PCNM8
A1710.10391.F.2.KL.2009  0.011053298  0.002820872 -0.036298659  0.05530041
A1614.10754.F.1.KL.2009  0.171306644 -0.336248092 -0.368926717 -0.07262696
A1629.10746.F.2.KL.2009 -0.324249728  0.109938098 -0.077283893 -0.14543678
A1890.10130.F.4.KL.2009 -0.305510954  0.133745008  0.275224407  0.24642917
A1749.10746.F.2.KL.2009 -0.003726054 -0.035153245  0.487293992  0.16063851
A1625.10374.F.2.KL.2009 -0.308672264  0.125579624 -0.081835673 -0.14106520
A1335.11177.F.1.KL.2009  0.140285670  0.002728744  0.281935743 -0.42855940
A1533.10759.F.1.KL.2009 -0.058901745  0.043211571 -0.089222794  0.12352226
A1747.10182.F.4.KL.2009 -0.317425234 -0.166351550  0.129644082 -0.31050218
A1617.10686.F.2.KL.2009  0.149231770 -0.335986082 -0.068607616  0.04348910
A1970.10818.F.1.KL.2009 -0.043032273  0.048648869 -0.201490994  0.31290155
A1652.10375.F.2.KL.2009 -0.188292739 -0.511575583  0.139238485  0.20825325
A1672.11489.F.2.KL.2009 -0.410154858  0.160309330 -0.381517448 -0.19335527
A1613.10285.F.2.KL.2009  0.085135349  0.286647005  0.098799330  0.11181391
A1732.11150.F.0.KL.2009  0.230735379 -0.044777538  0.307310604 -0.42328300
A1712.10285.F.2.KL.2009  0.322022954  0.172211003 -0.301581882 -0.27579192
A1876.10285.F.2.KL.2009  0.085135349  0.286647005  0.098799330  0.11181391
A1586.10140.F.4.KL.2009  0.240982570  0.219652754 -0.000234364  0.12479641
A1342.10391.F.2.KL.2009  0.011053298  0.002820872 -0.036298659  0.05530041
A1660.10318.F.3.KL.2009  0.122809229 -0.048535338 -0.106105293  0.26807629
A1661.10140.F.4.KL.2009  0.240982570  0.219652754 -0.000234364  0.12479641
A1513.10686.F.2.KL.2009  0.149231770 -0.335986082 -0.068607616  0.04348910
                               PCNM9        PCNM10
A1710.10391.F.2.KL.2009  0.009098622 -5.449018e-06
A1614.10754.F.1.KL.2009 -0.138140017 -5.846466e-03
A1629.10746.F.2.KL.2009 -0.071925661 -7.071973e-01
A1890.10130.F.4.KL.2009 -0.150078629  8.303926e-04
A1749.10746.F.2.KL.2009  0.313673810 -3.229671e-03
A1625.10374.F.2.KL.2009 -0.083839125  7.066866e-01
A1335.11177.F.1.KL.2009 -0.184155652  2.647555e-05
A1533.10759.F.1.KL.2009  0.009287261 -6.238327e-05
A1747.10182.F.4.KL.2009  0.486146406  1.508061e-02
A1617.10686.F.2.KL.2009 -0.165557408  1.165571e-03
A1970.10818.F.1.KL.2009  0.079738204  1.118671e-03
A1652.10375.F.2.KL.2009 -0.161518412  8.929363e-03
A1672.11489.F.2.KL.2009 -0.105387008  1.090778e-04
A1613.10285.F.2.KL.2009 -0.160826510 -4.318062e-03
A1732.11150.F.0.KL.2009 -0.065184500  5.273504e-05
A1712.10285.F.2.KL.2009  0.328121031 -2.423270e-03
A1876.10285.F.2.KL.2009 -0.160826510 -4.318062e-03
A1586.10140.F.4.KL.2009 -0.085281002 -5.366870e-03
A1342.10391.F.2.KL.2009  0.009098622 -5.449018e-06
A1660.10318.F.3.KL.2009  0.548394889  2.974745e-03
A1661.10140.F.4.KL.2009 -0.085281002 -5.366870e-03
A1513.10686.F.2.KL.2009 -0.165557408  1.165571e-03
[1] "Acessing PCNM scores"
[1] "Analysis for Core OTUs"
[1] "Variance partitioning - Core OTUs"
There were 12 warnings (use warnings() to see them)
$`Month 3`

Partition of variance in RDA 

Call: (function (Y, X, ..., data, chisquare = FALSE, transfo, scale =
FALSE, add = FALSE, sqrt.dist = FALSE, permutations = 1000) { if
(missing(data)) data <- parent.frame() X <- list(X, ...)  if
((length(X) < 2 || length(X) > 4)) stop("needs two to four explanatory
tables") if (inherits(Y, "dist")) { inert <- attr(Y, "method") inert <-
paste(paste0(toupper(substring(inert, 1, 1)), substring(inert, 2)),
"distance") if (sqrt.dist) Y <- sqrt(Y) else inert <- paste("squared",
inert) if (is.logical(add) && isTRUE(add)) add <- "lingoes" if
(is.character(add)) { add <- match.arg(add, c("lingoes", "cailliez"))
if (add == "lingoes") { ac <- addLingoes(as.matrix(Y)) Y <- sqrt(Y^2 +
2 * ac) } else if (add == "cailliez") { ac <- addCailliez(as.matrix(Y))
Y <- Y + ac } if (ac > sqrt(.Machine$double.eps)) inert <-
paste(paste0(toupper(substring(add, 1, 1)), substring(add, 2)),
"adjusted", inert) } RDA <- "dbRDA" if (!missing(transfo) ||
!missing(scale)) message("arguments 'transfo' and 'scale' are ignored
with distances") } else if (chisquare) { inert = "Chi-square" RDA =
"CCA" permutations = getPermuteMatrix(permutations, nrow(Y)) } else {
inert <- "variance" RDA <- "RDA" if (!missing(transfo)) { Y <-
decostand(Y, transfo) transfo <- attr(Y, "decostand") } if
(!missing(transfo) && (is.null(dim(Y)) || ncol(Y) == 1))
warning("transformations are probably meaningless with a single
variable") if (scale && !missing(transfo)) warning("Y should not be
both transformed and scaled (standardized)") Y <- scale(Y, center =
TRUE, scale = scale) } Sets <- list() for (i in seq_along(X)) { if
(is.data.frame(X[[i]]) || is.factor(X[[i]])) { mf <-
as.data.frame(X[[i]]) mf <- model.matrix(~., mf) Sets[[i]] <- mf[, -1,
drop = FALSE] } else if (inherits(X[[i]], "formula")) { mf <-
model.frame(X[[i]], data, na.action = na.fail, drop.unused.levels =
TRUE) trms <- attr(mf, "terms") Sets[[i]] <- model.matrix(trms, mf) if
(any(colnames(Sets[[i]]) == "(Intercept)")) { xint <-
which(colnames(Sets[[i]]) == "(Intercept)") Sets[[i]] <- (Sets[[i]])[,
-xint, drop = FALSE] } } else Sets[[i]] <- as.matrix(X[[i]]) Sets[[i]]
<- scale(Sets[[i]], center = TRUE, scale = TRUE) } out <- list()
out$part <- switch(length(Sets), NULL, varpart2(Y, Sets[[1]],
Sets[[2]], chisquare, permutations), varpart3(Y, Sets[[1]], Sets[[2]],
Sets[[3]], chisquare, permutations), varpart4(Y, Sets[[1]], Sets[[2]],
Sets[[3]], Sets[[4]], chisquare, permutations)) if (inherits(Y,
"dist")) { out$part$ordination <- "dbrda" } else { if (chisquare)
out$part$ordination <- "cca" else { out$part$ordination <- "rda" } } if
(RDA == "RDA") { out$scale <- scale if (!missing(transfo)) out$transfo
<- transfo } else { if (scale || !missing(transfo)) message("arguments
'scale' and 'transfo' ignored: valid only in RDA") } out$inert <- inert
out$RDA <- RDA out$call <- match.call() mx <- rep(" ", length(X)) for
(i in seq_along(X)) mx[i] <- deparse(out$call[[i + 2]], width.cutoff =
500) out$tables <- mx class(out) <- c("varpart", class(out)) out })(Y =
dots[[1L]][[1L]], X = dots[[2L]][[1L]], ~., data = dots[[3L]][[1L]])

Explanatory tables:
X1:  dots[[2L]][[1L]]
X2:  ~. 

No. of explanatory tables: 2 
Total variation (SS): 6595.5 
            Variance: 412.22 
No. of observations: 17 

Partition table:
                     Df R.squared Adj.R.squared Testable
[a+b] = X1            8   0.51360       0.02721     TRUE
[b+c] = X2            7   0.55668       0.21187     TRUE
[a+b+c] = X1+X2      14   0.84950      -0.20402     TRUE
Individual fractions                                    
[a] = X1|X2           7                -0.41589     TRUE
[b]                   0                 0.44310    FALSE
[c] = X2|X1           6                -0.23122     TRUE
[d] = Residuals                         1.20402    FALSE
---
Use function ‘rda’ to test significance of fractions of interest

$`Month 4`

Partition of variance in RDA 

Call: (function (Y, X, ..., data, chisquare = FALSE, transfo, scale =
FALSE, add = FALSE, sqrt.dist = FALSE, permutations = 1000) { if
(missing(data)) data <- parent.frame() X <- list(X, ...)  if
((length(X) < 2 || length(X) > 4)) stop("needs two to four explanatory
tables") if (inherits(Y, "dist")) { inert <- attr(Y, "method") inert <-
paste(paste0(toupper(substring(inert, 1, 1)), substring(inert, 2)),
"distance") if (sqrt.dist) Y <- sqrt(Y) else inert <- paste("squared",
inert) if (is.logical(add) && isTRUE(add)) add <- "lingoes" if
(is.character(add)) { add <- match.arg(add, c("lingoes", "cailliez"))
if (add == "lingoes") { ac <- addLingoes(as.matrix(Y)) Y <- sqrt(Y^2 +
2 * ac) } else if (add == "cailliez") { ac <- addCailliez(as.matrix(Y))
Y <- Y + ac } if (ac > sqrt(.Machine$double.eps)) inert <-
paste(paste0(toupper(substring(add, 1, 1)), substring(add, 2)),
"adjusted", inert) } RDA <- "dbRDA" if (!missing(transfo) ||
!missing(scale)) message("arguments 'transfo' and 'scale' are ignored
with distances") } else if (chisquare) { inert = "Chi-square" RDA =
"CCA" permutations = getPermuteMatrix(permutations, nrow(Y)) } else {
inert <- "variance" RDA <- "RDA" if (!missing(transfo)) { Y <-
decostand(Y, transfo) transfo <- attr(Y, "decostand") } if
(!missing(transfo) && (is.null(dim(Y)) || ncol(Y) == 1))
warning("transformations are probably meaningless with a single
variable") if (scale && !missing(transfo)) warning("Y should not be
both transformed and scaled (standardized)") Y <- scale(Y, center =
TRUE, scale = scale) } Sets <- list() for (i in seq_along(X)) { if
(is.data.frame(X[[i]]) || is.factor(X[[i]])) { mf <-
as.data.frame(X[[i]]) mf <- model.matrix(~., mf) Sets[[i]] <- mf[, -1,
drop = FALSE] } else if (inherits(X[[i]], "formula")) { mf <-
model.frame(X[[i]], data, na.action = na.fail, drop.unused.levels =
TRUE) trms <- attr(mf, "terms") Sets[[i]] <- model.matrix(trms, mf) if
(any(colnames(Sets[[i]]) == "(Intercept)")) { xint <-
which(colnames(Sets[[i]]) == "(Intercept)") Sets[[i]] <- (Sets[[i]])[,
-xint, drop = FALSE] } } else Sets[[i]] <- as.matrix(X[[i]]) Sets[[i]]
<- scale(Sets[[i]], center = TRUE, scale = TRUE) } out <- list()
out$part <- switch(length(Sets), NULL, varpart2(Y, Sets[[1]],
Sets[[2]], chisquare, permutations), varpart3(Y, Sets[[1]], Sets[[2]],
Sets[[3]], chisquare, permutations), varpart4(Y, Sets[[1]], Sets[[2]],
Sets[[3]], Sets[[4]], chisquare, permutations)) if (inherits(Y,
"dist")) { out$part$ordination <- "dbrda" } else { if (chisquare)
out$part$ordination <- "cca" else { out$part$ordination <- "rda" } } if
(RDA == "RDA") { out$scale <- scale if (!missing(transfo)) out$transfo
<- transfo } else { if (scale || !missing(transfo)) message("arguments
'scale' and 'transfo' ignored: valid only in RDA") } out$inert <- inert
out$RDA <- RDA out$call <- match.call() mx <- rep(" ", length(X)) for
(i in seq_along(X)) mx[i] <- deparse(out$call[[i + 2]], width.cutoff =
500) out$tables <- mx class(out) <- c("varpart", class(out)) out })(Y =
dots[[1L]][[2L]], X = dots[[2L]][[2L]], ~., data = dots[[3L]][[2L]])

Explanatory tables:
X1:  dots[[2L]][[2L]]
X2:  ~. 

No. of explanatory tables: 2 
Total variation (SS): 7519 
            Variance: 375.95 
No. of observations: 21 

Partition table:
                     Df R.squared Adj.R.squared Testable
[a+b] = X1           11   0.57732       0.06072     TRUE
[b+c] = X2           11   0.53989      -0.02247     TRUE
[a+b+c] = X1+X2      20   1.00000                   TRUE
Individual fractions                                    
[a] = X1|X2           9                             TRUE
[b]                   0                            FALSE
[c] = X2|X1           9                             TRUE
[d] = Residuals                                    FALSE
---
Use function ‘rda’ to test significance of fractions of interest

$`Month 5`

Partition of variance in RDA 

Call: (function (Y, X, ..., data, chisquare = FALSE, transfo, scale =
FALSE, add = FALSE, sqrt.dist = FALSE, permutations = 1000) { if
(missing(data)) data <- parent.frame() X <- list(X, ...)  if
((length(X) < 2 || length(X) > 4)) stop("needs two to four explanatory
tables") if (inherits(Y, "dist")) { inert <- attr(Y, "method") inert <-
paste(paste0(toupper(substring(inert, 1, 1)), substring(inert, 2)),
"distance") if (sqrt.dist) Y <- sqrt(Y) else inert <- paste("squared",
inert) if (is.logical(add) && isTRUE(add)) add <- "lingoes" if
(is.character(add)) { add <- match.arg(add, c("lingoes", "cailliez"))
if (add == "lingoes") { ac <- addLingoes(as.matrix(Y)) Y <- sqrt(Y^2 +
2 * ac) } else if (add == "cailliez") { ac <- addCailliez(as.matrix(Y))
Y <- Y + ac } if (ac > sqrt(.Machine$double.eps)) inert <-
paste(paste0(toupper(substring(add, 1, 1)), substring(add, 2)),
"adjusted", inert) } RDA <- "dbRDA" if (!missing(transfo) ||
!missing(scale)) message("arguments 'transfo' and 'scale' are ignored
with distances") } else if (chisquare) { inert = "Chi-square" RDA =
"CCA" permutations = getPermuteMatrix(permutations, nrow(Y)) } else {
inert <- "variance" RDA <- "RDA" if (!missing(transfo)) { Y <-
decostand(Y, transfo) transfo <- attr(Y, "decostand") } if
(!missing(transfo) && (is.null(dim(Y)) || ncol(Y) == 1))
warning("transformations are probably meaningless with a single
variable") if (scale && !missing(transfo)) warning("Y should not be
both transformed and scaled (standardized)") Y <- scale(Y, center =
TRUE, scale = scale) } Sets <- list() for (i in seq_along(X)) { if
(is.data.frame(X[[i]]) || is.factor(X[[i]])) { mf <-
as.data.frame(X[[i]]) mf <- model.matrix(~., mf) Sets[[i]] <- mf[, -1,
drop = FALSE] } else if (inherits(X[[i]], "formula")) { mf <-
model.frame(X[[i]], data, na.action = na.fail, drop.unused.levels =
TRUE) trms <- attr(mf, "terms") Sets[[i]] <- model.matrix(trms, mf) if
(any(colnames(Sets[[i]]) == "(Intercept)")) { xint <-
which(colnames(Sets[[i]]) == "(Intercept)") Sets[[i]] <- (Sets[[i]])[,
-xint, drop = FALSE] } } else Sets[[i]] <- as.matrix(X[[i]]) Sets[[i]]
<- scale(Sets[[i]], center = TRUE, scale = TRUE) } out <- list()
out$part <- switch(length(Sets), NULL, varpart2(Y, Sets[[1]],
Sets[[2]], chisquare, permutations), varpart3(Y, Sets[[1]], Sets[[2]],
Sets[[3]], chisquare, permutations), varpart4(Y, Sets[[1]], Sets[[2]],
Sets[[3]], Sets[[4]], chisquare, permutations)) if (inherits(Y,
"dist")) { out$part$ordination <- "dbrda" } else { if (chisquare)
out$part$ordination <- "cca" else { out$part$ordination <- "rda" } } if
(RDA == "RDA") { out$scale <- scale if (!missing(transfo)) out$transfo
<- transfo } else { if (scale || !missing(transfo)) message("arguments
'scale' and 'transfo' ignored: valid only in RDA") } out$inert <- inert
out$RDA <- RDA out$call <- match.call() mx <- rep(" ", length(X)) for
(i in seq_along(X)) mx[i] <- deparse(out$call[[i + 2]], width.cutoff =
500) out$tables <- mx class(out) <- c("varpart", class(out)) out })(Y =
dots[[1L]][[3L]], X = dots[[2L]][[3L]], ~., data = dots[[3L]][[3L]])

Explanatory tables:
X1:  dots[[2L]][[3L]]
X2:  ~. 

No. of explanatory tables: 2 
Total variation (SS): 6689.1 
            Variance: 371.62 
No. of observations: 19 

Partition table:
                     Df R.squared Adj.R.squared Testable
[a+b] = X1            5   0.25349      -0.03362     TRUE
[b+c] = X2           12   0.72756       0.18269     TRUE
[a+b+c] = X1+X2      17   0.93543      -0.16218     TRUE
Individual fractions                                    
[a] = X1|X2           5                -0.34487     TRUE
[b]                   0                 0.31125    FALSE
[c] = X2|X1          12                -0.12856     TRUE
[d] = Residuals                         1.16218    FALSE
---
Use function ‘rda’ to test significance of fractions of interest

$`Month 6`

Partition of variance in RDA 

Call: (function (Y, X, ..., data, chisquare = FALSE, transfo, scale =
FALSE, add = FALSE, sqrt.dist = FALSE, permutations = 1000) { if
(missing(data)) data <- parent.frame() X <- list(X, ...)  if
((length(X) < 2 || length(X) > 4)) stop("needs two to four explanatory
tables") if (inherits(Y, "dist")) { inert <- attr(Y, "method") inert <-
paste(paste0(toupper(substring(inert, 1, 1)), substring(inert, 2)),
"distance") if (sqrt.dist) Y <- sqrt(Y) else inert <- paste("squared",
inert) if (is.logical(add) && isTRUE(add)) add <- "lingoes" if
(is.character(add)) { add <- match.arg(add, c("lingoes", "cailliez"))
if (add == "lingoes") { ac <- addLingoes(as.matrix(Y)) Y <- sqrt(Y^2 +
2 * ac) } else if (add == "cailliez") { ac <- addCailliez(as.matrix(Y))
Y <- Y + ac } if (ac > sqrt(.Machine$double.eps)) inert <-
paste(paste0(toupper(substring(add, 1, 1)), substring(add, 2)),
"adjusted", inert) } RDA <- "dbRDA" if (!missing(transfo) ||
!missing(scale)) message("arguments 'transfo' and 'scale' are ignored
with distances") } else if (chisquare) { inert = "Chi-square" RDA =
"CCA" permutations = getPermuteMatrix(permutations, nrow(Y)) } else {
inert <- "variance" RDA <- "RDA" if (!missing(transfo)) { Y <-
decostand(Y, transfo) transfo <- attr(Y, "decostand") } if
(!missing(transfo) && (is.null(dim(Y)) || ncol(Y) == 1))
warning("transformations are probably meaningless with a single
variable") if (scale && !missing(transfo)) warning("Y should not be
both transformed and scaled (standardized)") Y <- scale(Y, center =
TRUE, scale = scale) } Sets <- list() for (i in seq_along(X)) { if
(is.data.frame(X[[i]]) || is.factor(X[[i]])) { mf <-
as.data.frame(X[[i]]) mf <- model.matrix(~., mf) Sets[[i]] <- mf[, -1,
drop = FALSE] } else if (inherits(X[[i]], "formula")) { mf <-
model.frame(X[[i]], data, na.action = na.fail, drop.unused.levels =
TRUE) trms <- attr(mf, "terms") Sets[[i]] <- model.matrix(trms, mf) if
(any(colnames(Sets[[i]]) == "(Intercept)")) { xint <-
which(colnames(Sets[[i]]) == "(Intercept)") Sets[[i]] <- (Sets[[i]])[,
-xint, drop = FALSE] } } else Sets[[i]] <- as.matrix(X[[i]]) Sets[[i]]
<- scale(Sets[[i]], center = TRUE, scale = TRUE) } out <- list()
out$part <- switch(length(Sets), NULL, varpart2(Y, Sets[[1]],
Sets[[2]], chisquare, permutations), varpart3(Y, Sets[[1]], Sets[[2]],
Sets[[3]], chisquare, permutations), varpart4(Y, Sets[[1]], Sets[[2]],
Sets[[3]], Sets[[4]], chisquare, permutations)) if (inherits(Y,
"dist")) { out$part$ordination <- "dbrda" } else { if (chisquare)
out$part$ordination <- "cca" else { out$part$ordination <- "rda" } } if
(RDA == "RDA") { out$scale <- scale if (!missing(transfo)) out$transfo
<- transfo } else { if (scale || !missing(transfo)) message("arguments
'scale' and 'transfo' ignored: valid only in RDA") } out$inert <- inert
out$RDA <- RDA out$call <- match.call() mx <- rep(" ", length(X)) for
(i in seq_along(X)) mx[i] <- deparse(out$call[[i + 2]], width.cutoff =
500) out$tables <- mx class(out) <- c("varpart", class(out)) out })(Y =
dots[[1L]][[4L]], X = dots[[2L]][[4L]], ~., data = dots[[3L]][[4L]])

Explanatory tables:
X1:  dots[[2L]][[4L]]
X2:  ~. 

No. of explanatory tables: 2 
Total variation (SS): 3009.6 
            Variance: 300.96 
No. of observations: 11 

Partition table:
                     Df R.squared Adj.R.squared Testable
[a+b] = X1            5   0.49308      -0.01384     TRUE
[b+c] = X2            8   0.83737       0.18686     TRUE
[a+b+c] = X1+X2      10   1.00000                   TRUE
Individual fractions                                    
[a] = X1|X2           2                             TRUE
[b]                   0                            FALSE
[c] = X2|X1           5                             TRUE
[d] = Residuals                                    FALSE
---
Use function ‘rda’ to test significance of fractions of interest

$`Month 7`

Partition of variance in RDA 

Call: (function (Y, X, ..., data, chisquare = FALSE, transfo, scale =
FALSE, add = FALSE, sqrt.dist = FALSE, permutations = 1000) { if
(missing(data)) data <- parent.frame() X <- list(X, ...)  if
((length(X) < 2 || length(X) > 4)) stop("needs two to four explanatory
tables") if (inherits(Y, "dist")) { inert <- attr(Y, "method") inert <-
paste(paste0(toupper(substring(inert, 1, 1)), substring(inert, 2)),
"distance") if (sqrt.dist) Y <- sqrt(Y) else inert <- paste("squared",
inert) if (is.logical(add) && isTRUE(add)) add <- "lingoes" if
(is.character(add)) { add <- match.arg(add, c("lingoes", "cailliez"))
if (add == "lingoes") { ac <- addLingoes(as.matrix(Y)) Y <- sqrt(Y^2 +
2 * ac) } else if (add == "cailliez") { ac <- addCailliez(as.matrix(Y))
Y <- Y + ac } if (ac > sqrt(.Machine$double.eps)) inert <-
paste(paste0(toupper(substring(add, 1, 1)), substring(add, 2)),
"adjusted", inert) } RDA <- "dbRDA" if (!missing(transfo) ||
!missing(scale)) message("arguments 'transfo' and 'scale' are ignored
with distances") } else if (chisquare) { inert = "Chi-square" RDA =
"CCA" permutations = getPermuteMatrix(permutations, nrow(Y)) } else {
inert <- "variance" RDA <- "RDA" if (!missing(transfo)) { Y <-
decostand(Y, transfo) transfo <- attr(Y, "decostand") } if
(!missing(transfo) && (is.null(dim(Y)) || ncol(Y) == 1))
warning("transformations are probably meaningless with a single
variable") if (scale && !missing(transfo)) warning("Y should not be
both transformed and scaled (standardized)") Y <- scale(Y, center =
TRUE, scale = scale) } Sets <- list() for (i in seq_along(X)) { if
(is.data.frame(X[[i]]) || is.factor(X[[i]])) { mf <-
as.data.frame(X[[i]]) mf <- model.matrix(~., mf) Sets[[i]] <- mf[, -1,
drop = FALSE] } else if (inherits(X[[i]], "formula")) { mf <-
model.frame(X[[i]], data, na.action = na.fail, drop.unused.levels =
TRUE) trms <- attr(mf, "terms") Sets[[i]] <- model.matrix(trms, mf) if
(any(colnames(Sets[[i]]) == "(Intercept)")) { xint <-
which(colnames(Sets[[i]]) == "(Intercept)") Sets[[i]] <- (Sets[[i]])[,
-xint, drop = FALSE] } } else Sets[[i]] <- as.matrix(X[[i]]) Sets[[i]]
<- scale(Sets[[i]], center = TRUE, scale = TRUE) } out <- list()
out$part <- switch(length(Sets), NULL, varpart2(Y, Sets[[1]],
Sets[[2]], chisquare, permutations), varpart3(Y, Sets[[1]], Sets[[2]],
Sets[[3]], chisquare, permutations), varpart4(Y, Sets[[1]], Sets[[2]],
Sets[[3]], Sets[[4]], chisquare, permutations)) if (inherits(Y,
"dist")) { out$part$ordination <- "dbrda" } else { if (chisquare)
out$part$ordination <- "cca" else { out$part$ordination <- "rda" } } if
(RDA == "RDA") { out$scale <- scale if (!missing(transfo)) out$transfo
<- transfo } else { if (scale || !missing(transfo)) message("arguments
'scale' and 'transfo' ignored: valid only in RDA") } out$inert <- inert
out$RDA <- RDA out$call <- match.call() mx <- rep(" ", length(X)) for
(i in seq_along(X)) mx[i] <- deparse(out$call[[i + 2]], width.cutoff =
500) out$tables <- mx class(out) <- c("varpart", class(out)) out })(Y =
dots[[1L]][[5L]], X = dots[[2L]][[5L]], ~., data = dots[[3L]][[5L]])

Explanatory tables:
X1:  dots[[2L]][[5L]]
X2:  ~. 

No. of explanatory tables: 2 
Total variation (SS): 8654.6 
            Variance: 262.26 
No. of observations: 34 

Partition table:
                     Df R.squared Adj.R.squared Testable
[a+b] = X1           16   0.52933       0.08635     TRUE
[b+c] = X2           17   0.52868       0.02790     TRUE
[a+b+c] = X1+X2      33   1.00000                   TRUE
Individual fractions                                    
[a] = X1|X2          16                             TRUE
[b]                   0                            FALSE
[c] = X2|X1          17                             TRUE
[d] = Residuals                                    FALSE
---
Use function ‘rda’ to test significance of fractions of interest

$`Month 8`

Partition of variance in RDA 

Call: (function (Y, X, ..., data, chisquare = FALSE, transfo, scale =
FALSE, add = FALSE, sqrt.dist = FALSE, permutations = 1000) { if
(missing(data)) data <- parent.frame() X <- list(X, ...)  if
((length(X) < 2 || length(X) > 4)) stop("needs two to four explanatory
tables") if (inherits(Y, "dist")) { inert <- attr(Y, "method") inert <-
paste(paste0(toupper(substring(inert, 1, 1)), substring(inert, 2)),
"distance") if (sqrt.dist) Y <- sqrt(Y) else inert <- paste("squared",
inert) if (is.logical(add) && isTRUE(add)) add <- "lingoes" if
(is.character(add)) { add <- match.arg(add, c("lingoes", "cailliez"))
if (add == "lingoes") { ac <- addLingoes(as.matrix(Y)) Y <- sqrt(Y^2 +
2 * ac) } else if (add == "cailliez") { ac <- addCailliez(as.matrix(Y))
Y <- Y + ac } if (ac > sqrt(.Machine$double.eps)) inert <-
paste(paste0(toupper(substring(add, 1, 1)), substring(add, 2)),
"adjusted", inert) } RDA <- "dbRDA" if (!missing(transfo) ||
!missing(scale)) message("arguments 'transfo' and 'scale' are ignored
with distances") } else if (chisquare) { inert = "Chi-square" RDA =
"CCA" permutations = getPermuteMatrix(permutations, nrow(Y)) } else {
inert <- "variance" RDA <- "RDA" if (!missing(transfo)) { Y <-
decostand(Y, transfo) transfo <- attr(Y, "decostand") } if
(!missing(transfo) && (is.null(dim(Y)) || ncol(Y) == 1))
warning("transformations are probably meaningless with a single
variable") if (scale && !missing(transfo)) warning("Y should not be
both transformed and scaled (standardized)") Y <- scale(Y, center =
TRUE, scale = scale) } Sets <- list() for (i in seq_along(X)) { if
(is.data.frame(X[[i]]) || is.factor(X[[i]])) { mf <-
as.data.frame(X[[i]]) mf <- model.matrix(~., mf) Sets[[i]] <- mf[, -1,
drop = FALSE] } else if (inherits(X[[i]], "formula")) { mf <-
model.frame(X[[i]], data, na.action = na.fail, drop.unused.levels =
TRUE) trms <- attr(mf, "terms") Sets[[i]] <- model.matrix(trms, mf) if
(any(colnames(Sets[[i]]) == "(Intercept)")) { xint <-
which(colnames(Sets[[i]]) == "(Intercept)") Sets[[i]] <- (Sets[[i]])[,
-xint, drop = FALSE] } } else Sets[[i]] <- as.matrix(X[[i]]) Sets[[i]]
<- scale(Sets[[i]], center = TRUE, scale = TRUE) } out <- list()
out$part <- switch(length(Sets), NULL, varpart2(Y, Sets[[1]],
Sets[[2]], chisquare, permutations), varpart3(Y, Sets[[1]], Sets[[2]],
Sets[[3]], chisquare, permutations), varpart4(Y, Sets[[1]], Sets[[2]],
Sets[[3]], Sets[[4]], chisquare, permutations)) if (inherits(Y,
"dist")) { out$part$ordination <- "dbrda" } else { if (chisquare)
out$part$ordination <- "cca" else { out$part$ordination <- "rda" } } if
(RDA == "RDA") { out$scale <- scale if (!missing(transfo)) out$transfo
<- transfo } else { if (scale || !missing(transfo)) message("arguments
'scale' and 'transfo' ignored: valid only in RDA") } out$inert <- inert
out$RDA <- RDA out$call <- match.call() mx <- rep(" ", length(X)) for
(i in seq_along(X)) mx[i] <- deparse(out$call[[i + 2]], width.cutoff =
500) out$tables <- mx class(out) <- c("varpart", class(out)) out })(Y =
dots[[1L]][[6L]], X = dots[[2L]][[6L]], ~., data = dots[[3L]][[6L]])

Explanatory tables:
X1:  dots[[2L]][[6L]]
X2:  ~. 

No. of explanatory tables: 2 
Total variation (SS): 4567.4 
            Variance: 217.5 
No. of observations: 22 

Partition table:
                     Df R.squared Adj.R.squared Testable
[a+b] = X1           10   0.52650       0.09604     TRUE
[b+c] = X2            9   0.42084      -0.01352     TRUE
[a+b+c] = X1+X2      19   0.91604       0.11846     TRUE
Individual fractions                                    
[a] = X1|X2          10                 0.13199     TRUE
[b]                   0                -0.03595    FALSE
[c] = X2|X1           9                 0.02242     TRUE
[d] = Residuals                         0.88154    FALSE
---
Use function ‘rda’ to test significance of fractions of interest

Warning messages:
1: collinearity detected: redundant variable(s)  between tables X1, X2
results are probably incorrect: remove redundant variable(s) and repeat the analysis 
2: collinearity detected: redundant variable(s)  between tables X1, X2
results are probably incorrect: remove redundant variable(s) and repeat the analysis 
3: collinearity detected: redundant variable(s)  between tables X1, X2
results are probably incorrect: remove redundant variable(s) and repeat the analysis 
Error in pdf(file = "plots/core_KL2009_vp_mod1M.pdf") : 
  cannot open file 'plots/core_KL2009_vp_mod1M.pdf'
Execution halted
