Unloading StdEnv/2020

The following have been reloaded with a version change:
  1) gcccore/.9.3.0 => gcccore/.7.3.0     2) imkl/2020.1.217 => imkl/2018.3.222

[1] "Set up (working directory, theme, and packages)"
Loading required package: permute
Loading required package: lattice
This is vegan 2.5-6
Loading required package: MASS
Loading required package: NADA
Loading required package: survival

Attaching package: ‘NADA’

The following object is masked from ‘package:stats’:

    cor

Loading required package: truncnorm
Loading required package: ALDEx2
Loading required package: car
Loading required package: carData
── Attaching packages ─────────────────────────────────────── tidyverse 1.3.0 ──
✔ ggplot2 3.3.2     ✔ purrr   0.3.4
✔ tibble  3.0.1     ✔ dplyr   1.0.0
✔ tidyr   1.1.0     ✔ stringr 1.4.0
✔ readr   1.3.1     ✔ forcats 0.5.0
── Conflicts ────────────────────────────────────────── tidyverse_conflicts() ──
✖ dplyr::filter() masks stats::filter()
✖ dplyr::lag()    masks stats::lag()
✖ dplyr::recode() masks car::recode()
✖ dplyr::select() masks MASS::select()
✖ purrr::some()   masks car::some()
[1] "Initiate functions for analysis"
[1] "Read in the Data"
[1] "Building phyloseq object"
[1] "Read in the metadata"
[1] "Aitchison transformation"
No. corrected values:  19086552 
[1] "Extract Core"
[1] "Subset the OTU table to find core and non-core OTUs"
[1] "Accessing the XY data by month"
[1] "Months in this Grid"
[1] 5 6 3 4 2
[1] "Computing Euclidean Distances"
[1] "Maximum Euclidean Distance by Month"
$`Month 2`
[1] 23.04886

$`Month 3`
[1] 24.62214

$`Month 4`
[1] 24.23324

$`Month 5`
[1] 25.73908

$`Month 6`
[1] 24.62214

Warning message:
`summarise_each_()` is deprecated as of dplyr 0.7.0.
Please use `across()` instead.
This warning is displayed once every 8 hours.
Call `lifecycle::last_warnings()` to see where this warning was generated. 
[1] "Build the community object (OTU table) for grid/year/month"
[1] "Extract metadata for grid/year/month"
[1] "Removing pobjects that are no longer needed"
[1] "Unweighted PCNM - for use with all OTU tables"
                               PCNM1       PCNM2        PCNM3       PCNM4
A1946.10391.F.3.KL.2010  0.081026971  0.21438055  0.269746174 -0.25829892
A1937.11344.F.1.KL.2010 -0.281012759 -0.08612857 -0.040171603 -0.21214751
A1957.10461.F.2.KL.2010  0.005944339  0.04016361  0.424354726  0.24901878
A1783.11171.F.2.KL.2010  0.169899486  0.31263437 -0.069810201 -0.16085463
A1870.10746.F.3.KL.2010 -0.079886203 -0.22084716  0.075911120 -0.42974850
A0769.10318.F.4.KL.2010  0.252185562  0.04879489 -0.221818501  0.17276903
A0911.11398.M.1.KL.2010 -0.295940068  0.01729321 -0.052635430  0.10835661
A1439.10783.M.1.KL.2010  0.130151633  0.27749326  0.059075435 -0.29820878
A1926.11201.M.2.KL.2010 -0.276681821 -0.05856427 -0.113440626 -0.12928216
A0774.11279.M.2.KL.2010  0.051485417 -0.34132866  0.019440403 -0.23704764
A1781.10784.M.1.KL.2010  0.005946945  0.04017798  0.424488047  0.24908057
A1886.10121.M.5.KL.2010  0.165391745  0.28709277  0.003552746 -0.24049470
A1785.11378.M.1.KL.2010  0.016849924  0.07561707  0.488150964  0.16383397
A1486.11181.M.2.KL.2010  0.130982419 -0.31897269  0.054918735 -0.11434124
A1450.10642.M.3.KL.2010  0.124265500  0.28902920 -0.182608711 -0.03761600
A0772.11282.M.2.KL.2010  0.216343447 -0.21905552 -0.141408882  0.20015000
A1786.10161.M.6.KL.2010 -0.143895432  0.03129321  0.040197343  0.23272112
A0676.10121.M.5.KL.2010  0.247128962  0.15050425 -0.207637327  0.08718741
A1446.10275.M.5.KL.2010  0.029939198  0.15105326 -0.289683734  0.22708137
A0520.11266.M.1.KL.2010  0.211519533 -0.24788930 -0.069246295  0.12123263
A1980.10724.M.3.KL.2010 -0.296793925  0.01671333 -0.052606683  0.10496109
A1758.10285.F.3.KL.2010 -0.256273833  0.08497001 -0.180710874  0.08613677
A0956.11489.F.3.KL.2010  0.165400658 -0.31045053  0.001603810 -0.05432218
A0729.10182.F.5.KL.2010 -0.289292398 -0.02721571 -0.045434623 -0.12683098
A1935.10375.F.3.KL.2010  0.211600449 -0.24823480 -0.069240095  0.12084499
A0502.10828.M.2.KL.2010 -0.296285751  0.04147622 -0.124985919  0.17581890
                               PCNM5       PCNM6       PCNM7        PCNM8
A1946.10391.F.3.KL.2010 -0.191633624 -0.40471687 -0.33803706  0.242448090
A1937.11344.F.1.KL.2010  0.083851351  0.18988232 -0.17739142 -0.015677376
A1957.10461.F.2.KL.2010  0.207682662  0.18220223  0.10595120 -0.103305299
A1783.11171.F.2.KL.2010  0.009386344 -0.15330521  0.10657414  0.146099896
A1870.10746.F.3.KL.2010  0.204702011  0.05745926  0.38451226  0.140368220
A0769.10318.F.4.KL.2010  0.038749208  0.20358583  0.09190635  0.511518984
A0911.11398.M.1.KL.2010 -0.267735118  0.09269465 -0.02969527  0.004842776
A1439.10783.M.1.KL.2010 -0.176299433  0.01476128 -0.06543181 -0.397624600
A1926.11201.M.2.KL.2010  0.251557074 -0.16608940 -0.10629697 -0.008463377
A0774.11279.M.2.KL.2010  0.078303488 -0.13936341 -0.05915306 -0.259729807
A1781.10784.M.1.KL.2010  0.207742759  0.18208774  0.10576339 -0.103126429
A1886.10121.M.5.KL.2010 -0.158808740  0.17940190  0.01949948  0.127361246
A1785.11378.M.1.KL.2010  0.130378466 -0.12987135 -0.18855289  0.149956833
A1486.11181.M.2.KL.2010 -0.065467591 -0.15896488  0.17636458 -0.234822512
A1450.10642.M.3.KL.2010  0.178183343  0.18912321  0.28467629 -0.254220367
A0772.11282.M.2.KL.2010  0.023837134 -0.19701053 -0.16937634 -0.020984834
A1786.10161.M.6.KL.2010 -0.502888527 -0.18853441  0.46598468 -0.088098655
A0676.10121.M.5.KL.2010 -0.010453023  0.21774518 -0.16756978 -0.204757974
A1446.10275.M.5.KL.2010  0.399118186 -0.43444829  0.08541823  0.016397444
A0520.11266.M.1.KL.2010 -0.138487668  0.12788811 -0.23692198 -0.046659197
A1980.10724.M.3.KL.2010 -0.265468519  0.10206852 -0.03818813  0.013256698
A1758.10285.F.3.KL.2010  0.203396330  0.03788441 -0.14742493 -0.149476138
A0956.11489.F.3.KL.2010 -0.051755575 -0.00288717  0.24904908  0.294666366
A0729.10182.F.5.KL.2010  0.042660004  0.30218985 -0.13103123  0.260437467
A1935.10375.F.3.KL.2010 -0.138366353  0.12727231 -0.23699280 -0.048097903
A0502.10828.M.2.KL.2010 -0.092184189 -0.23105526  0.01636400  0.027690450
                              PCNM9        PCNM10       PCNM11        PCNM12
A1946.10391.F.3.KL.2010 -0.15571256  0.0209160837  0.021402863 -0.0014015061
A1937.11344.F.1.KL.2010  0.18857478  0.2778417031  0.216061072  0.4086648673
A1957.10461.F.2.KL.2010  0.09409782 -0.0033426198 -0.252333807  0.0566045712
A1783.11171.F.2.KL.2010  0.12146320 -0.0006482661 -0.014014705  0.2193060722
A1870.10746.F.3.KL.2010  0.14123275 -0.2469731293  0.221939982 -0.0650120602
A0769.10318.F.4.KL.2010  0.04993608  0.2064418091 -0.007573453 -0.0017993653
A0911.11398.M.1.KL.2010 -0.03163400  0.0655617871  0.038087278 -0.5966546216
A1439.10783.M.1.KL.2010 -0.02178959 -0.1883695178 -0.243065049 -0.0007550316
A1926.11201.M.2.KL.2010  0.25637907  0.1085266591 -0.231340610 -0.4086517859
A0774.11279.M.2.KL.2010  0.21734570  0.4331473863  0.005091996  0.0094798227
A1781.10784.M.1.KL.2010  0.09398033 -0.0032723989 -0.236653652  0.0484229547
A1886.10121.M.5.KL.2010  0.04108423  0.1775270254 -0.223860503 -0.1139563177
A1785.11378.M.1.KL.2010 -0.08806289  0.0342791142  0.480484276 -0.1042587612
A1486.11181.M.2.KL.2010 -0.33144086 -0.2713763396  0.030219485  0.0550345659
A1450.10642.M.3.KL.2010 -0.31943663  0.2006277248  0.245823297 -0.0397396544
A0772.11282.M.2.KL.2010  0.07468883 -0.1774775190  0.122208244  0.0311116259
A1786.10161.M.6.KL.2010  0.18705240  0.0616095784  0.220151164 -0.0428498495
A0676.10121.M.5.KL.2010  0.34665065 -0.2869738429  0.225319041 -0.0645395426
A1446.10275.M.5.KL.2010  0.06962332 -0.1043145388 -0.004546450  0.0035494293
A0520.11266.M.1.KL.2010 -0.02958926  0.0212469615 -0.058092686 -0.0192236592
A1980.10724.M.3.KL.2010 -0.02488229  0.0510953008  0.099371054  0.3691150630
A1758.10285.F.3.KL.2010 -0.54481655  0.1343182514  0.017488329 -0.0059106972
A0956.11489.F.3.KL.2010 -0.27775122  0.0940911595 -0.255123649  0.0012990851
A0729.10182.F.5.KL.2010 -0.07436289 -0.5095784433  0.001328352 -0.0067571150
A1935.10375.F.3.KL.2010 -0.02876457  0.0243353806 -0.056017442 -0.0134081747
A0502.10828.M.2.KL.2010  0.04613417 -0.1192393096 -0.362354428  0.2823300848
                               PCNM13        PCNM14        PCNM15        PCNM16
A1946.10391.F.3.KL.2010 -0.0003496707 -0.0008167752  7.336324e-04 -2.076966e-04
A1937.11344.F.1.KL.2010 -0.0766353262  0.1035062039  1.388407e-02  2.434793e-01
A1957.10461.F.2.KL.2010  0.0423106566 -0.1281926434  7.011365e-01 -4.685179e-03
A1783.11171.F.2.KL.2010  0.5907000990 -0.2539461690 -1.405232e-02  1.311715e-01
A1870.10746.F.3.KL.2010 -0.0422506911  0.0892565146  4.466454e-03  1.064978e-02
A0769.10318.F.4.KL.2010 -0.0047335453  0.0005212375  1.601101e-06 -3.925210e-04
A0911.11398.M.1.KL.2010  0.1404389463 -0.1410652103  6.462406e-03  2.465035e-01
A1439.10783.M.1.KL.2010 -0.2176051608 -0.1770447277 -1.973820e-02  2.912450e-01
A1926.11201.M.2.KL.2010  0.0766841948 -0.1086655521 -1.434034e-02 -2.418203e-01
A0774.11279.M.2.KL.2010  0.0017617550 -0.0105903334 -4.207265e-04 -1.148186e-03
A1781.10784.M.1.KL.2010  0.0329304710 -0.0543976492 -7.102657e-01 -1.343341e-02
A1886.10121.M.5.KL.2010 -0.2906872098  0.2547184904  2.424659e-02 -4.402710e-01
A1785.11378.M.1.KL.2010 -0.0727796185  0.1825093688  9.074405e-03  1.751741e-02
A1486.11181.M.2.KL.2010  0.2446860745  0.0972799712  1.542113e-02 -2.996881e-01
A1450.10642.M.3.KL.2010 -0.0453945985  0.0864114412  4.381674e-03  1.037744e-02
A0772.11282.M.2.KL.2010 -0.4832697705 -0.3339964350 -1.826167e-03 -1.909691e-02
A1786.10161.M.6.KL.2010 -0.0466124106  0.0993577769  4.821711e-03  1.169314e-02
A0676.10121.M.5.KL.2010 -0.0301090468  0.0939795389  4.526160e-03  9.617465e-03
A1446.10275.M.5.KL.2010 -0.0011340250 -0.0031237478 -1.655604e-04 -7.625719e-04
A0520.11266.M.1.KL.2010  0.2413985510  0.1705497273 -1.121511e-03  3.245872e-01
A1980.10724.M.3.KL.2010  0.0003246747 -0.4745306381 -3.250215e-02 -3.768636e-01
A1758.10285.F.3.KL.2010 -0.0146850542 -0.0018808695  5.803057e-04 -1.266244e-04
A0956.11489.F.3.KL.2010 -0.2193719354 -0.1792132679 -1.960740e-02  2.866425e-01
A0729.10182.F.5.KL.2010  0.0172461872  0.0002592324 -2.098139e-04  7.845528e-05
A1935.10375.F.3.KL.2010  0.2516938505  0.1642004599  3.170368e-03 -3.020536e-01
A0502.10828.M.2.KL.2010 -0.0945573972  0.5249140558  2.134285e-02  1.169869e-01
                               PCNM17
A1946.10391.F.3.KL.2010  0.0002016964
A1937.11344.F.1.KL.2010  0.1534366422
A1957.10461.F.2.KL.2010  0.0047613684
A1783.11171.F.2.KL.2010  0.0793076907
A1870.10746.F.3.KL.2010 -0.0072831182
A0769.10318.F.4.KL.2010  0.0001812491
A0911.11398.M.1.KL.2010  0.1705776378
A1439.10783.M.1.KL.2010  0.1150404772
A1926.11201.M.2.KL.2010 -0.1554601223
A0774.11279.M.2.KL.2010  0.0000771832
A1781.10784.M.1.KL.2010  0.0113151132
A1886.10121.M.5.KL.2010 -0.1789632039
A1785.11378.M.1.KL.2010 -0.0161407810
A1486.11181.M.2.KL.2010 -0.1079227760
A1450.10642.M.3.KL.2010 -0.0074444189
A0772.11282.M.2.KL.2010  0.0367456794
A1786.10161.M.6.KL.2010 -0.0070529448
A0676.10121.M.5.KL.2010 -0.0077880450
A1446.10275.M.5.KL.2010 -0.0004296917
A0520.11266.M.1.KL.2010 -0.6466024359
A1980.10724.M.3.KL.2010 -0.2237358711
A1758.10285.F.3.KL.2010  0.0005379089
A0956.11489.F.3.KL.2010  0.1137417292
A0729.10182.F.5.KL.2010  0.0023966597
A1935.10375.F.3.KL.2010  0.6110504468
A0502.10828.M.2.KL.2010  0.0594519265
                                PCNM1       PCNM2       PCNM3        PCNM4
B0885.10461.F.2.KL.2010  0.0179625998  0.08527791 -0.29330291  0.075418724
B0799.11171.F.2.KL.2010 -0.0075749381  0.02624701 -0.07323549  0.010542815
B0773.11256.F.1.KL.2010 -0.2217762798 -0.11928046  0.02421979 -0.009220597
B0190.11256.F.1.KL.2010 -0.2217762798 -0.11928046  0.02421979 -0.009220597
B0499.11256.F.1.KL.2010 -0.2217762798 -0.11928046  0.02421979 -0.009220597
B0743.10818.F.2.KL.2010  0.0181943394  0.08745944 -0.30862809  0.079786096
A1489.11176.F.2.KL.2010  0.0903076605 -0.08361488  0.05293949  0.014457574
B0559.10342.F.3.KL.2010 -0.2217762798 -0.11928046  0.02421979 -0.009220597
B0149.10391.F.3.KL.2010  0.0117327636  0.05138917 -0.10400507  0.018308455
B0094.11319.F.1.KL.2010  0.0182118178  0.08757275 -0.30914767  0.079927640
B0416.10391.F.3.KL.2010  0.0117327636  0.05138917 -0.10400507  0.018308455
B0436.10318.F.4.KL.2010 -0.2218305701 -0.11849941  0.02511535 -0.009430299
B0733.11344.F.1.KL.2010  0.1237649866 -0.05988347 -0.03609278 -0.340486941
B0895.10342.F.3.KL.2010 -0.2259870381 -0.09075967  0.05169399 -0.012953773
B0858.10285.F.3.KL.2010  0.1563043150 -0.11065242  0.10867820  0.216669271
B0572.10746.F.3.KL.2010  0.0855135920 -0.03518903 -0.01850017 -0.155339918
B0682.11272.F.1.KL.2010  0.0005864286  0.27394451  0.15049922 -0.016972455
B0867.11489.F.3.KL.2010  0.0005870360  0.27422905  0.15070719 -0.016997224
A1490.11256.F.1.KL.2010 -0.2217762798 -0.11928046  0.02421979 -0.009220597
B0781.10342.F.3.KL.2010 -0.2259870381 -0.09075967  0.05169399 -0.012953773
B0899.10184.F.4.KL.2010 -0.0044047812  0.04303254 -0.11725925  0.018762357
B0339.10391.F.3.KL.2010  0.0117327636  0.05138917 -0.10400507  0.018308455
A1485.11266.M.1.KL.2010 -0.1572384739 -0.12688540  0.05973196  0.027279261
B0738.10153.M.5.KL.2010  0.0181943394  0.08745944 -0.30862809  0.079786096
B0888.11325.F.1.KL.2010  0.0972394729 -0.05209566  0.06258564  0.251369595
B0703.11253.M.1.KL.2010  0.1500992922 -0.13787348  0.12566085  0.189837625
B0481.11160.M.3.KL.2010  0.0183721164  0.03466926 -0.05688948  0.050503058
B0907.10376.M.3.KL.2010  0.2145050797 -0.15471347  0.07766442 -0.138148961
B0797.10686.F.3.KL.2010  0.2145050797 -0.15471347  0.07766442 -0.138148961
B0477.10588.M.2.KL.2010  0.0193895199  0.09419792 -0.33342057  0.086281491
B0465.10318.F.4.KL.2010 -0.2218305701 -0.11849941  0.02511535 -0.009430299
B0827.10275.M.5.KL.2010  0.1563043150 -0.11065242  0.10867820  0.216669271
A1534.10275.M.5.KL.2010 -0.1906836027 -0.09798863 -0.03053353 -0.005568084
A1948.10285.F.3.KL.2010  0.1563043150 -0.11065242  0.10867820  0.216669271
B0393.10725.M.3.KL.2010  0.0832266271 -0.03374645  0.03771918  0.214767473
B0398.10177.M.5.KL.2010  0.0903076605 -0.08361488  0.05293949  0.014457574
B0445.10686.F.3.KL.2010  0.2145050797 -0.15471347  0.07766442 -0.138148961
B0448.10285.F.3.KL.2010  0.1563043150 -0.11065242  0.10867820  0.216669271
B0473.11280.M.2.KL.2010 -0.2108075674  0.01529548  0.13051201 -0.021196142
B0434.11266.M.1.KL.2010 -0.0169810577  0.27576292  0.16981303 -0.020284333
A1538.10212.M.4.KL.2010  0.0165815094  0.07720465 -0.26205206  0.067134079
A1421.11324.M.1.KL.2010  0.1701489550 -0.12810114  0.12325420  0.220769902
B0828.11181.M.2.KL.2010  0.0006825733  0.27292093  0.14960279 -0.016854260
A1496.11882.M.3.KL.2010  0.0129277283  0.04497439 -0.08671739  0.025098584
A1442.11488.M.1.KL.2010  0.0144421945  0.06074170 -0.16875428  0.041833851
A1444.11489.F.3.KL.2010  0.0005870360  0.27422905  0.15070719 -0.016997224
A1451.10182.F.5.KL.2010  0.1084098025 -0.05066481 -0.03228442 -0.293609129
B0585.10182.F.5.KL.2010  0.1084098025 -0.05066481 -0.03228442 -0.293609129
B0897.10746.F.3.KL.2010  0.0855135920 -0.03518903 -0.01850017 -0.155339918
B0598.10375.F.3.KL.2010 -0.0170421665  0.27608776  0.17011254 -0.020323731
B0363.10182.F.5.KL.2010  0.1084098025 -0.05066481 -0.03228442 -0.293609129
B0734.11150.F.1.KL.2010 -0.2093869977 -0.10516520  0.01650333 -0.013476506
B0666.10375.F.3.KL.2010 -0.0535513451  0.25565054  0.18421850 -0.024139446
B0331.10182.F.5.KL.2010 -0.0170421665  0.27608776  0.17011254 -0.020323731
B0349.10939.M.1.KL.2010  0.0188186345  0.02646453 -0.03722801  0.054438198
B0004.10182.F.5.KL.2010  0.1084098025 -0.05066481 -0.03228442 -0.293609129
                               PCNM5         PCNM6         PCNM7         PCNM8
B0885.10461.F.2.KL.2010 -0.153454051  0.0011948138  0.0589635976 -8.277966e-04
B0799.11171.F.2.KL.2010  0.217396772  0.0007265206 -0.0446029830  7.117701e-02
B0773.11256.F.1.KL.2010 -0.024800663 -0.0241085959 -0.0092103763  4.180667e-03
B0190.11256.F.1.KL.2010 -0.024800663 -0.0241085959 -0.0092103763  4.180667e-03
B0499.11256.F.1.KL.2010 -0.024800663 -0.0241085959 -0.0092103763  4.180667e-03
B0743.10818.F.2.KL.2010 -0.181620458  0.0084433777 -0.1503435844 -5.788296e-04
A1489.11176.F.2.KL.2010 -0.078390751  0.4661964884  0.0946550632 -6.472454e-02
B0559.10342.F.3.KL.2010 -0.024800663 -0.0241085959 -0.0092103763  4.180667e-03
B0149.10391.F.3.KL.2010  0.385585179  0.1243850934 -0.0847347986 -4.948033e-02
B0094.11319.F.1.KL.2010 -0.181988501  0.0084209926 -0.1490238592 -5.850051e-04
B0416.10391.F.3.KL.2010  0.385585179  0.1243850934 -0.0847347986 -4.948033e-02
B0436.10318.F.4.KL.2010 -0.026126899 -0.0254324252 -0.0097239667  3.819698e-03
B0733.11344.F.1.KL.2010 -0.006824165 -0.1052094568 -0.0002078093  1.466321e-01
B0895.10342.F.3.KL.2010 -0.040527754 -0.0249537093 -0.0222985451 -1.172772e-05
B0858.10285.F.3.KL.2010 -0.001676644 -0.1674878467 -0.0698590171  7.027981e-03
B0572.10746.F.3.KL.2010 -0.000749494  0.0241370090  0.0224619640  5.523279e-01
B0682.11272.F.1.KL.2010 -0.024329918  0.0033074030 -0.0202625159  1.179344e-02
B0867.11489.F.3.KL.2010 -0.024385603  0.0033209369 -0.0203265854  1.181804e-02
A1490.11256.F.1.KL.2010 -0.024800663 -0.0241085959 -0.0092103763  4.180667e-03
B0781.10342.F.3.KL.2010 -0.040527754 -0.0249537093 -0.0222985451 -1.172772e-05
B0899.10184.F.4.KL.2010  0.455526677  0.0973899631 -0.1305434138  1.674158e-02
B0339.10391.F.3.KL.2010  0.385585179  0.1243850934 -0.0847347986 -4.948033e-02
A1485.11266.M.1.KL.2010 -0.106363372  0.3449532764  0.0979542267 -1.364765e-01
B0738.10153.M.5.KL.2010 -0.181620458  0.0084433777 -0.1503435844 -5.788296e-04
B0888.11325.F.1.KL.2010  0.038053125 -0.1521092893 -0.0724578179 -9.071531e-02
B0703.11253.M.1.KL.2010 -0.070500538  0.2419123922 -0.0304265057 -8.841937e-02
B0481.11160.M.3.KL.2010  0.086965898 -0.1110919222  0.4900574789 -4.722458e-03
B0907.10376.M.3.KL.2010 -0.063153994  0.0518015698 -0.0431150406  7.389725e-02
B0797.10686.F.3.KL.2010 -0.063153994  0.0518015698 -0.0431150406  7.389725e-02
B0477.10588.M.2.KL.2010 -0.186555000  0.0035790107 -0.0069710986 -9.229816e-04
B0465.10318.F.4.KL.2010 -0.026126899 -0.0254324252 -0.0097239667  3.819698e-03
B0827.10275.M.5.KL.2010 -0.001676644 -0.1674878467 -0.0698590171  7.027981e-03
A1534.10275.M.5.KL.2010  0.159382600 -0.0890714669 -0.0970450953  1.015242e-01
A1948.10285.F.3.KL.2010 -0.001676644 -0.1674878467 -0.0698590171  7.027981e-03
B0393.10725.M.3.KL.2010  0.063169685 -0.2583424846  0.1788988430 -8.366087e-03
B0398.10177.M.5.KL.2010 -0.078390751  0.4661964884  0.0946550632 -6.472454e-02
B0445.10686.F.3.KL.2010 -0.063153994  0.0518015698 -0.0431150406  7.389725e-02
B0448.10285.F.3.KL.2010 -0.001676644 -0.1674878467 -0.0698590171  7.027981e-03
B0473.11280.M.2.KL.2010 -0.102719307  0.0050540021 -0.0154662970 -4.326356e-02
B0434.11266.M.1.KL.2010 -0.046511208  0.0045972168 -0.0259423243 -4.562466e-03
A1538.10212.M.4.KL.2010 -0.145669347  0.0079478787 -0.1670592927 -2.508773e-04
A1421.11324.M.1.KL.2010 -0.034214608  0.0754011171 -0.0070231166 -4.107045e-02
B0828.11181.M.2.KL.2010 -0.023913592  0.0033059497 -0.0198709953  1.189287e-02
A1496.11882.M.3.KL.2010  0.069604217 -0.0501482601  0.5761876726 -2.082696e-03
A1442.11488.M.1.KL.2010 -0.020885506 -0.0188675265  0.4192974272 -9.388377e-04
A1444.11489.F.3.KL.2010 -0.024385603  0.0033209369 -0.0203265854  1.181804e-02
A1451.10182.F.5.KL.2010 -0.005098271 -0.1208320031 -0.0142192180 -2.625223e-01
B0585.10182.F.5.KL.2010 -0.005098271 -0.1208320031 -0.0142192180 -2.625223e-01
B0897.10746.F.3.KL.2010 -0.000749494  0.0241370090  0.0224619640  5.523279e-01
B0598.10375.F.3.KL.2010 -0.046646284  0.0046091024 -0.0260407304 -4.577144e-03
B0363.10182.F.5.KL.2010 -0.005098271 -0.1208320031 -0.0142192180 -2.625223e-01
B0734.11150.F.1.KL.2010 -0.003831513 -0.1139591890 -0.0430553541  5.309470e-02
B0666.10375.F.3.KL.2010 -0.063367933 -0.0082380700 -0.0409991501 -4.826877e-03
B0331.10182.F.5.KL.2010 -0.046646284  0.0046091024 -0.0260407304 -4.577144e-03
B0349.10939.M.1.KL.2010  0.061733488 -0.0581320426  0.0387454918 -5.314806e-02
B0004.10182.F.5.KL.2010 -0.005098271 -0.1208320031 -0.0142192180 -2.625223e-01
                               PCNM9        PCNM10        PCNM11        PCNM12
B0885.10461.F.2.KL.2010 -0.010607098  0.1028710587 -0.3514790931 -0.0120255368
B0799.11171.F.2.KL.2010 -0.528313136 -0.0146944288  0.0382468074  0.3985792658
B0773.11256.F.1.KL.2010  0.001866198 -0.0014446269  0.0009222805 -0.1191923098
B0190.11256.F.1.KL.2010  0.001866198 -0.0014446269  0.0009222805 -0.1191923098
B0499.11256.F.1.KL.2010  0.001866198 -0.0014446269  0.0009222805 -0.1191923098
B0743.10818.F.2.KL.2010  0.013702152 -0.0816646640  0.0947628331  0.0064658683
A1489.11176.F.2.KL.2010 -0.115202518 -0.0566465785  0.0650925597 -0.0049028389
B0559.10342.F.3.KL.2010  0.001866198 -0.0014446269  0.0009222805 -0.1191923098
B0149.10391.F.3.KL.2010  0.263570276 -0.0244979357 -0.0575290178 -0.0983755948
B0094.11319.F.1.KL.2010  0.013487766 -0.0796410613  0.0880993562  0.0061370615
B0416.10391.F.3.KL.2010  0.263570276 -0.0244979357 -0.0575290178 -0.0983755948
B0436.10318.F.4.KL.2010  0.011764685 -0.0019330922 -0.0031477569 -0.0923185115
B0733.11344.F.1.KL.2010  0.073369844  0.0654779280  0.0741120341  0.0124719066
B0895.10342.F.3.KL.2010  0.053499930 -0.0127780971 -0.0384751601  0.1656988162
B0858.10285.F.3.KL.2010  0.035884131 -0.0385850740 -0.0881905385 -0.0018029720
B0572.10746.F.3.KL.2010  0.107363583  0.0719998390  0.0657838540  0.0075800509
B0682.11272.F.1.KL.2010 -0.099451616 -0.0059800680  0.0080171307 -0.2447563778
B0867.11489.F.3.KL.2010 -0.099722008 -0.0060071555  0.0080396157 -0.2459654923
A1490.11256.F.1.KL.2010  0.001866198 -0.0014446269  0.0009222805 -0.1191923098
B0781.10342.F.3.KL.2010  0.053499930 -0.0127780971 -0.0384751601  0.1656988162
B0899.10184.F.4.KL.2010 -0.190362408 -0.0492853717 -0.0555807352  0.1869868409
B0339.10391.F.3.KL.2010  0.263570276 -0.0244979357 -0.0575290178 -0.0983755948
A1485.11266.M.1.KL.2010  0.118002641  0.0269418552  0.1219049317  0.0224267318
B0738.10153.M.5.KL.2010  0.013702152 -0.0816646640  0.0947628331  0.0064658683
B0888.11325.F.1.KL.2010  0.016467368  0.5146706113  0.1907793824  0.0234469489
B0703.11253.M.1.KL.2010 -0.045878537  0.1184864247 -0.0284461840  0.0065699558
B0481.11160.M.3.KL.2010  0.025293277 -0.2672247638  0.3726491873  0.0300423584
B0907.10376.M.3.KL.2010 -0.009413351 -0.0466223509 -0.0741711570 -0.0014415535
B0797.10686.F.3.KL.2010 -0.009413351 -0.0466223509 -0.0741711570 -0.0014415535
B0477.10588.M.2.KL.2010 -0.002052630  0.0338591192 -0.1776484282 -0.0004962521
B0465.10318.F.4.KL.2010  0.011764685 -0.0019330922 -0.0031477569 -0.0923185115
B0827.10275.M.5.KL.2010  0.035884131 -0.0385850740 -0.0881905385 -0.0018029720
A1534.10275.M.5.KL.2010 -0.484100953 -0.0390069047 -0.0428567511 -0.0346588749
A1948.10285.F.3.KL.2010  0.035884131 -0.0385850740 -0.0881905385 -0.0018029720
B0393.10725.M.3.KL.2010  0.071534051 -0.4053777453  0.1495374698  0.0009006268
B0398.10177.M.5.KL.2010 -0.115202518 -0.0566465785  0.0650925597 -0.0049028389
B0445.10686.F.3.KL.2010 -0.009413351 -0.0466223509 -0.0741711570 -0.0014415535
B0448.10285.F.3.KL.2010  0.035884131 -0.0385850740 -0.0881905385 -0.0018029720
B0473.11280.M.2.KL.2010  0.305253774 -0.0117741093 -0.0578015333  0.4594997349
B0434.11266.M.1.KL.2010  0.036036121 -0.0120397974 -0.0259015944  0.1104097768
A1538.10212.M.4.KL.2010  0.017871510 -0.1293319432  0.2899374205  0.0150231931
A1421.11324.M.1.KL.2010 -0.062015838 -0.0818036844 -0.0173949905 -0.0084796963
B0828.11181.M.2.KL.2010 -0.100628209 -0.0056849492  0.0089339670 -0.2514528291
A1496.11882.M.3.KL.2010 -0.020546190  0.0407957562  0.0160835282  0.0223950530
A1442.11488.M.1.KL.2010 -0.037242452  0.2414179374 -0.4947291314 -0.0095879045
A1444.11489.F.3.KL.2010 -0.099722008 -0.0060071555  0.0080396157 -0.2459654923
A1451.10182.F.5.KL.2010 -0.017551869 -0.0009540069  0.0066622534  0.0017413438
B0585.10182.F.5.KL.2010 -0.017551869 -0.0009540069  0.0066622534  0.0017413438
B0897.10746.F.3.KL.2010  0.107363583  0.0719998390  0.0657838540  0.0075800509
B0598.10375.F.3.KL.2010  0.036106369 -0.0120967778 -0.0259994931  0.1100715189
B0363.10182.F.5.KL.2010 -0.017551869 -0.0009540069  0.0066622534  0.0017413438
B0734.11150.F.1.KL.2010 -0.040456970 -0.0146783384 -0.0685386736 -0.1133885623
B0666.10375.F.3.KL.2010  0.083081067 -0.0241149965 -0.0679642363  0.3520954170
B0331.10182.F.5.KL.2010  0.036106369 -0.0120967778 -0.0259994931  0.1100715189
B0349.10939.M.1.KL.2010  0.001103418  0.5731108415  0.4145294932  0.0302618458
B0004.10182.F.5.KL.2010 -0.017551869 -0.0009540069  0.0066622534  0.0017413438
                               PCNM13       PCNM14       PCNM15       PCNM16
B0885.10461.F.2.KL.2010  0.0856970451 -0.421495143  0.125763556 -0.322511451
B0799.11171.F.2.KL.2010  0.1908090785 -0.064926614 -0.147789985  0.039048711
B0773.11256.F.1.KL.2010  0.0899448354  0.004976569 -0.026029067  0.011601838
B0190.11256.F.1.KL.2010  0.0899448354  0.004976569 -0.026029067  0.011601838
B0499.11256.F.1.KL.2010  0.0899448354  0.004976569 -0.026029067  0.011601838
B0743.10818.F.2.KL.2010 -0.0065762486 -0.006198607  0.007688038 -0.191744351
A1489.11176.F.2.KL.2010 -0.0482372749 -0.036167382  0.203776167  0.056752776
B0559.10342.F.3.KL.2010  0.0899448354  0.004976569 -0.026029067  0.011601838
B0149.10391.F.3.KL.2010 -0.0423173201  0.018934897  0.025315422 -0.009276091
B0094.11319.F.1.KL.2010 -0.0039182104 -0.020044995  0.011998392 -0.206010859
B0416.10391.F.3.KL.2010 -0.0423173201  0.018934897  0.025315422 -0.009276091
B0436.10318.F.4.KL.2010  0.0659239346  0.012435317 -0.002070363  0.003190067
B0733.11344.F.1.KL.2010  0.0477086815 -0.103344038 -0.094719803  0.042962779
B0895.10342.F.3.KL.2010 -0.3939347504 -0.096089540 -0.074184369  0.004745254
B0858.10285.F.3.KL.2010  0.0197281161  0.030425763 -0.093504742 -0.016706561
B0572.10746.F.3.KL.2010  0.0233058848 -0.046794340 -0.040154609  0.012828899
B0682.11272.F.1.KL.2010 -0.0562343663 -0.042113518 -0.077299275  0.006182887
B0867.11489.F.3.KL.2010 -0.0551198694 -0.041895919 -0.077353196  0.006138939
A1490.11256.F.1.KL.2010  0.0899448354  0.004976569 -0.026029067  0.011601838
B0781.10342.F.3.KL.2010 -0.3939347504 -0.096089540 -0.074184369  0.004745254
B0899.10184.F.4.KL.2010  0.0728663648 -0.007505855 -0.066757372 -0.008124194
B0339.10391.F.3.KL.2010 -0.0423173201  0.018934897  0.025315422 -0.009276091
A1485.11266.M.1.KL.2010  0.1795017760 -0.227228696 -0.451572011  0.072817380
B0738.10153.M.5.KL.2010 -0.0065762486 -0.006198607  0.007688038 -0.191744351
B0888.11325.F.1.KL.2010 -0.0159619060  0.043621602 -0.039516531 -0.104607728
B0703.11253.M.1.KL.2010  0.0098062400  0.140048737 -0.245262055 -0.241582427
B0481.11160.M.3.KL.2010 -0.0228919657 -0.039461914  0.030747063 -0.260022001
B0907.10376.M.3.KL.2010 -0.0291338142  0.063140163  0.043979409 -0.031466435
B0797.10686.F.3.KL.2010 -0.0291338142  0.063140163  0.043979409 -0.031466435
B0477.10588.M.2.KL.2010 -0.0008760969  0.039420425 -0.021946314  0.367577366
B0465.10318.F.4.KL.2010  0.0659239346  0.012435317 -0.002070363  0.003190067
B0827.10275.M.5.KL.2010  0.0197281161  0.030425763 -0.093504742 -0.016706561
A1534.10275.M.5.KL.2010 -0.0830011475  0.044221447  0.073632893 -0.040632046
A1948.10285.F.3.KL.2010  0.0197281161  0.030425763 -0.093504742 -0.016706561
B0393.10725.M.3.KL.2010  0.0894300265 -0.401746860  0.104086909  0.311929781
B0398.10177.M.5.KL.2010 -0.0482372749 -0.036167382  0.203776167  0.056752776
B0445.10686.F.3.KL.2010 -0.0291338142  0.063140163  0.043979409 -0.031466435
B0448.10285.F.3.KL.2010  0.0197281161  0.030425763 -0.093504742 -0.016706561
B0473.11280.M.2.KL.2010  0.2856964044  0.121626567  0.151496309 -0.012220043
B0434.11266.M.1.KL.2010  0.2180883323  0.088549615  0.097730305 -0.017163080
A1538.10212.M.4.KL.2010 -0.0894753860  0.441484672 -0.134315934  0.411306444
A1421.11324.M.1.KL.2010 -0.0717148978 -0.029294988  0.333414989  0.151572287
B0828.11181.M.2.KL.2010 -0.0564506558 -0.043677025 -0.080121975  0.007133968
A1496.11882.M.3.KL.2010 -0.1004556189  0.415495446 -0.111716045 -0.212377029
A1442.11488.M.1.KL.2010  0.0051543526  0.049230938 -0.028756154  0.328388883
A1444.11489.F.3.KL.2010 -0.0551198694 -0.041895919 -0.077353196  0.006138939
A1451.10182.F.5.KL.2010  0.0072480767 -0.015376288 -0.013539612  0.005085309
B0585.10182.F.5.KL.2010  0.0072480767 -0.015376288 -0.013539612  0.005085309
B0897.10746.F.3.KL.2010  0.0233058848 -0.046794340 -0.040154609  0.012828899
B0598.10375.F.3.KL.2010  0.2183115022  0.088547893  0.097515088 -0.017150234
B0363.10182.F.5.KL.2010  0.0072480767 -0.015376288 -0.013539612  0.005085309
B0734.11150.F.1.KL.2010 -0.0979454248  0.239414782  0.474529373 -0.118287096
B0666.10375.F.3.KL.2010 -0.5048259786 -0.102232327 -0.056497950 -0.001698205
B0331.10182.F.5.KL.2010  0.2183115022  0.088547893  0.097515088 -0.017150234
B0349.10939.M.1.KL.2010 -0.0316285487 -0.199023027  0.272876364  0.167496367
B0004.10182.F.5.KL.2010  0.0072480767 -0.015376288 -0.013539612  0.005085309
                               PCNM17        PCNM18        PCNM19        PCNM20
B0885.10461.F.2.KL.2010 -0.0010096829  1.000328e-03  1.505882e-04 -1.471712e-03
B0799.11171.F.2.KL.2010  0.0495050984 -2.471590e-03 -3.661864e-03  7.456942e-03
B0773.11256.F.1.KL.2010 -0.2463704818  2.491543e-03 -5.793949e-04 -2.449055e-04
B0190.11256.F.1.KL.2010 -0.2463704818  2.491543e-03 -5.793949e-04 -2.449055e-04
B0499.11256.F.1.KL.2010 -0.2463704818  2.491543e-03 -5.793949e-04 -2.449055e-04
B0743.10818.F.2.KL.2010 -0.0304937162 -4.052996e-02 -2.988977e-02  3.592368e-01
A1489.11176.F.2.KL.2010 -0.0043242090 -1.332047e-03 -2.692426e-04  3.018489e-03
B0559.10342.F.3.KL.2010 -0.2463704818  2.491543e-03 -5.793949e-04 -2.449055e-04
B0149.10391.F.3.KL.2010 -0.0015715267  1.586232e-05 -1.528253e-06  7.431574e-06
B0094.11319.F.1.KL.2010 -0.0255972488 -6.987552e-03  3.198293e-02 -4.039799e-01
B0416.10391.F.3.KL.2010 -0.0015715267  1.586232e-05 -1.528253e-06  7.431574e-06
B0436.10318.F.4.KL.2010  0.5608719688 -4.087614e-02 -1.053162e-02  1.433546e-01
B0733.11344.F.1.KL.2010  0.0361506941  4.563428e-01 -1.252740e-03  1.587969e-02
B0895.10342.F.3.KL.2010 -0.0013152766 -1.146167e-05  9.277546e-04  1.220351e-04
B0858.10285.F.3.KL.2010 -0.0017709586 -1.228161e-01  4.283402e-04 -5.002698e-03
B0572.10746.F.3.KL.2010  0.0023427932  1.088224e-02 -3.350412e-05  2.881343e-04
B0682.11272.F.1.KL.2010  0.0205342230 -5.852793e-04 -6.845343e-01 -6.284147e-02
B0867.11489.F.3.KL.2010  0.0221499874 -6.235007e-04  4.445943e-01  3.748232e-02
A1490.11256.F.1.KL.2010 -0.2463704818  2.491543e-03 -5.793949e-04 -2.449055e-04
B0781.10342.F.3.KL.2010 -0.0013152766 -1.146167e-05  9.277546e-04  1.220351e-04
B0899.10184.F.4.KL.2010 -0.0060476025 -5.644709e-04  6.910363e-04 -1.871609e-03
B0339.10391.F.3.KL.2010 -0.0015715267  1.586232e-05 -1.528253e-06  7.431574e-06
A1485.11266.M.1.KL.2010  0.0352437943 -2.605240e-03 -2.667484e-04  3.834230e-03
B0738.10153.M.5.KL.2010 -0.0304937162 -4.052996e-02 -2.988977e-02  3.592368e-01
B0888.11325.F.1.KL.2010  0.0168412718  4.662790e-01 -8.675675e-04  1.061351e-02
B0703.11253.M.1.KL.2010  0.0928604562  7.316466e-02  2.601948e-02 -2.938777e-01
B0481.11160.M.3.KL.2010  0.0587714378  8.164706e-02  2.695455e-02 -2.991864e-01
B0907.10376.M.3.KL.2010 -0.0172822933 -1.604621e-01  6.698911e-04 -6.128193e-03
B0797.10686.F.3.KL.2010 -0.0172822933 -1.604621e-01  6.698911e-04 -6.128193e-03
B0477.10588.M.2.KL.2010  0.0680922900  8.359856e-02  2.741835e-02 -3.043621e-01
B0465.10318.F.4.KL.2010  0.5608719688 -4.087614e-02 -1.053162e-02  1.433546e-01
B0827.10275.M.5.KL.2010 -0.0017709586 -1.228161e-01  4.283402e-04 -5.002698e-03
A1534.10275.M.5.KL.2010 -0.0511962359  2.561835e-03  3.726215e-03 -7.562972e-03
A1948.10285.F.3.KL.2010 -0.0017709586 -1.228161e-01  4.283402e-04 -5.002698e-03
B0393.10725.M.3.KL.2010  0.0198976238  3.521658e-03 -4.850308e-04  6.123458e-03
B0398.10177.M.5.KL.2010 -0.0043242090 -1.332047e-03 -2.692426e-04  3.018489e-03
B0445.10686.F.3.KL.2010 -0.0172822933 -1.604621e-01  6.698911e-04 -6.128193e-03
B0448.10285.F.3.KL.2010 -0.0017709586 -1.228161e-01  4.283402e-04 -5.002698e-03
B0473.11280.M.2.KL.2010  0.0002629827 -1.358239e-04 -2.669050e-03  2.598303e-04
B0434.11266.M.1.KL.2010 -0.0203587339  1.306187e-03  2.397739e-01  1.617294e-02
A1538.10212.M.4.KL.2010  0.0072868997  2.952112e-03  1.069515e-03 -1.268046e-02
A1421.11324.M.1.KL.2010 -0.0808408872  4.216829e-01 -2.725696e-02  3.085289e-01
B0828.11181.M.2.KL.2010  0.0359715892 -2.839162e-03 -2.092431e-01 -2.986510e-03
A1496.11882.M.3.KL.2010 -0.0834130328 -8.445824e-02 -2.588952e-02  2.922506e-01
A1442.11488.M.1.KL.2010  0.0078265549  1.289236e-03 -3.705003e-04  4.637331e-03
A1444.11489.F.3.KL.2010  0.0221499874 -6.235007e-04  4.445943e-01  3.748232e-02
A1451.10182.F.5.KL.2010  0.0009125734  2.330812e-03 -9.070327e-06  3.886583e-05
B0585.10182.F.5.KL.2010  0.0009125734  2.330812e-03 -9.070327e-06  3.886583e-05
B0897.10746.F.3.KL.2010  0.0023427932  1.088224e-02 -3.350412e-05  2.881343e-04
B0598.10375.F.3.KL.2010 -0.0182031948  8.057003e-04 -1.176567e-01 -1.243576e-02
B0363.10182.F.5.KL.2010  0.0009125734  2.330812e-03 -9.070327e-06  3.886583e-05
B0734.11150.F.1.KL.2010  0.1327426736  6.838174e-02  2.184869e-02 -2.829111e-01
B0666.10375.F.3.KL.2010 -0.0542709235  1.319938e-03  2.803637e-04 -2.423100e-03
B0331.10182.F.5.KL.2010 -0.0182031948  8.057003e-04 -1.176567e-01 -1.243576e-02
B0349.10939.M.1.KL.2010 -0.0294625380 -4.702078e-01  1.514268e-03 -1.229341e-02
B0004.10182.F.5.KL.2010  0.0009125734  2.330812e-03 -9.070327e-06  3.886583e-05
                               PCNM21        PCNM22
B0885.10461.F.2.KL.2010 -9.918841e-03 -2.253845e-04
B0799.11171.F.2.KL.2010  3.828487e-03 -1.079324e-02
B0773.11256.F.1.KL.2010  1.734229e-03 -1.958209e-03
B0190.11256.F.1.KL.2010  1.734229e-03 -1.958209e-03
B0499.11256.F.1.KL.2010  1.734229e-03 -1.958209e-03
B0743.10818.F.2.KL.2010 -2.387164e-01 -1.112691e-03
A1489.11176.F.2.KL.2010  2.037781e-03  5.415009e-05
B0559.10342.F.3.KL.2010  1.734229e-03 -1.958209e-03
B0149.10391.F.3.KL.2010  8.188428e-06 -3.319073e-05
B0094.11319.F.1.KL.2010  7.160974e-01  9.409643e-03
B0416.10391.F.3.KL.2010  8.188428e-06 -3.319073e-05
B0436.10318.F.4.KL.2010  1.153452e-01  1.499563e-02
B0733.11344.F.1.KL.2010 -6.252847e-03  3.778465e-04
B0895.10342.F.3.KL.2010  3.900539e-05 -8.422054e-04
B0858.10285.F.3.KL.2010  4.575555e-04 -7.107154e-05
B0572.10746.F.3.KL.2010 -7.254812e-05 -2.367252e-05
B0682.11272.F.1.KL.2010 -1.201625e-02  5.032549e-01
B0867.11489.F.3.KL.2010 -1.148152e-03  1.573277e-01
A1490.11256.F.1.KL.2010  1.734229e-03 -1.958209e-03
B0781.10342.F.3.KL.2010  3.900539e-05 -8.422054e-04
B0899.10184.F.4.KL.2010 -5.677614e-04  1.543484e-03
B0339.10391.F.3.KL.2010  8.188428e-06 -3.319073e-05
A1485.11266.M.1.KL.2010  1.493490e-03  2.099652e-04
B0738.10153.M.5.KL.2010 -2.387164e-01 -1.112691e-03
B0888.11325.F.1.KL.2010 -7.396417e-03  1.437223e-04
B0703.11253.M.1.KL.2010 -2.428391e-01 -7.167291e-03
B0481.11160.M.3.KL.2010 -2.429403e-01 -5.844956e-03
B0907.10376.M.3.KL.2010  1.964299e-03  3.661903e-04
B0797.10686.F.3.KL.2010  1.964299e-03  3.661903e-04
B0477.10588.M.2.KL.2010 -2.367089e-01 -5.660585e-03
B0465.10318.F.4.KL.2010  1.153452e-01  1.499563e-02
B0827.10275.M.5.KL.2010  4.575555e-04 -7.107154e-05
A1534.10275.M.5.KL.2010 -3.899505e-03  1.099081e-02
A1948.10285.F.3.KL.2010  4.575555e-04 -7.107154e-05
B0393.10725.M.3.KL.2010  9.283226e-04  1.576963e-04
B0398.10177.M.5.KL.2010  2.037781e-03  5.415009e-05
B0445.10686.F.3.KL.2010  1.964299e-03  3.661903e-04
B0448.10285.F.3.KL.2010  4.575555e-04 -7.107154e-05
B0473.11280.M.2.KL.2010  4.170784e-04 -9.624471e-03
B0434.11266.M.1.KL.2010 -2.954461e-03  9.532710e-02
A1538.10212.M.4.KL.2010  7.458480e-03  3.731640e-05
A1421.11324.M.1.KL.2010  2.370597e-01  7.342454e-03
B0828.11181.M.2.KL.2010  1.992245e-02 -8.265021e-01
A1496.11882.M.3.KL.2010  2.431969e-01  7.119867e-03
A1442.11488.M.1.KL.2010 -2.471698e-03  3.009236e-05
A1444.11489.F.3.KL.2010 -1.148152e-03  1.573277e-01
A1451.10182.F.5.KL.2010  6.531513e-06 -1.605268e-05
B0585.10182.F.5.KL.2010  6.531513e-06 -1.605268e-05
B0897.10746.F.3.KL.2010 -7.254812e-05 -2.367252e-05
B0598.10375.F.3.KL.2010 -9.774079e-04 -4.221938e-02
B0363.10182.F.5.KL.2010  6.531513e-06 -1.605268e-05
B0734.11150.F.1.KL.2010 -2.373497e-01 -1.882762e-02
B0666.10375.F.3.KL.2010 -1.341874e-03  2.662549e-04
B0331.10182.F.5.KL.2010 -9.774079e-04 -4.221938e-02
B0349.10939.M.1.KL.2010  6.795295e-03  1.216150e-03
B0004.10182.F.5.KL.2010  6.531513e-06 -1.605268e-05
                              PCNM1       PCNM2        PCNM3       PCNM4
B0952.11344.F.1.KL.2010  0.27426025 -0.01327377 -0.183399862 -0.01686769
B1604.11256.F.1.KL.2010 -0.23215965 -0.12541894 -0.106144047 -0.07079227
B0739.11489.F.3.KL.2010  0.05004104 -0.14736721  0.265379719  0.33213059
B0868.11256.F.1.KL.2010 -0.23215965 -0.12541894 -0.106144047 -0.07079227
B1007.11256.F.1.KL.2010 -0.23215965 -0.12541894 -0.106144047 -0.07079227
B1493.11254.F.1.KL.2010 -0.05896327 -0.29976439  0.163077517 -0.02696821
B0016.10342.F.3.KL.2010 -0.08664500 -0.28328160  0.191492873  0.02753570
B0908.11176.F.2.KL.2010  0.06894880 -0.28903593  0.085020603  0.05396145
B1551.11319.F.1.KL.2010  0.05277066  0.22621833  0.274528544 -0.19222517
B0140.10391.F.3.KL.2010  0.05272077  0.22638445  0.274550389 -0.19215443
B0630.11489.F.3.KL.2010  0.05004104 -0.14736721  0.265379719  0.33213059
B0536.11181.M.2.KL.2010  0.08287061 -0.15239412  0.241031594  0.35338908
B1642.11882.M.3.KL.2010  0.05271278  0.05676949  0.049898255  0.06795596
B0563.10212.M.4.KL.2010  0.01206586  0.28102625  0.241629233 -0.15342718
B0041.10926.M.1.KL.2010 -0.19553057 -0.11892417 -0.051779742 -0.20529939
B1090.10391.F.3.KL.2010  0.05277066  0.22621833  0.274528544 -0.19222517
B0253.10273.M.4.KL.2010 -0.03750794  0.32206282  0.178476542 -0.07152096
B0054.10273.M.4.KL.2010 -0.18522737  0.12403304 -0.192187130  0.22129383
B1612.10161.M.6.KL.2010  0.08466910  0.06177139  0.014591682  0.06403992
B0636.10177.M.5.KL.2010 -0.21260899  0.15192420 -0.169707252  0.14828210
B1690.11171.F.2.KL.2010 -0.23883839  0.12671867 -0.126051469 -0.07217967
B1222.10923.M.1.KL.2010  0.27903891 -0.03562002 -0.133400038  0.07991767
B0793.10828.M.2.KL.2010  0.27426025 -0.01327377 -0.183399862 -0.01686769
B1365.10275.M.5.KL.2010 -0.10837879 -0.21843466 -0.001505440 -0.32022045
B0509.10177.M.5.KL.2010 -0.10405501  0.26080505 -0.052726565  0.21361682
B0987.10182.F.5.KL.2010  0.26507138  0.02761617 -0.198173561 -0.03117731
B1674.10182.F.5.KL.2010  0.26507138  0.02761617 -0.198173561 -0.03117731
B0951.10182.F.5.KL.2010  0.27404038  0.03614410 -0.194802901 -0.01466765
B0491.11256.F.1.KL.2010 -0.18522737  0.12403304 -0.192187130  0.22129383
B0645.10273.M.4.KL.2010 -0.21260899  0.15192420 -0.169707252  0.14828210
B0544.10782.M.2.KL.2010 -0.11000245 -0.21965750 -0.001239968 -0.32032008
B1508.10686.F.3.KL.2010  0.24071923 -0.11661455 -0.152711336 -0.19415450
                               PCNM5        PCNM6       PCNM7        PCNM8
B0952.11344.F.1.KL.2010 -0.116108581 -0.066708944  0.04773582 -0.127177194
B1604.11256.F.1.KL.2010  0.002395591 -0.208323992  0.05075018 -0.007091093
B0739.11489.F.3.KL.2010 -0.028562191  0.058009469 -0.09114396  0.194036286
B0868.11256.F.1.KL.2010  0.002395591 -0.208323992  0.05075018 -0.007091093
B1007.11256.F.1.KL.2010  0.002395591 -0.208323992  0.05075018 -0.007091093
B1493.11254.F.1.KL.2010 -0.014758859  0.078571941 -0.05848039  0.212500382
B0016.10342.F.3.KL.2010  0.026803400 -0.058760086 -0.17987371  0.077924530
B0908.11176.F.2.KL.2010 -0.204954139 -0.046876474  0.38093657 -0.330123803
B1551.11319.F.1.KL.2010 -0.031185139 -0.266935471  0.02757181  0.038727956
B0140.10391.F.3.KL.2010 -0.031456933 -0.265927196  0.02664266  0.036537298
B0630.11489.F.3.KL.2010 -0.028562191  0.058009469 -0.09114396  0.194036286
B0536.11181.M.2.KL.2010 -0.086156981  0.027444490 -0.08126428 -0.225488406
B1642.11882.M.3.KL.2010  0.578306652  0.064927526  0.19812139 -0.253402261
B0563.10212.M.4.KL.2010 -0.106720704  0.225633783  0.12017667  0.116464092
B0041.10926.M.1.KL.2010  0.102081900  0.047070718 -0.53691943 -0.144549825
B1090.10391.F.3.KL.2010 -0.031185139 -0.266935471  0.02757181  0.038727956
B0253.10273.M.4.KL.2010 -0.139529270  0.186369792 -0.15870994 -0.259062022
B0054.10273.M.4.KL.2010 -0.029589600 -0.181497316  0.25108527  0.230708855
B1612.10161.M.6.KL.2010  0.658108649  0.065855037  0.09410787 -0.040094921
B0636.10177.M.5.KL.2010 -0.043682826 -0.041666745 -0.20974104 -0.182269503
B1690.11171.F.2.KL.2010 -0.070033343  0.335391136  0.01813283 -0.019126089
B1222.10923.M.1.KL.2010 -0.151723699 -0.050166126  0.01164116 -0.401926022
B0793.10828.M.2.KL.2010 -0.116108581 -0.066708944  0.04773582 -0.127177194
B1365.10275.M.5.KL.2010  0.014999141  0.203759532  0.12129676  0.026749097
B0509.10177.M.5.KL.2010 -0.126478478  0.460531013  0.12037618  0.097005710
B0987.10182.F.5.KL.2010 -0.035583409 -0.039191841 -0.21426665  0.231350219
B1674.10182.F.5.KL.2010 -0.035583409 -0.039191841 -0.21426665  0.231350219
B0951.10182.F.5.KL.2010  0.210454435  0.001499882 -0.15124334  0.196899508
B0491.11256.F.1.KL.2010 -0.029589600 -0.181497316  0.25108527  0.230708855
B0645.10273.M.4.KL.2010 -0.043682826 -0.041666745 -0.20974104 -0.182269503
B0544.10782.M.2.KL.2010  0.015095763  0.199819376  0.11993640  0.026087508
B1508.10686.F.3.KL.2010 -0.111800818  0.225809329  0.18038959  0.134125264
                              PCNM9      PCNM10       PCNM11        PCNM12
B0952.11344.F.1.KL.2010 -0.09288048  0.34046608  0.047502417 -1.609827e-02
B1604.11256.F.1.KL.2010  0.04011660  0.04496681 -0.026220163  1.493624e-02
B0739.11489.F.3.KL.2010 -0.12225216  0.16527405  0.034075212 -2.722488e-01
B0868.11256.F.1.KL.2010  0.04011660  0.04496681 -0.026220163  1.493624e-02
B1007.11256.F.1.KL.2010  0.04011660  0.04496681 -0.026220163  1.493624e-02
B1493.11254.F.1.KL.2010 -0.26467919 -0.32303175 -0.029666222  1.962343e-02
B0016.10342.F.3.KL.2010  0.19123793  0.26947082  0.035540313  5.449056e-01
B0908.11176.F.2.KL.2010 -0.12636198  0.22814799 -0.113661024 -1.802216e-03
B1551.11319.F.1.KL.2010 -0.02751518 -0.07152928 -0.007854504 -1.446732e-02
B0140.10391.F.3.KL.2010 -0.03078973 -0.07141157 -0.009700983 -8.692424e-03
B0630.11489.F.3.KL.2010 -0.12225216  0.16527405  0.034075212 -2.722488e-01
B0536.11181.M.2.KL.2010  0.33799751 -0.38379990 -0.050921555  2.526012e-03
B1642.11882.M.3.KL.2010 -0.10660890 -0.04624656  0.605247149  8.605837e-03
B0563.10212.M.4.KL.2010  0.34157260  0.17811608  0.048630987  5.475121e-03
B0041.10926.M.1.KL.2010  0.05299837  0.01002300  0.093012556 -3.878539e-02
B1090.10391.F.3.KL.2010 -0.02751518 -0.07152928 -0.007854504 -1.446732e-02
B0253.10273.M.4.KL.2010 -0.28832302  0.02347109 -0.134322960  3.935207e-02
B0054.10273.M.4.KL.2010  0.06158203 -0.10424032  0.025637160 -5.052511e-03
B1612.10161.M.6.KL.2010  0.02207089  0.04852502 -0.418465985 -1.166826e-03
B0636.10177.M.5.KL.2010 -0.24011140 -0.04676373 -0.049683970 -8.023137e-03
B1690.11171.F.2.KL.2010  0.31725215  0.12051677  0.026168511 -5.241388e-01
B1222.10923.M.1.KL.2010  0.35309757 -0.32457553 -0.045296904  1.621530e-02
B0793.10828.M.2.KL.2010 -0.09288048  0.34046608  0.047502417 -1.609827e-02
B1365.10275.M.5.KL.2010  0.03073765 -0.05130855 -0.004275701 -3.726717e-02
B0509.10177.M.5.KL.2010 -0.03375122  0.02322509  0.005964537  5.197336e-01
B0987.10182.F.5.KL.2010  0.07154159 -0.03238698  0.259546516  2.816878e-02
B1674.10182.F.5.KL.2010  0.07154159 -0.03238698  0.259546516  2.816878e-02
B0951.10182.F.5.KL.2010  0.09278763  0.05152649 -0.507623686 -1.211223e-05
B0491.11256.F.1.KL.2010  0.06158203 -0.10424032  0.025637160 -5.052511e-03
B0645.10273.M.4.KL.2010 -0.24011140 -0.04676373 -0.049683970 -8.023137e-03
B0544.10782.M.2.KL.2010  0.04101534 -0.03757496 -0.004980545  1.797275e-02
B1508.10686.F.3.KL.2010 -0.35133221 -0.35161360 -0.035433662 -3.191085e-02
                               PCNM13        PCNM14        PCNM15
B0952.11344.F.1.KL.2010  1.341742e-01 -9.536744e-03 -1.487637e-01
B1604.11256.F.1.KL.2010 -1.968155e-03  2.974550e-03 -1.341178e-04
B0739.11489.F.3.KL.2010 -4.239246e-02  8.974326e-03  4.515647e-02
B0868.11256.F.1.KL.2010 -1.968155e-03  2.974550e-03 -1.341178e-04
B1007.11256.F.1.KL.2010 -1.968155e-03  2.974550e-03 -1.341178e-04
B1493.11254.F.1.KL.2010  2.684863e-01  2.723094e-03 -3.051899e-01
B0016.10342.F.3.KL.2010 -1.699956e-01 -1.882301e-02  1.978640e-01
B0908.11176.F.2.KL.2010 -1.983433e-03  1.771797e-04  3.823338e-03
B1551.11319.F.1.KL.2010  3.021273e-01  5.069990e-02  2.708951e-01
B0140.10391.F.3.KL.2010 -6.045470e-01 -1.072872e-01 -5.371109e-01
B0630.11489.F.3.KL.2010 -4.239246e-02  8.974326e-03  4.515647e-02
B0536.11181.M.2.KL.2010 -5.856632e-03  4.524621e-04  5.472928e-03
B1642.11882.M.3.KL.2010 -1.147193e-03  3.268912e-03 -5.957599e-04
B0563.10212.M.4.KL.2010  2.646012e-01 -1.237562e-02 -2.972853e-01
B0041.10926.M.1.KL.2010  2.690612e-01 -2.181884e-02 -2.956647e-01
B1090.10391.F.3.KL.2010  3.021273e-01  5.069990e-02  2.708951e-01
B0253.10273.M.4.KL.2010 -2.688847e-01  2.176021e-02  2.955101e-01
B0054.10273.M.4.KL.2010  4.262621e-04 -3.392807e-03 -1.513924e-03
B1612.10161.M.6.KL.2010  8.284091e-04 -2.885059e-05 -7.472356e-05
B0636.10177.M.5.KL.2010  1.739276e-03  7.127501e-04  1.524218e-03
B1690.11171.F.2.KL.2010 -9.456139e-02  2.445207e-02  9.643157e-02
B1222.10923.M.1.KL.2010 -1.566554e-04 -5.220433e-05  4.133445e-04
B0793.10828.M.2.KL.2010  1.341742e-01 -9.536744e-03 -1.487637e-01
B1365.10275.M.5.KL.2010 -8.336948e-02 -6.970345e-01  2.307377e-01
B0509.10177.M.5.KL.2010  9.646511e-02 -2.456788e-02 -9.773281e-02
B0987.10182.F.5.KL.2010 -1.345750e-01  9.802643e-03  1.471117e-01
B1674.10182.F.5.KL.2010 -1.345750e-01  9.802643e-03  1.471117e-01
B0951.10182.F.5.KL.2010 -9.673223e-05  1.737560e-04 -2.852373e-05
B0491.11256.F.1.KL.2010  4.262621e-04 -3.392807e-03 -1.513924e-03
B0645.10273.M.4.KL.2010  1.739276e-03  7.127501e-04  1.524218e-03
B0544.10782.M.2.KL.2010 -1.875945e-01  7.030095e-01  7.457732e-02
B1508.10686.F.3.KL.2010  1.656596e-03  2.527096e-03  4.351159e-04
                              PCNM1        PCNM2        PCNM3       PCNM4
B2003.11254.F.1.KL.2010 -0.16814275 -0.167521837 -0.050890268 -0.07343449
B2571.10374.F.3.KL.2010 -0.19569688  0.062605662 -0.096072834 -0.07860221
B2067.11272.F.1.KL.2010 -0.09494193  0.243063897 -0.032304808  0.14564570
B2632.11319.F.1.KL.2010  0.06239555  0.022296066  0.344256977 -0.14530623
B2420.10374.F.3.KL.2010 -0.09699731  0.227015815 -0.056204171  0.04467240
B2212.11256.F.1.KL.2010  0.23322275 -0.012208279 -0.148435553 -0.05225409
B0163.10342.F.3.KL.2010 -0.08436351 -0.211472919  0.027580995  0.12503406
B2725.10818.F.2.KL.2010  0.05744159  0.020262427  0.300372334 -0.11911435
B2040.11256.F.1.KL.2010  0.22257606 -0.011920515 -0.142463204 -0.05727129
B2600.10342.F.3.KL.2010 -0.16730820 -0.171742694 -0.049061881 -0.06609922
B2616.10342.F.3.KL.2010 -0.06999442 -0.235886592 -0.012966953  0.11095445
B1883.10461.F.2.KL.2010  0.05686783  0.020504675  0.309275611 -0.12198046
B1936.11256.F.1.KL.2010  0.22257606 -0.011920515 -0.142463204 -0.05727129
B1915.11256.F.1.KL.2010  0.22257606 -0.011920515 -0.142463204 -0.05727129
B2742.10342.F.3.KL.2010 -0.16730820 -0.171742694 -0.049061881 -0.06609922
B1590.11150.F.1.KL.2010  0.17613488 -0.077252297 -0.125097929  0.05515102
B2617.11537.F.1.KL.2010 -0.09686884 -0.205585022  0.025533990  0.13065253
B1973.10342.F.3.KL.2010 -0.16645320 -0.173414909 -0.047765500 -0.06144177
B1953.10273.M.4.KL.2010  0.06733612  0.018659924  0.250033230 -0.11126206
B1814.10828.M.2.KL.2010  0.02727077  0.063388578  0.097128663  0.34632094
B2401.10147.M.5.KL.2010 -0.01791983  0.186858658  0.053085754  0.40019549
B2737.10177.M.5.KL.2010 -0.16814275 -0.167521837 -0.050890268 -0.07343449
B2446.11201.M.2.KL.2010  0.01446405 -0.032268213  0.070689140  0.10777149
B2018.11882.M.3.KL.2010  0.03939883  0.018662424  0.055042894 -0.01413063
B1130.11280.M.2.KL.2010 -0.09454543  0.224768230 -0.053990960  0.04836518
B2020.11266.M.1.KL.2010 -0.17478991  0.126428425 -0.105225058 -0.17459690
B2015.10374.F.3.KL.2010 -0.09699731  0.227015815 -0.056204171  0.04467240
B2087.10275.M.5.KL.2010 -0.09454543  0.224768230 -0.053990960  0.04836518
B1891.10642.M.3.KL.2010 -0.06975929 -0.235894217 -0.013694263  0.10992704
B1835.10273.M.4.KL.2010  0.22439838 -0.013719088 -0.144369382 -0.03789503
B2006.11266.M.1.KL.2010 -0.14832803 -0.103708869 -0.061958720 -0.17900309
B2579.10212.M.4.KL.2010  0.22257606 -0.011920515 -0.142463204 -0.05727129
B1833.10782.M.2.KL.2010  0.06003421  0.009108790  0.039469077  0.03719787
B2004.10939.M.1.KL.2010  0.12579610  0.013342882 -0.037888731 -0.06890024
B1918.11615.M.1.KL.2010  0.06227503  0.022246400  0.343177570 -0.14466257
B2142.11488.M.1.KL.2010  0.05754937  0.020333505  0.302181867 -0.12007737
B2723.11614.M.1.KL.2010  0.19798370  0.001458240 -0.102288068 -0.05040080
B2687.8771.M.1.KL.2010   0.17613488 -0.077252297 -0.125097929  0.05515102
B1777.10273.M.4.KL.2010  0.18770114  0.003020345 -0.069239536 -0.08623873
B2119.11282.M.2.KL.2010 -0.06999442 -0.235886592 -0.012966953  0.11095445
B1847.11266.M.1.KL.2010 -0.17478991  0.126428425 -0.105225058 -0.17459690
B2045.10275.M.5.KL.2010 -0.09454543  0.224768230 -0.053990960  0.04836518
B0595.11266.M.1.KL.2010 -0.11305287 -0.217896192  0.006315351  0.07364596
B2740.10588.M.2.KL.2010  0.05686783  0.020504675  0.309275611 -0.12198046
B2147.10275.M.5.KL.2010 -0.09686884 -0.205585022  0.025533990  0.13065253
B1280.11324.M.1.KL.2010 -0.03422256  0.076773715 -0.012226485 -0.15794086
B1792.10275.M.5.KL.2010 -0.17478991  0.126428425 -0.105225058 -0.17459690
B1863.10182.F.5.KL.2010  0.02727077  0.063388578  0.097128663  0.34632094
B1229.11344.F.1.KL.2010  0.03453799  0.041074137  0.100769031  0.31379928
B1954.10177.M.5.KL.2010  0.22439838 -0.013719088 -0.144369382 -0.03789503
B1380.10275.M.5.KL.2010 -0.09454543  0.224768230 -0.053990960  0.04836518
B1791.11266.M.1.KL.2010 -0.17478991  0.126428425 -0.105225058 -0.17459690
B1997.10177.M.5.KL.2010  0.14091812 -0.008411104 -0.051078200  0.03344585
                                PCNM5        PCNM6        PCNM7         PCNM8
B2003.11254.F.1.KL.2010  0.0315739546 -0.033549537  0.073996454 -0.0850407517
B2571.10374.F.3.KL.2010 -0.1109015566 -0.190488473  0.010539622 -0.0260635781
B2067.11272.F.1.KL.2010  0.0853263180  0.059382646 -0.006173369 -0.0186765950
B2632.11319.F.1.KL.2010 -0.0753682945  0.035500329 -0.012845864 -0.0536816762
B2420.10374.F.3.KL.2010 -0.1569636292 -0.008305664 -0.087007756  0.0346869954
B2212.11256.F.1.KL.2010  0.0005565441 -0.026402275  0.005743596  0.0145589756
B0163.10342.F.3.KL.2010 -0.0585175569 -0.096694432 -0.082456678  0.0404869113
B2725.10818.F.2.KL.2010 -0.0585899442  0.024189224 -0.008821788 -0.0402005268
B2040.11256.F.1.KL.2010  0.0273174128 -0.067033688 -0.131132904 -0.1273911731
B2600.10342.F.3.KL.2010  0.0274885234 -0.034046918  0.067229424 -0.0810931719
B2616.10342.F.3.KL.2010 -0.0820999680  0.196891597 -0.091563575  0.0061006401
B1883.10461.F.2.KL.2010 -0.0645125611  0.070894663 -0.021319673  0.0004497977
B1936.11256.F.1.KL.2010  0.0273174128 -0.067033688 -0.131132904 -0.1273911731
B1915.11256.F.1.KL.2010  0.0273174128 -0.067033688 -0.131132904 -0.1273911731
B2742.10342.F.3.KL.2010  0.0274885234 -0.034046918  0.067229424 -0.0810931719
B1590.11150.F.1.KL.2010 -0.1519217322  0.379134035 -0.091761098  0.0147030959
B2617.11537.F.1.KL.2010 -0.0876195987 -0.253919263 -0.112849053  0.1461127806
B1973.10342.F.3.KL.2010  0.0244529958 -0.037516314  0.062416538 -0.0767792681
B1953.10273.M.4.KL.2010 -0.0397259475 -0.110141710  0.025458796 -0.1408163992
B1814.10828.M.2.KL.2010  0.2434337842  0.026618020  0.154964238 -0.1879873816
B2401.10147.M.5.KL.2010 -0.0002276911  0.009964636 -0.023996149 -0.1027272517
B2737.10177.M.5.KL.2010  0.0315739546 -0.033549537  0.073996454 -0.0850407517
B2446.11201.M.2.KL.2010 -0.0101876715 -0.263989717 -0.102219242  0.2885753505
B2018.11882.M.3.KL.2010  0.3317614932  0.014439296 -0.215514055  0.3485160050
B1130.11280.M.2.KL.2010 -0.1596322203 -0.009498426 -0.090764291  0.0381301327
B2020.11266.M.1.KL.2010  0.0583255809  0.048849838  0.069989104 -0.0421096480
B2015.10374.F.3.KL.2010 -0.1569636292 -0.008305664 -0.087007756  0.0346869954
B2087.10275.M.5.KL.2010 -0.1596322203 -0.009498426 -0.090764291  0.0381301327
B1891.10642.M.3.KL.2010 -0.0818828369  0.202417912 -0.090488018  0.0040112228
B1835.10273.M.4.KL.2010 -0.0930702849  0.004784869  0.137003548 -0.0392329326
B2006.11266.M.1.KL.2010  0.2061898463  0.200346683  0.150084679 -0.1184864938
B2579.10212.M.4.KL.2010  0.0273174128 -0.067033688 -0.131132904 -0.1273911731
B1833.10782.M.2.KL.2010  0.0058091787 -0.060486618  0.374510723  0.4085182404
B2004.10939.M.1.KL.2010  0.3594978162 -0.076705959 -0.382686072  0.1689375656
B1918.11615.M.1.KL.2010 -0.0749405180  0.035014330 -0.012688897 -0.0535780762
B2142.11488.M.1.KL.2010 -0.0595982689  0.029452587 -0.010304345 -0.0356090324
B2723.11614.M.1.KL.2010 -0.0147961691 -0.252628598  0.328359147  0.1094597791
B2687.8771.M.1.KL.2010  -0.1519217322  0.379134035 -0.091761098  0.0147030959
B1777.10273.M.4.KL.2010  0.0052825400 -0.323518080  0.074503320 -0.2430560329
B2119.11282.M.2.KL.2010 -0.0820999680  0.196891597 -0.091563575  0.0061006401
B1847.11266.M.1.KL.2010  0.0583255809  0.048849838  0.069989104 -0.0421096480
B2045.10275.M.5.KL.2010 -0.1596322203 -0.009498426 -0.090764291  0.0381301327
B0595.11266.M.1.KL.2010 -0.0340271538 -0.099377780 -0.028364429 -0.0141015905
B2740.10588.M.2.KL.2010 -0.0645125611  0.070894663 -0.021319673  0.0004497977
B2147.10275.M.5.KL.2010 -0.0876195987 -0.253919263 -0.112849053  0.1461127806
B1280.11324.M.1.KL.2010  0.4613584368  0.159790973 -0.070404860  0.2318814515
B1792.10275.M.5.KL.2010  0.0583255809  0.048849838  0.069989104 -0.0421096480
B1863.10182.F.5.KL.2010  0.2434337842  0.026618020  0.154964238 -0.1879873816
B1229.11344.F.1.KL.2010  0.2211788238  0.008024404  0.156351450 -0.1784454644
B1954.10177.M.5.KL.2010 -0.0930702849  0.004784869  0.137003548 -0.0392329326
B1380.10275.M.5.KL.2010 -0.1596322203 -0.009498426 -0.090764291  0.0381301327
B1791.11266.M.1.KL.2010  0.0583255809  0.048849838  0.069989104 -0.0421096480
B1997.10177.M.5.KL.2010 -0.1193104534  0.173152439  0.409243243  0.3953610934
                              PCNM9       PCNM10        PCNM11       PCNM12
B2003.11254.F.1.KL.2010 -0.04216170 -0.039392775  0.0242756693 -0.028689653
B2571.10374.F.3.KL.2010 -0.19221054 -0.008342139  0.1663865149 -0.351355658
B2067.11272.F.1.KL.2010 -0.02540736  0.130231885 -0.1276785143  0.308259991
B2632.11319.F.1.KL.2010  0.01521902  0.022200015  0.0239345513 -0.049124377
B2420.10374.F.3.KL.2010  0.05791370 -0.045883918  0.0009535722 -0.010054018
B2212.11256.F.1.KL.2010 -0.05373841 -0.047273826  0.0758354533 -0.136350933
B0163.10342.F.3.KL.2010  0.18190856 -0.190913432 -0.1300376296  0.346554957
B2725.10818.F.2.KL.2010  0.04482547  0.046963859  0.6532938043  0.267209060
B2040.11256.F.1.KL.2010 -0.05622675 -0.067914758  0.0075205677  0.008370316
B2600.10342.F.3.KL.2010 -0.02995943 -0.046338960  0.0160117599 -0.010851806
B2616.10342.F.3.KL.2010  0.14218482 -0.005295262 -0.0482266563  0.073973325
B1883.10461.F.2.KL.2010 -0.28897515 -0.226350826 -0.0646022871  0.162640405
B1936.11256.F.1.KL.2010 -0.05622675 -0.067914758  0.0075205677  0.008370316
B1915.11256.F.1.KL.2010 -0.05622675 -0.067914758  0.0075205677  0.008370316
B2742.10342.F.3.KL.2010 -0.02995943 -0.046338960  0.0160117599 -0.010851806
B1590.11150.F.1.KL.2010 -0.05647541  0.141467721  0.0323860141 -0.067384790
B2617.11537.F.1.KL.2010 -0.13548610  0.137636667 -0.0012024250  0.010306913
B1973.10342.F.3.KL.2010 -0.02701986 -0.047311664  0.0128922838 -0.003528130
B1953.10273.M.4.KL.2010  0.51520523  0.389407008  0.0563732169 -0.210997488
B1814.10828.M.2.KL.2010 -0.10605888  0.043982591  0.0001829202  0.030334012
B2401.10147.M.5.KL.2010  0.11121319 -0.136840012 -0.0015420201 -0.026481308
B2737.10177.M.5.KL.2010 -0.04216170 -0.039392775  0.0242756693 -0.028689653
B2446.11201.M.2.KL.2010 -0.32599678  0.508401677 -0.0385830961  0.034129521
B2018.11882.M.3.KL.2010  0.18427764 -0.049417927  0.0239062746 -0.107037803
B1130.11280.M.2.KL.2010  0.06545655 -0.052158541  0.0015226003 -0.014506822
B2020.11266.M.1.KL.2010 -0.05379834  0.054691451 -0.0110099187  0.039011555
B2015.10374.F.3.KL.2010  0.05791370 -0.045883918  0.0009535722 -0.010054018
B2087.10275.M.5.KL.2010  0.06545655 -0.052158541  0.0015226003 -0.014506822
B1891.10642.M.3.KL.2010  0.14235443 -0.004483136 -0.0464482679  0.069196183
B1835.10273.M.4.KL.2010 -0.07163843  0.103054582 -0.0402760542  0.070014613
B2006.11266.M.1.KL.2010  0.04265125  0.032612154  0.0209461172 -0.138314238
B2579.10212.M.4.KL.2010 -0.05622675 -0.067914758  0.0075205677  0.008370316
B1833.10782.M.2.KL.2010  0.16536914 -0.233514262  0.0254775729 -0.029097196
B2004.10939.M.1.KL.2010  0.02826677 -0.241635860  0.1251197998 -0.211213396
B1918.11615.M.1.KL.2010  0.01887633  0.025397952  0.0463817097 -0.041861699
B2142.11488.M.1.KL.2010 -0.02795423 -0.021499902 -0.6269289834 -0.313363403
B2723.11614.M.1.KL.2010  0.09578634 -0.208790378 -0.0817274607  0.180481563
B2687.8771.M.1.KL.2010  -0.05647541  0.141467721  0.0323860141 -0.067384790
B1777.10273.M.4.KL.2010  0.29383046  0.138194179 -0.1313749893  0.162880223
B2119.11282.M.2.KL.2010  0.14218482 -0.005295262 -0.0482266563  0.073973325
B1847.11266.M.1.KL.2010 -0.05379834  0.054691451 -0.0110099187  0.039011555
B2045.10275.M.5.KL.2010  0.06545655 -0.052158541  0.0015226003 -0.014506822
B0595.11266.M.1.KL.2010  0.09025521 -0.175146421  0.0526670311 -0.153265144
B2740.10588.M.2.KL.2010 -0.28897515 -0.226350826 -0.0646022871  0.162640405
B2147.10275.M.5.KL.2010 -0.13548610  0.137636667 -0.0012024250  0.010306913
B1280.11324.M.1.KL.2010  0.06906724  0.195673881 -0.1328298719  0.249228183
B1792.10275.M.5.KL.2010 -0.05379834  0.054691451 -0.0110099187  0.039011555
B1863.10182.F.5.KL.2010 -0.10605888  0.043982591  0.0001829202  0.030334012
B1229.11344.F.1.KL.2010 -0.09337028 -0.031392193  0.1215492893 -0.278661948
B1954.10177.M.5.KL.2010 -0.07163843  0.103054582 -0.0402760542  0.070014613
B1380.10275.M.5.KL.2010  0.06545655 -0.052158541  0.0015226003 -0.014506822
B1791.11266.M.1.KL.2010 -0.05379834  0.054691451 -0.0110099187  0.039011555
B1997.10177.M.5.KL.2010 -0.01382148  0.043246294  0.0812491911 -0.159365160
                              PCNM13       PCNM14        PCNM15        PCNM16
B2003.11254.F.1.KL.2010 -0.028974712 -0.127279427  0.0069617641  3.588777e-02
B2571.10374.F.3.KL.2010 -0.208534115  0.301957983 -0.1609609155  2.071109e-01
B2067.11272.F.1.KL.2010 -0.225666100  0.209678805 -0.3987042977  2.044748e-03
B2632.11319.F.1.KL.2010 -0.032500623 -0.032396300 -0.0787103148 -5.767140e-03
B2420.10374.F.3.KL.2010  0.026258056 -0.004091041  0.0399320700 -3.967091e-03
B2212.11256.F.1.KL.2010 -0.197262223 -0.092726321 -0.0372852761 -5.878816e-01
B0163.10342.F.3.KL.2010 -0.246255815 -0.322479698  0.0233123065 -9.954778e-02
B2725.10818.F.2.KL.2010  0.004227011  0.022192476  0.0052909869 -2.105140e-03
B2040.11256.F.1.KL.2010  0.104466985 -0.016606367 -0.0971676847  9.264758e-02
B2600.10342.F.3.KL.2010 -0.033994924 -0.122170328  0.0079550163  1.402627e-02
B2616.10342.F.3.KL.2010  0.119906001  0.052349637  0.0003578767 -1.092195e-02
B1883.10461.F.2.KL.2010  0.015623381  0.093066189  0.1237185894 -1.399533e-02
B1936.11256.F.1.KL.2010  0.104466985 -0.016606367 -0.0971676847  9.264758e-02
B1915.11256.F.1.KL.2010  0.104466985 -0.016606367 -0.0971676847  9.264758e-02
B2742.10342.F.3.KL.2010 -0.033994924 -0.122170328  0.0079550163  1.402627e-02
B1590.11150.F.1.KL.2010  0.016482373 -0.036227519 -0.0757424115  1.241933e-01
B2617.11537.F.1.KL.2010 -0.059076273  0.012235785 -0.0465009856  3.699686e-02
B1973.10342.F.3.KL.2010 -0.042403911 -0.118067093  0.0042883206  1.348661e-02
B1953.10273.M.4.KL.2010 -0.042144649 -0.099051488 -0.1429585094  2.532951e-03
B1814.10828.M.2.KL.2010 -0.095215059  0.015707882 -0.1775263956  5.766611e-02
B2401.10147.M.5.KL.2010  0.101241226  0.036054904  0.2037850844 -2.103675e-01
B2737.10177.M.5.KL.2010 -0.028974712 -0.127279427  0.0069617641  3.588777e-02
B2446.11201.M.2.KL.2010  0.375524021 -0.030364470  0.1086126283 -1.622179e-01
B2018.11882.M.3.KL.2010 -0.243728572  0.053129818  0.3748451200  4.432176e-01
B1130.11280.M.2.KL.2010  0.034883263  0.001935868  0.0573908295 -1.909899e-02
B2020.11266.M.1.KL.2010  0.021726529 -0.133391187  0.0030738013  1.223859e-02
B2015.10374.F.3.KL.2010  0.026258056 -0.004091041  0.0399320700 -3.967091e-03
B2087.10275.M.5.KL.2010  0.034883263  0.001935868  0.0573908295 -1.909899e-02
B1891.10642.M.3.KL.2010  0.125729286  0.052813972  0.0009273009 -6.722018e-03
B1835.10273.M.4.KL.2010 -0.202091132  0.070493607  0.2164771720  9.668093e-02
B2006.11266.M.1.KL.2010  0.313558445  0.395028275  0.1328681387 -2.178290e-01
B2579.10212.M.4.KL.2010  0.104466985 -0.016606367 -0.0971676847  9.264758e-02
B1833.10782.M.2.KL.2010  0.368635344 -0.051275662 -0.3280889255  2.297497e-01
B2004.10939.M.1.KL.2010 -0.007956354 -0.138427757 -0.1902497673 -2.322847e-01
B1918.11615.M.1.KL.2010 -0.031985756 -0.032901363 -0.0798315797 -5.023401e-03
B2142.11488.M.1.KL.2010 -0.033701653 -0.050774129 -0.0701976992 -4.593158e-05
B2723.11614.M.1.KL.2010  0.156332204  0.102340513 -0.0010288150  1.773405e-02
B2687.8771.M.1.KL.2010   0.016482373 -0.036227519 -0.0757424115  1.241933e-01
B1777.10273.M.4.KL.2010  0.021646024  0.136166507  0.2058923780 -2.664057e-02
B2119.11282.M.2.KL.2010  0.119906001  0.052349637  0.0003578767 -1.092195e-02
B1847.11266.M.1.KL.2010  0.021726529 -0.133391187  0.0030738013  1.223859e-02
B2045.10275.M.5.KL.2010  0.034883263  0.001935868  0.0573908295 -1.909899e-02
B0595.11266.M.1.KL.2010 -0.138830825  0.502462800 -0.0144602602 -1.211820e-01
B2740.10588.M.2.KL.2010  0.015623381  0.093066189  0.1237185894 -1.399533e-02
B2147.10275.M.5.KL.2010 -0.059076273  0.012235785 -0.0465009856  3.699686e-02
B1280.11324.M.1.KL.2010 -0.042837551  0.152889792  0.0247661015 -1.110073e-01
B1792.10275.M.5.KL.2010  0.021726529 -0.133391187  0.0030738013  1.223859e-02
B1863.10182.F.5.KL.2010 -0.095215059  0.015707882 -0.1775263956  5.766611e-02
B1229.11344.F.1.KL.2010  0.145639519 -0.237687556  0.3438580290  7.452009e-02
B1954.10177.M.5.KL.2010 -0.202091132  0.070493607  0.2164771720  9.668093e-02
B1380.10275.M.5.KL.2010  0.034883263  0.001935868  0.0573908295 -1.909899e-02
B1791.11266.M.1.KL.2010  0.021726529 -0.133391187  0.0030738013  1.223859e-02
B1997.10177.M.5.KL.2010 -0.280867465 -0.074486834  0.0295767899 -2.180570e-01
                               PCNM17        PCNM18        PCNM19        PCNM20
B2003.11254.F.1.KL.2010  0.2636448860  0.0410213871 -4.271316e-01  3.137432e-02
B2571.10374.F.3.KL.2010 -0.0182153833 -0.0024306670  1.835896e-02  3.227037e-03
B2067.11272.F.1.KL.2010  0.0091050597  0.0006739546 -4.841159e-04  1.093226e-03
B2632.11319.F.1.KL.2010 -0.0926989786  0.0046356968 -6.606083e-03  7.040798e-01
B2420.10374.F.3.KL.2010  0.0009217476 -0.5721928147 -4.726852e-02 -9.609325e-04
B2212.11256.F.1.KL.2010  0.2676336376 -0.0231412919  1.225222e-01 -1.845943e-02
B0163.10342.F.3.KL.2010 -0.2789451644  0.0134265050 -1.547430e-01  2.465815e-02
B2725.10818.F.2.KL.2010  0.0053575393 -0.0006818382  4.905246e-03  1.314081e-02
B2040.11256.F.1.KL.2010 -0.0694733972  0.0058681825 -3.088917e-02  4.579269e-03
B2600.10342.F.3.KL.2010  0.0006430885 -0.0105861191  1.999549e-01 -3.521725e-02
B2616.10342.F.3.KL.2010  0.0554314496 -0.0145138788  1.049996e-01 -2.347309e-03
B1883.10461.F.2.KL.2010  0.1256615481 -0.0114464120  6.254003e-02 -5.911436e-03
B1936.11256.F.1.KL.2010 -0.0694733972  0.0058681825 -3.088917e-02  4.579269e-03
B1915.11256.F.1.KL.2010 -0.0694733972  0.0058681825 -3.088917e-02  4.579269e-03
B2742.10342.F.3.KL.2010  0.0006430885 -0.0105861191  1.999549e-01 -3.521725e-02
B1590.11150.F.1.KL.2010  0.0015210764 -0.0009361665  7.033448e-03  1.824803e-03
B2617.11537.F.1.KL.2010 -0.0128419216 -0.0018502366  2.996922e-03  1.995850e-03
B1973.10342.F.3.KL.2010 -0.2073886155 -0.0442515786  5.928926e-01 -2.388671e-02
B1953.10273.M.4.KL.2010  0.0004119217 -0.0004517115  3.963764e-03  5.897417e-03
B1814.10828.M.2.KL.2010  0.1594712331  0.0140481363  6.804521e-02 -1.395532e-02
B2401.10147.M.5.KL.2010  0.0262149042 -0.0182118673 -3.005617e-02 -5.752424e-03
B2737.10177.M.5.KL.2010  0.2636448860  0.0410213871 -4.271316e-01  3.137432e-02
B2446.11201.M.2.KL.2010  0.0269962197  0.0008870414 -5.359777e-03 -4.604860e-03
B2018.11882.M.3.KL.2010  0.2982540397 -0.0098072475  1.263037e-01 -2.704189e-02
B1130.11280.M.2.KL.2010 -0.0041835654  0.2897854399  2.319743e-02  7.039644e-04
B2020.11266.M.1.KL.2010 -0.0003801797 -0.0003933580  3.680904e-03 -3.557912e-05
B2015.10374.F.3.KL.2010  0.0009217476 -0.5721928147 -4.726852e-02 -9.609325e-04
B2087.10275.M.5.KL.2010 -0.0041835654  0.2897854399  2.319743e-02  7.039644e-04
B1891.10642.M.3.KL.2010  0.1709204034  0.0016095537 -7.937075e-02 -1.588709e-02
B1835.10273.M.4.KL.2010 -0.1300900194  0.0120223156 -6.548339e-02  7.189739e-03
B2006.11266.M.1.KL.2010  0.0030004895  0.0002674384 -2.769380e-03 -3.919390e-03
B2579.10212.M.4.KL.2010 -0.0694733972  0.0058681825 -3.088917e-02  4.579269e-03
B1833.10782.M.2.KL.2010 -0.0034885843 -0.0011330914  9.443719e-03  4.392058e-03
B2004.10939.M.1.KL.2010  0.0114626039 -0.0003797626  5.743727e-05  2.220398e-04
B1918.11615.M.1.KL.2010 -0.1518851953  0.0154477529 -1.201987e-01 -7.025684e-01
B2142.11488.M.1.KL.2010 -0.0120908910  0.0009239501 -4.873960e-03 -9.605685e-03
B2723.11614.M.1.KL.2010  0.0034329722 -0.0022559247 -5.331590e-03 -6.142948e-03
B2687.8771.M.1.KL.2010   0.0015210764 -0.0009361665  7.033448e-03  1.824803e-03
B1777.10273.M.4.KL.2010  0.2625947413 -0.0237231812  1.288965e-01 -1.347347e-02
B2119.11282.M.2.KL.2010  0.0554314496 -0.0145138788  1.049996e-01 -2.347309e-03
B1847.11266.M.1.KL.2010 -0.0003801797 -0.0003933580  3.680904e-03 -3.557912e-05
B2045.10275.M.5.KL.2010 -0.0041835654  0.2897854399  2.319743e-02  7.039644e-04
B0595.11266.M.1.KL.2010 -0.2868729369  0.0017388672 -1.516299e-01  2.464969e-02
B2740.10588.M.2.KL.2010  0.1256615481 -0.0114464120  6.254003e-02 -5.911436e-03
B2147.10275.M.5.KL.2010 -0.0128419216 -0.0018502366  2.996922e-03  1.995850e-03
B1280.11324.M.1.KL.2010 -0.3146525411  0.0076017229 -1.313792e-01  2.762023e-02
B1792.10275.M.5.KL.2010 -0.0003801797 -0.0003933580  3.680904e-03 -3.557912e-05
B1863.10182.F.5.KL.2010  0.1594712331  0.0140481363  6.804521e-02 -1.395532e-02
B1229.11344.F.1.KL.2010 -0.3523132039 -0.0134512768 -1.061842e-01  3.240106e-02
B1954.10177.M.5.KL.2010 -0.1300900194  0.0120223156 -6.548339e-02  7.189739e-03
B1380.10275.M.5.KL.2010 -0.0041835654  0.2897854399  2.319743e-02  7.039644e-04
B1791.11266.M.1.KL.2010 -0.0003801797 -0.0003933580  3.680904e-03 -3.557912e-05
B1997.10177.M.5.KL.2010  0.0005893546  0.0005334756 -3.687073e-03  9.851813e-04
                               PCNM21        PCNM22
B2003.11254.F.1.KL.2010  0.2131999505 -6.084390e-02
B2571.10374.F.3.KL.2010 -0.0024609799 -7.317220e-04
B2067.11272.F.1.KL.2010 -0.0001222309 -2.204017e-04
B2632.11319.F.1.KL.2010 -0.0362181640  6.463543e-03
B2420.10374.F.3.KL.2010 -0.0010535065  2.285266e-04
B2212.11256.F.1.KL.2010  0.0182247981 -4.276161e-03
B0163.10342.F.3.KL.2010 -0.0172667620 -3.711682e-03
B2725.10818.F.2.KL.2010  0.0001714716 -1.020473e-04
B2040.11256.F.1.KL.2010 -0.0045935173  1.098771e-03
B2600.10342.F.3.KL.2010 -0.4154554186  3.041091e-01
B2616.10342.F.3.KL.2010  0.2660336560  3.098700e-01
B1883.10461.F.2.KL.2010  0.0096359099 -2.343366e-03
B1936.11256.F.1.KL.2010 -0.0045935173  1.098771e-03
B1915.11256.F.1.KL.2010 -0.0045935173  1.098771e-03
B2742.10342.F.3.KL.2010 -0.4154554186  3.041091e-01
B1590.11150.F.1.KL.2010  0.0013782942 -3.575038e-04
B2617.11537.F.1.KL.2010  0.0059542097 -2.839272e-04
B1973.10342.F.3.KL.2010  0.4047493789 -4.860057e-01
B1953.10273.M.4.KL.2010  0.0005308236 -1.679084e-04
B1814.10828.M.2.KL.2010  0.0012816203  2.081101e-03
B2401.10147.M.5.KL.2010  0.0008817572  1.217556e-03
B2737.10177.M.5.KL.2010  0.2131999505 -6.084390e-02
B2446.11201.M.2.KL.2010 -0.0109796623  6.715823e-04
B2018.11882.M.3.KL.2010  0.0035433596  3.897014e-03
B1130.11280.M.2.KL.2010  0.0005173916 -1.499643e-04
B2020.11266.M.1.KL.2010  0.0006400953 -1.665370e-06
B2015.10374.F.3.KL.2010 -0.0010535065  2.285271e-04
B2087.10275.M.5.KL.2010  0.0005173916 -1.499644e-04
B1891.10642.M.3.KL.2010 -0.5049176603 -6.157866e-01
B1835.10273.M.4.KL.2010 -0.0100345808  2.383634e-03
B2006.11266.M.1.KL.2010 -0.0020986418  7.106987e-04
B2579.10212.M.4.KL.2010 -0.0045935173  1.098771e-03
B1833.10782.M.2.KL.2010  0.0019368077 -5.177694e-04
B2004.10939.M.1.KL.2010 -0.0003641461  1.049539e-04
B1918.11615.M.1.KL.2010  0.0175369153 -1.549204e-03
B2142.11488.M.1.KL.2010 -0.0001158918  5.536210e-05
B2723.11614.M.1.KL.2010 -0.0003294323  4.457655e-04
B2687.8771.M.1.KL.2010   0.0013782942 -3.575035e-04
B1777.10273.M.4.KL.2010  0.0197960846 -4.798416e-03
B2119.11282.M.2.KL.2010  0.2660336560  3.098700e-01
B1847.11266.M.1.KL.2010  0.0006400953 -1.665201e-06
B2045.10275.M.5.KL.2010  0.0005173916 -1.499643e-04
B0595.11266.M.1.KL.2010 -0.0146669866 -1.243986e-04
B2740.10588.M.2.KL.2010  0.0096359099 -2.343366e-03
B2147.10275.M.5.KL.2010  0.0059542097 -2.839273e-04
B1280.11324.M.1.KL.2010 -0.0025316974 -4.124673e-03
B1792.10275.M.5.KL.2010  0.0006400953 -1.665353e-06
B1863.10182.F.5.KL.2010  0.0012816203  2.081101e-03
B1229.11344.F.1.KL.2010 -0.0025696586 -5.133017e-03
B1954.10177.M.5.KL.2010 -0.0100345808  2.383634e-03
B1380.10275.M.5.KL.2010  0.0005173916 -1.499644e-04
B1791.11266.M.1.KL.2010  0.0006400953 -1.665360e-06
B1997.10177.M.5.KL.2010 -0.0008656300  2.073597e-04
                              PCNM1        PCNM2       PCNM3         PCNM4
B2197.10318.F.4.KL.2010  0.29512859 -0.007349981 -0.21587015  0.1923115181
B2613.11344.F.1.KL.2010 -0.28688456  0.040309910 -0.15718004  0.0642378371
B3308.10686.F.3.KL.2010 -0.28940088  0.033616085 -0.14577028  0.0697094371
B2699.10342.F.3.KL.2010  0.26941652 -0.093940180 -0.11236046 -0.3937856390
B2073.10686.F.3.KL.2010 -0.19718544  0.134185799 -0.40054844 -0.1880072091
B2354.10342.F.3.KL.2010  0.26431548 -0.136808448 -0.09608669 -0.0521269557
B2243.10342.F.3.KL.2010  0.30838038 -0.061187752 -0.13700451 -0.0005052164
B3227.10342.F.3.KL.2010  0.26479657 -0.136433012 -0.09643692 -0.0522035707
B3240.11266.M.1.KL.2010 -0.15320634 -0.177776213  0.06118037 -0.0371110726
B3138.10784.M.1.KL.2010  0.09339093  0.447826070  0.25254528  0.1413187035
B2393.10275.M.5.KL.2010  0.08994025 -0.253837359  0.24865992 -0.3087701501
B2552.10212.M.4.KL.2010 -0.14999294  0.249862365 -0.40858572 -0.0412167801
B3139.10275.M.5.KL.2010 -0.20049012 -0.147640465  0.25107836  0.1367522855
B2591.10736.M.3.KL.2010 -0.28940088  0.033616085 -0.14577028  0.0697094371
B3348.10275.M.5.KL.2010 -0.20049012 -0.147640465  0.25107836  0.1367522855
B3131.10275.M.5.KL.2010 -0.20049012 -0.147640465  0.25107836  0.1367522855
B3213.10177.M.5.KL.2010  0.17772152 -0.228421800  0.14581513  0.1895775794
B3182.11284.M.2.KL.2010 -0.15320634 -0.177776213  0.06118037 -0.0371110726
B3204.10588.M.2.KL.2010  0.05623221  0.420257950  0.27663306 -0.2417243095
B2190.8771.M.1.KL.2010   0.26710267  0.150493765 -0.06618516  0.6285625326
B2311.11266.M.1.KL.2010 -0.02171561 -0.212629143 -0.09289757 -0.1701494932
B3169.10232.M.1.KL.2010  0.05603822  0.418913467  0.27544705 -0.2429724323
                               PCNM5       PCNM6       PCNM7        PCNM8
B2197.10318.F.4.KL.2010 -0.235327478  0.43317180 -0.28458308  0.017350313
B2613.11344.F.1.KL.2010 -0.083157542  0.03900765  0.01002594  0.173918144
B3308.10686.F.3.KL.2010 -0.082244675  0.06994286  0.04060493 -0.347088414
B2699.10342.F.3.KL.2010 -0.333128344  0.01059220 -0.03826036  0.093796583
B2073.10686.F.3.KL.2010  0.275442172  0.08083934  0.23639807  0.520112471
B2354.10342.F.3.KL.2010  0.302338147 -0.01691110 -0.12538150 -0.248669145
B2243.10342.F.3.KL.2010 -0.236047263 -0.13840599  0.44303016 -0.118847965
B3227.10342.F.3.KL.2010  0.299039996 -0.01895364 -0.12357242 -0.274298707
B3240.11266.M.1.KL.2010  0.400948671  0.04844241 -0.08305999 -0.003389700
B3138.10784.M.1.KL.2010  0.104657410 -0.03795883  0.39318635  0.111557772
B2393.10275.M.5.KL.2010  0.001749343 -0.47627952  0.20838564 -0.005119818
B2552.10212.M.4.KL.2010 -0.176873146 -0.55687478 -0.34446435 -0.015554855
B3139.10275.M.5.KL.2010 -0.181712503 -0.01359827 -0.01949971  0.005261888
B2591.10736.M.3.KL.2010 -0.082244675  0.06994286  0.04060493 -0.347088414
B3348.10275.M.5.KL.2010 -0.181712503 -0.01359827 -0.01949971  0.005261888
B3131.10275.M.5.KL.2010 -0.181712503 -0.01359827 -0.01949971  0.005261888
B3213.10177.M.5.KL.2010 -0.050943987 -0.06448410 -0.33208795  0.525087858
B3182.11284.M.2.KL.2010  0.400948671  0.04844241 -0.08305999 -0.003389700
B3204.10588.M.2.KL.2010  0.009444113  0.13535832 -0.17142289 -0.013609072
B2190.8771.M.1.KL.2010   0.143278004 -0.13541498  0.14437865 -0.003219451
B2311.11266.M.1.KL.2010 -0.121163719  0.41429858  0.31953361  0.017335676
B3169.10232.M.1.KL.2010  0.008421810  0.13603932 -0.19175660 -0.094669240
                               PCNM9        PCNM10        PCNM11        PCNM12
B2197.10318.F.4.KL.2010  0.028211332  0.0007434485  3.372772e-03 -1.033554e-03
B2613.11344.F.1.KL.2010 -0.035585032 -0.8231029364  9.532484e-03  3.947359e-02
B3308.10686.F.3.KL.2010  0.071214147  0.2780578788 -3.370134e-03 -7.574377e-03
B2699.10342.F.3.KL.2010  0.494180710  0.0064201941  1.467364e-01  2.658501e-02
B2073.10686.F.3.KL.2010 -0.127020566  0.2527207969 -1.869856e-03 -2.560991e-02
B2354.10342.F.3.KL.2010  0.056454220 -0.0901781051 -1.080717e-01  7.087364e-01
B2243.10342.F.3.KL.2010 -0.523434575 -0.0127211086 -1.507414e-01 -2.434149e-02
B3227.10342.F.3.KL.2010  0.070858597 -0.1607119169  1.104314e-01 -6.863888e-01
B3240.11266.M.1.KL.2010  0.005865919 -0.0009357498 -1.313132e-06 -6.537774e-04
B3138.10784.M.1.KL.2010  0.490493020 -0.0027945364  1.498602e-01  2.766116e-02
B2393.10275.M.5.KL.2010 -0.014178002 -0.0006428398 -8.751025e-04 -4.428941e-04
B2552.10212.M.4.KL.2010  0.020283300  0.0238813841 -2.506518e-03  9.724957e-04
B3139.10275.M.5.KL.2010 -0.001191712  0.0002349604 -6.176912e-06 -2.367462e-04
B2591.10736.M.3.KL.2010  0.071214147  0.2780578788 -3.370134e-03 -7.574377e-03
B3348.10275.M.5.KL.2010 -0.001191712  0.0002349604 -6.176912e-06 -2.367462e-04
B3131.10275.M.5.KL.2010 -0.001191712  0.0002349604 -6.176912e-06 -2.367462e-04
B3213.10177.M.5.KL.2010 -0.095715261  0.2624317220 -3.333107e-03 -2.363482e-02
B3182.11284.M.2.KL.2010  0.005865919 -0.0009357498 -1.313132e-06 -6.537774e-04
B3204.10588.M.2.KL.2010 -0.047175526 -0.0134438510 -7.438901e-01 -1.164577e-01
B2190.8771.M.1.KL.2010  -0.015908944  0.0001955797  1.470661e-03 -3.748537e-05
B2311.11266.M.1.KL.2010 -0.013689988 -0.0089530586  7.883346e-05  2.009118e-03
B3169.10232.M.1.KL.2010 -0.438358282  0.0112060885  5.965665e-01  8.967547e-02
[1] "Acessing PCNM scores"
[1] "Analysis for Core OTUs"
[1] "Variance partitioning - Core OTUs"
Warning messages:
1: collinearity detected in X2: mm = 8, m = 7 
2: collinearity detected in cbind(X1,X2): mm = 25, m = 24 
3: collinearity detected in X2: mm = 16, m = 15 
4: collinearity detected in cbind(X1,X2): mm = 38, m = 37 
5: collinearity detected in X2: mm = 16, m = 15 
6: collinearity detected in cbind(X1,X2): mm = 31, m = 30 
7: collinearity detected in X2: mm = 25, m = 24 
8: collinearity detected in cbind(X1,X2): mm = 47, m = 46 
9: collinearity detected in X2: mm = 13, m = 12 
10: collinearity detected in cbind(X1,X2): mm = 25, m = 21 
$`Month 2`

Partition of variance in RDA 

Call: (function (Y, X, ..., data, chisquare = FALSE, transfo, scale =
FALSE, add = FALSE, sqrt.dist = FALSE, permutations = 1000) { if
(missing(data)) data <- parent.frame() X <- list(X, ...)  if
((length(X) < 2 || length(X) > 4)) stop("needs two to four explanatory
tables") if (inherits(Y, "dist")) { inert <- attr(Y, "method") inert <-
paste(paste0(toupper(substring(inert, 1, 1)), substring(inert, 2)),
"distance") if (sqrt.dist) Y <- sqrt(Y) else inert <- paste("squared",
inert) if (is.logical(add) && isTRUE(add)) add <- "lingoes" if
(is.character(add)) { add <- match.arg(add, c("lingoes", "cailliez"))
if (add == "lingoes") { ac <- addLingoes(as.matrix(Y)) Y <- sqrt(Y^2 +
2 * ac) } else if (add == "cailliez") { ac <- addCailliez(as.matrix(Y))
Y <- Y + ac } if (ac > sqrt(.Machine$double.eps)) inert <-
paste(paste0(toupper(substring(add, 1, 1)), substring(add, 2)),
"adjusted", inert) } RDA <- "dbRDA" if (!missing(transfo) ||
!missing(scale)) message("arguments 'transfo' and 'scale' are ignored
with distances") } else if (chisquare) { inert = "Chi-square" RDA =
"CCA" permutations = getPermuteMatrix(permutations, nrow(Y)) } else {
inert <- "variance" RDA <- "RDA" if (!missing(transfo)) { Y <-
decostand(Y, transfo) transfo <- attr(Y, "decostand") } if
(!missing(transfo) && (is.null(dim(Y)) || ncol(Y) == 1))
warning("transformations are probably meaningless with a single
variable") if (scale && !missing(transfo)) warning("Y should not be
both transformed and scaled (standardized)") Y <- scale(Y, center =
TRUE, scale = scale) } Sets <- list() for (i in seq_along(X)) { if
(is.data.frame(X[[i]]) || is.factor(X[[i]])) { mf <-
as.data.frame(X[[i]]) mf <- model.matrix(~., mf) Sets[[i]] <- mf[, -1,
drop = FALSE] } else if (inherits(X[[i]], "formula")) { mf <-
model.frame(X[[i]], data, na.action = na.fail, drop.unused.levels =
TRUE) trms <- attr(mf, "terms") Sets[[i]] <- model.matrix(trms, mf) if
(any(colnames(Sets[[i]]) == "(Intercept)")) { xint <-
which(colnames(Sets[[i]]) == "(Intercept)") Sets[[i]] <- (Sets[[i]])[,
-xint, drop = FALSE] } } else Sets[[i]] <- as.matrix(X[[i]]) Sets[[i]]
<- scale(Sets[[i]], center = TRUE, scale = TRUE) } out <- list()
out$part <- switch(length(Sets), NULL, varpart2(Y, Sets[[1]],
Sets[[2]], chisquare, permutations), varpart3(Y, Sets[[1]], Sets[[2]],
Sets[[3]], chisquare, permutations), varpart4(Y, Sets[[1]], Sets[[2]],
Sets[[3]], Sets[[4]], chisquare, permutations)) if (inherits(Y,
"dist")) { out$part$ordination <- "dbrda" } else { if (chisquare)
out$part$ordination <- "cca" else { out$part$ordination <- "rda" } } if
(RDA == "RDA") { out$scale <- scale if (!missing(transfo)) out$transfo
<- transfo } else { if (scale || !missing(transfo)) message("arguments
'scale' and 'transfo' ignored: valid only in RDA") } out$inert <- inert
out$RDA <- RDA out$call <- match.call() mx <- rep(" ", length(X)) for
(i in seq_along(X)) mx[i] <- deparse(out$call[[i + 2]], width.cutoff =
500) out$tables <- mx class(out) <- c("varpart", class(out)) out })(Y =
dots[[1L]][[1L]], X = dots[[2L]][[1L]], ~., data = dots[[3L]][[1L]])

Explanatory tables:
X1:  dots[[2L]][[1L]]
X2:  ~. 

No. of explanatory tables: 2 
Total variation (SS): 8610.6 
            Variance: 344.42 
No. of observations: 26 

Partition table:
                     Df R.squared Adj.R.squared Testable
[a+b] = X1           17   0.71450       0.10781     TRUE
[b+c] = X2            7   0.29118       0.01553     TRUE
[a+b+c] = X1+X2      24   0.96678       0.16956     TRUE
Individual fractions                                    
[a] = X1|X2          17                 0.15404     TRUE
[b]                   0                -0.04622    FALSE
[c] = X2|X1           7                 0.06175     TRUE
[d] = Residuals                         0.83044    FALSE
---
Use function ‘rda’ to test significance of fractions of interest

$`Month 3`

Partition of variance in RDA 

Call: (function (Y, X, ..., data, chisquare = FALSE, transfo, scale =
FALSE, add = FALSE, sqrt.dist = FALSE, permutations = 1000) { if
(missing(data)) data <- parent.frame() X <- list(X, ...)  if
((length(X) < 2 || length(X) > 4)) stop("needs two to four explanatory
tables") if (inherits(Y, "dist")) { inert <- attr(Y, "method") inert <-
paste(paste0(toupper(substring(inert, 1, 1)), substring(inert, 2)),
"distance") if (sqrt.dist) Y <- sqrt(Y) else inert <- paste("squared",
inert) if (is.logical(add) && isTRUE(add)) add <- "lingoes" if
(is.character(add)) { add <- match.arg(add, c("lingoes", "cailliez"))
if (add == "lingoes") { ac <- addLingoes(as.matrix(Y)) Y <- sqrt(Y^2 +
2 * ac) } else if (add == "cailliez") { ac <- addCailliez(as.matrix(Y))
Y <- Y + ac } if (ac > sqrt(.Machine$double.eps)) inert <-
paste(paste0(toupper(substring(add, 1, 1)), substring(add, 2)),
"adjusted", inert) } RDA <- "dbRDA" if (!missing(transfo) ||
!missing(scale)) message("arguments 'transfo' and 'scale' are ignored
with distances") } else if (chisquare) { inert = "Chi-square" RDA =
"CCA" permutations = getPermuteMatrix(permutations, nrow(Y)) } else {
inert <- "variance" RDA <- "RDA" if (!missing(transfo)) { Y <-
decostand(Y, transfo) transfo <- attr(Y, "decostand") } if
(!missing(transfo) && (is.null(dim(Y)) || ncol(Y) == 1))
warning("transformations are probably meaningless with a single
variable") if (scale && !missing(transfo)) warning("Y should not be
both transformed and scaled (standardized)") Y <- scale(Y, center =
TRUE, scale = scale) } Sets <- list() for (i in seq_along(X)) { if
(is.data.frame(X[[i]]) || is.factor(X[[i]])) { mf <-
as.data.frame(X[[i]]) mf <- model.matrix(~., mf) Sets[[i]] <- mf[, -1,
drop = FALSE] } else if (inherits(X[[i]], "formula")) { mf <-
model.frame(X[[i]], data, na.action = na.fail, drop.unused.levels =
TRUE) trms <- attr(mf, "terms") Sets[[i]] <- model.matrix(trms, mf) if
(any(colnames(Sets[[i]]) == "(Intercept)")) { xint <-
which(colnames(Sets[[i]]) == "(Intercept)") Sets[[i]] <- (Sets[[i]])[,
-xint, drop = FALSE] } } else Sets[[i]] <- as.matrix(X[[i]]) Sets[[i]]
<- scale(Sets[[i]], center = TRUE, scale = TRUE) } out <- list()
out$part <- switch(length(Sets), NULL, varpart2(Y, Sets[[1]],
Sets[[2]], chisquare, permutations), varpart3(Y, Sets[[1]], Sets[[2]],
Sets[[3]], chisquare, permutations), varpart4(Y, Sets[[1]], Sets[[2]],
Sets[[3]], Sets[[4]], chisquare, permutations)) if (inherits(Y,
"dist")) { out$part$ordination <- "dbrda" } else { if (chisquare)
out$part$ordination <- "cca" else { out$part$ordination <- "rda" } } if
(RDA == "RDA") { out$scale <- scale if (!missing(transfo)) out$transfo
<- transfo } else { if (scale || !missing(transfo)) message("arguments
'scale' and 'transfo' ignored: valid only in RDA") } out$inert <- inert
out$RDA <- RDA out$call <- match.call() mx <- rep(" ", length(X)) for
(i in seq_along(X)) mx[i] <- deparse(out$call[[i + 2]], width.cutoff =
500) out$tables <- mx class(out) <- c("varpart", class(out)) out })(Y =
dots[[1L]][[2L]], X = dots[[2L]][[2L]], ~., data = dots[[3L]][[2L]])

Explanatory tables:
X1:  dots[[2L]][[2L]]
X2:  ~. 

No. of explanatory tables: 2 
Total variation (SS): 21543 
            Variance: 391.69 
No. of observations: 56 

Partition table:
                     Df R.squared Adj.R.squared Testable
[a+b] = X1           22   0.48708       0.14513     TRUE
[b+c] = X2           15   0.29850       0.03544     TRUE
[a+b+c] = X1+X2      37   0.73449       0.18871     TRUE
Individual fractions                                    
[a] = X1|X2          22                 0.15328     TRUE
[b]                   0                -0.00815    FALSE
[c] = X2|X1          15                 0.04359     TRUE
[d] = Residuals                         0.81129    FALSE
---
Use function ‘rda’ to test significance of fractions of interest

$`Month 4`

Partition of variance in RDA 

Call: (function (Y, X, ..., data, chisquare = FALSE, transfo, scale =
FALSE, add = FALSE, sqrt.dist = FALSE, permutations = 1000) { if
(missing(data)) data <- parent.frame() X <- list(X, ...)  if
((length(X) < 2 || length(X) > 4)) stop("needs two to four explanatory
tables") if (inherits(Y, "dist")) { inert <- attr(Y, "method") inert <-
paste(paste0(toupper(substring(inert, 1, 1)), substring(inert, 2)),
"distance") if (sqrt.dist) Y <- sqrt(Y) else inert <- paste("squared",
inert) if (is.logical(add) && isTRUE(add)) add <- "lingoes" if
(is.character(add)) { add <- match.arg(add, c("lingoes", "cailliez"))
if (add == "lingoes") { ac <- addLingoes(as.matrix(Y)) Y <- sqrt(Y^2 +
2 * ac) } else if (add == "cailliez") { ac <- addCailliez(as.matrix(Y))
Y <- Y + ac } if (ac > sqrt(.Machine$double.eps)) inert <-
paste(paste0(toupper(substring(add, 1, 1)), substring(add, 2)),
"adjusted", inert) } RDA <- "dbRDA" if (!missing(transfo) ||
!missing(scale)) message("arguments 'transfo' and 'scale' are ignored
with distances") } else if (chisquare) { inert = "Chi-square" RDA =
"CCA" permutations = getPermuteMatrix(permutations, nrow(Y)) } else {
inert <- "variance" RDA <- "RDA" if (!missing(transfo)) { Y <-
decostand(Y, transfo) transfo <- attr(Y, "decostand") } if
(!missing(transfo) && (is.null(dim(Y)) || ncol(Y) == 1))
warning("transformations are probably meaningless with a single
variable") if (scale && !missing(transfo)) warning("Y should not be
both transformed and scaled (standardized)") Y <- scale(Y, center =
TRUE, scale = scale) } Sets <- list() for (i in seq_along(X)) { if
(is.data.frame(X[[i]]) || is.factor(X[[i]])) { mf <-
as.data.frame(X[[i]]) mf <- model.matrix(~., mf) Sets[[i]] <- mf[, -1,
drop = FALSE] } else if (inherits(X[[i]], "formula")) { mf <-
model.frame(X[[i]], data, na.action = na.fail, drop.unused.levels =
TRUE) trms <- attr(mf, "terms") Sets[[i]] <- model.matrix(trms, mf) if
(any(colnames(Sets[[i]]) == "(Intercept)")) { xint <-
which(colnames(Sets[[i]]) == "(Intercept)") Sets[[i]] <- (Sets[[i]])[,
-xint, drop = FALSE] } } else Sets[[i]] <- as.matrix(X[[i]]) Sets[[i]]
<- scale(Sets[[i]], center = TRUE, scale = TRUE) } out <- list()
out$part <- switch(length(Sets), NULL, varpart2(Y, Sets[[1]],
Sets[[2]], chisquare, permutations), varpart3(Y, Sets[[1]], Sets[[2]],
Sets[[3]], chisquare, permutations), varpart4(Y, Sets[[1]], Sets[[2]],
Sets[[3]], Sets[[4]], chisquare, permutations)) if (inherits(Y,
"dist")) { out$part$ordination <- "dbrda" } else { if (chisquare)
out$part$ordination <- "cca" else { out$part$ordination <- "rda" } } if
(RDA == "RDA") { out$scale <- scale if (!missing(transfo)) out$transfo
<- transfo } else { if (scale || !missing(transfo)) message("arguments
'scale' and 'transfo' ignored: valid only in RDA") } out$inert <- inert
out$RDA <- RDA out$call <- match.call() mx <- rep(" ", length(X)) for
(i in seq_along(X)) mx[i] <- deparse(out$call[[i + 2]], width.cutoff =
500) out$tables <- mx class(out) <- c("varpart", class(out)) out })(Y =
dots[[1L]][[3L]], X = dots[[2L]][[3L]], ~., data = dots[[3L]][[3L]])

Explanatory tables:
X1:  dots[[2L]][[3L]]
X2:  ~. 

No. of explanatory tables: 2 
Total variation (SS): 12402 
            Variance: 400.05 
No. of observations: 32 

Partition table:
                     Df R.squared Adj.R.squared Testable
[a+b] = X1           15   0.51722       0.06462     TRUE
[b+c] = X2           15   0.52470       0.07911     TRUE
[a+b+c] = X1+X2      30   0.98265       0.46204     TRUE
Individual fractions                                    
[a] = X1|X2          15                 0.38293     TRUE
[b]                   0                -0.31831    FALSE
[c] = X2|X1          15                 0.39742     TRUE
[d] = Residuals                         0.53796    FALSE
---
Use function ‘rda’ to test significance of fractions of interest

$`Month 5`

Partition of variance in RDA 

Call: (function (Y, X, ..., data, chisquare = FALSE, transfo, scale =
FALSE, add = FALSE, sqrt.dist = FALSE, permutations = 1000) { if
(missing(data)) data <- parent.frame() X <- list(X, ...)  if
((length(X) < 2 || length(X) > 4)) stop("needs two to four explanatory
tables") if (inherits(Y, "dist")) { inert <- attr(Y, "method") inert <-
paste(paste0(toupper(substring(inert, 1, 1)), substring(inert, 2)),
"distance") if (sqrt.dist) Y <- sqrt(Y) else inert <- paste("squared",
inert) if (is.logical(add) && isTRUE(add)) add <- "lingoes" if
(is.character(add)) { add <- match.arg(add, c("lingoes", "cailliez"))
if (add == "lingoes") { ac <- addLingoes(as.matrix(Y)) Y <- sqrt(Y^2 +
2 * ac) } else if (add == "cailliez") { ac <- addCailliez(as.matrix(Y))
Y <- Y + ac } if (ac > sqrt(.Machine$double.eps)) inert <-
paste(paste0(toupper(substring(add, 1, 1)), substring(add, 2)),
"adjusted", inert) } RDA <- "dbRDA" if (!missing(transfo) ||
!missing(scale)) message("arguments 'transfo' and 'scale' are ignored
with distances") } else if (chisquare) { inert = "Chi-square" RDA =
"CCA" permutations = getPermuteMatrix(permutations, nrow(Y)) } else {
inert <- "variance" RDA <- "RDA" if (!missing(transfo)) { Y <-
decostand(Y, transfo) transfo <- attr(Y, "decostand") } if
(!missing(transfo) && (is.null(dim(Y)) || ncol(Y) == 1))
warning("transformations are probably meaningless with a single
variable") if (scale && !missing(transfo)) warning("Y should not be
both transformed and scaled (standardized)") Y <- scale(Y, center =
TRUE, scale = scale) } Sets <- list() for (i in seq_along(X)) { if
(is.data.frame(X[[i]]) || is.factor(X[[i]])) { mf <-
as.data.frame(X[[i]]) mf <- model.matrix(~., mf) Sets[[i]] <- mf[, -1,
drop = FALSE] } else if (inherits(X[[i]], "formula")) { mf <-
model.frame(X[[i]], data, na.action = na.fail, drop.unused.levels =
TRUE) trms <- attr(mf, "terms") Sets[[i]] <- model.matrix(trms, mf) if
(any(colnames(Sets[[i]]) == "(Intercept)")) { xint <-
which(colnames(Sets[[i]]) == "(Intercept)") Sets[[i]] <- (Sets[[i]])[,
-xint, drop = FALSE] } } else Sets[[i]] <- as.matrix(X[[i]]) Sets[[i]]
<- scale(Sets[[i]], center = TRUE, scale = TRUE) } out <- list()
out$part <- switch(length(Sets), NULL, varpart2(Y, Sets[[1]],
Sets[[2]], chisquare, permutations), varpart3(Y, Sets[[1]], Sets[[2]],
Sets[[3]], chisquare, permutations), varpart4(Y, Sets[[1]], Sets[[2]],
Sets[[3]], Sets[[4]], chisquare, permutations)) if (inherits(Y,
"dist")) { out$part$ordination <- "dbrda" } else { if (chisquare)
out$part$ordination <- "cca" else { out$part$ordination <- "rda" } } if
(RDA == "RDA") { out$scale <- scale if (!missing(transfo)) out$transfo
<- transfo } else { if (scale || !missing(transfo)) message("arguments
'scale' and 'transfo' ignored: valid only in RDA") } out$inert <- inert
out$RDA <- RDA out$call <- match.call() mx <- rep(" ", length(X)) for
(i in seq_along(X)) mx[i] <- deparse(out$call[[i + 2]], width.cutoff =
500) out$tables <- mx class(out) <- c("varpart", class(out)) out })(Y =
dots[[1L]][[4L]], X = dots[[2L]][[4L]], ~., data = dots[[3L]][[4L]])

Explanatory tables:
X1:  dots[[2L]][[4L]]
X2:  ~. 

No. of explanatory tables: 2 
Total variation (SS): 15158 
            Variance: 291.49 
No. of observations: 53 

Partition table:
                     Df R.squared Adj.R.squared Testable
[a+b] = X1           22   0.44812       0.04340     TRUE
[b+c] = X2           24   0.53677       0.13972     TRUE
[a+b+c] = X1+X2      46   0.90125       0.14416     TRUE
Individual fractions                                    
[a] = X1|X2          22                 0.00444     TRUE
[b]                   0                 0.03896    FALSE
[c] = X2|X1          24                 0.10076     TRUE
[d] = Residuals                         0.85584    FALSE
---
Use function ‘rda’ to test significance of fractions of interest

$`Month 6`

Partition of variance in RDA 

Call: (function (Y, X, ..., data, chisquare = FALSE, transfo, scale =
FALSE, add = FALSE, sqrt.dist = FALSE, permutations = 1000) { if
(missing(data)) data <- parent.frame() X <- list(X, ...)  if
((length(X) < 2 || length(X) > 4)) stop("needs two to four explanatory
tables") if (inherits(Y, "dist")) { inert <- attr(Y, "method") inert <-
paste(paste0(toupper(substring(inert, 1, 1)), substring(inert, 2)),
"distance") if (sqrt.dist) Y <- sqrt(Y) else inert <- paste("squared",
inert) if (is.logical(add) && isTRUE(add)) add <- "lingoes" if
(is.character(add)) { add <- match.arg(add, c("lingoes", "cailliez"))
if (add == "lingoes") { ac <- addLingoes(as.matrix(Y)) Y <- sqrt(Y^2 +
2 * ac) } else if (add == "cailliez") { ac <- addCailliez(as.matrix(Y))
Y <- Y + ac } if (ac > sqrt(.Machine$double.eps)) inert <-
paste(paste0(toupper(substring(add, 1, 1)), substring(add, 2)),
"adjusted", inert) } RDA <- "dbRDA" if (!missing(transfo) ||
!missing(scale)) message("arguments 'transfo' and 'scale' are ignored
with distances") } else if (chisquare) { inert = "Chi-square" RDA =
"CCA" permutations = getPermuteMatrix(permutations, nrow(Y)) } else {
inert <- "variance" RDA <- "RDA" if (!missing(transfo)) { Y <-
decostand(Y, transfo) transfo <- attr(Y, "decostand") } if
(!missing(transfo) && (is.null(dim(Y)) || ncol(Y) == 1))
warning("transformations are probably meaningless with a single
variable") if (scale && !missing(transfo)) warning("Y should not be
both transformed and scaled (standardized)") Y <- scale(Y, center =
TRUE, scale = scale) } Sets <- list() for (i in seq_along(X)) { if
(is.data.frame(X[[i]]) || is.factor(X[[i]])) { mf <-
as.data.frame(X[[i]]) mf <- model.matrix(~., mf) Sets[[i]] <- mf[, -1,
drop = FALSE] } else if (inherits(X[[i]], "formula")) { mf <-
model.frame(X[[i]], data, na.action = na.fail, drop.unused.levels =
TRUE) trms <- attr(mf, "terms") Sets[[i]] <- model.matrix(trms, mf) if
(any(colnames(Sets[[i]]) == "(Intercept)")) { xint <-
which(colnames(Sets[[i]]) == "(Intercept)") Sets[[i]] <- (Sets[[i]])[,
-xint, drop = FALSE] } } else Sets[[i]] <- as.matrix(X[[i]]) Sets[[i]]
<- scale(Sets[[i]], center = TRUE, scale = TRUE) } out <- list()
out$part <- switch(length(Sets), NULL, varpart2(Y, Sets[[1]],
Sets[[2]], chisquare, permutations), varpart3(Y, Sets[[1]], Sets[[2]],
Sets[[3]], chisquare, permutations), varpart4(Y, Sets[[1]], Sets[[2]],
Sets[[3]], Sets[[4]], chisquare, permutations)) if (inherits(Y,
"dist")) { out$part$ordination <- "dbrda" } else { if (chisquare)
out$part$ordination <- "cca" else { out$part$ordination <- "rda" } } if
(RDA == "RDA") { out$scale <- scale if (!missing(transfo)) out$transfo
<- transfo } else { if (scale || !missing(transfo)) message("arguments
'scale' and 'transfo' ignored: valid only in RDA") } out$inert <- inert
out$RDA <- RDA out$call <- match.call() mx <- rep(" ", length(X)) for
(i in seq_along(X)) mx[i] <- deparse(out$call[[i + 2]], width.cutoff =
500) out$tables <- mx class(out) <- c("varpart", class(out)) out })(Y =
dots[[1L]][[5L]], X = dots[[2L]][[5L]], ~., data = dots[[3L]][[5L]])

Explanatory tables:
X1:  dots[[2L]][[5L]]
X2:  ~. 

No. of explanatory tables: 2 
Total variation (SS): 5751.6 
            Variance: 273.89 
No. of observations: 22 

Partition table:
                     Df R.squared Adj.R.squared Testable
[a+b] = X1           12   0.60447       0.07710     TRUE
[b+c] = X2           12   0.65682       0.19924     TRUE
[a+b+c] = X1+X2      21   1.00000                   TRUE
Individual fractions                                    
[a] = X1|X2           9                             TRUE
[b]                   0                            FALSE
[c] = X2|X1           9                             TRUE
[d] = Residuals                                    FALSE
---
Use function ‘rda’ to test significance of fractions of interest

Warning message:
collinearity detected: redundant variable(s)  between tables X1, X2
results are probably incorrect: remove redundant variable(s) and repeat the analysis 
Error in pdf(file = "./plots/core_KL2010_vp_mod1M.pdf") : 
  cannot open file './plots/core_KL2010_vp_mod1M.pdf'
Execution halted
