Unloading StdEnv/2020

The following have been reloaded with a version change:
  1) gcccore/.9.3.0 => gcccore/.7.3.0     2) imkl/2020.1.217 => imkl/2018.3.222

[1] "Set up (working directory, theme, and packages)"
Loading required package: permute
Loading required package: lattice
This is vegan 2.5-6
Loading required package: MASS
Loading required package: NADA
Loading required package: survival

Attaching package: ‘NADA’

The following object is masked from ‘package:stats’:

    cor

Loading required package: truncnorm
Loading required package: ALDEx2
Loading required package: car
Loading required package: carData
── Attaching packages ─────────────────────────────────────── tidyverse 1.3.0 ──
✔ ggplot2 3.3.2     ✔ purrr   0.3.4
✔ tibble  3.0.1     ✔ dplyr   1.0.0
✔ tidyr   1.1.0     ✔ stringr 1.4.0
✔ readr   1.3.1     ✔ forcats 0.5.0
── Conflicts ────────────────────────────────────────── tidyverse_conflicts() ──
✖ dplyr::filter() masks stats::filter()
✖ dplyr::lag()    masks stats::lag()
✖ dplyr::recode() masks car::recode()
✖ dplyr::select() masks MASS::select()
✖ purrr::some()   masks car::some()
[1] "Initiate functions for analysis"
[1] "Read in the Data"
[1] "Building phyloseq object"
[1] "Read in the metadata"
[1] "Aitchison transformation"
No. corrected values:  19086552 
[1] "Extract Core"
[1] "Subset the OTU table to find core and non-core OTUs"
[1] "Accessing the XY data by month"
[1] "Months in this Grid"
[1] 5
[1] "Computing Euclidean Distances"
[1] "Maximum Euclidean Distance by Month"
$`Month 5`
[1] 28.20018

Warning message:
`summarise_each_()` is deprecated as of dplyr 0.7.0.
Please use `across()` instead.
This warning is displayed once every 8 hours.
Call `lifecycle::last_warnings()` to see where this warning was generated. 
[1] "Build the community object (OTU table) for grid/year/month"
[1] "Extract metadata for grid/year/month"
[1] "Removing pobjects that are no longer needed"
[1] "Unweighted PCNM - for use with all OTU tables"
                              PCNM1       PCNM2       PCNM3       PCNM4
P3107.8404.F.1.SU.2008   0.27135641 -0.18101369 -0.07012213  0.22250494
P3181.8815.F.2.SU.2008   0.10756977  0.16150669  0.01082882 -0.49676661
P0137.10271.F.1.SU.2008  0.24951342  0.02122131 -0.06769587 -0.41109087
P1705.8579.F.4.SU.2008  -0.25765492 -0.20125280  0.14277625 -0.03160502
P0123.8404.F.1.SU.2008   0.27148558 -0.18114140 -0.07019332  0.22258359
P1277.8579.F.4.SU.2008  -0.19126298 -0.22238762  0.32666052 -0.02483345
P1786.10405.F.1.SU.2008 -0.22279516  0.01764951 -0.30754821  0.07301821
P1461.10747.F.1.SU.2008 -0.27719969 -0.10530517 -0.08903443  0.04715820
P1642.8398.F.4.SU.2008  -0.25322271 -0.04262434 -0.21351013  0.06470338
P0054.10133.F.3.SU.2008  0.31082110 -0.17673338 -0.09053869  0.08886634
P0064.8633.F.1.SU.2008  -0.15111065 -0.21032434  0.39059489 -0.04664591
P1791.8513.F.6.SU.2008   0.06692147  0.41455143  0.22767292  0.18542393
P1767.8513.F.6.SU.2008   0.06692147  0.41455143  0.22767292  0.18542393
P1424.10160.F.3.SU.2008 -0.21206325  0.06341098 -0.33120196 -0.09506182
P3066.8644.F.2.SU.2008   0.07588880  0.17810852 -0.08352943 -0.52773654
P1427.10133.F.3.SU.2008  0.31082110 -0.17673338 -0.09053869  0.08886634
P1631.8593.F.2.SU.2008   0.03913599  0.46283511  0.13319871  0.23611778
P0143.10747.F.1.SU.2008 -0.27719969 -0.10530517 -0.08903443  0.04715820
P1681.10362.F.1.SU.2008 -0.17434815  0.19745968 -0.30585911  0.16030879
P1254.10657.F.1.SU.2008 -0.06439901 -0.15173998  0.43994006 -0.07725974
P1520.10133.F.3.SU.2008  0.31082110 -0.17673338 -0.09053869  0.08886634
                              PCNM5       PCNM6       PCNM7       PCNM8
P3107.8404.F.1.SU.2008   0.25630061  0.17600829 -0.26420440  0.12438037
P3181.8815.F.2.SU.2008  -0.07069171  0.10096110 -0.23672292  0.27002468
P0137.10271.F.1.SU.2008 -0.37842659 -0.22415629  0.26682287 -0.11486018
P1705.8579.F.4.SU.2008   0.27838480 -0.21052903  0.25187181 -0.06035989
P0123.8404.F.1.SU.2008   0.25602282  0.17571665 -0.26375441  0.12403943
P1277.8579.F.4.SU.2008  -0.20315799 -0.10702398 -0.17189873  0.42498907
P1786.10405.F.1.SU.2008  0.12583395 -0.11799952  0.27998912 -0.11414637
P1461.10747.F.1.SU.2008 -0.18917364 -0.06440656 -0.26202864 -0.18437939
P1642.8398.F.4.SU.2008  -0.05733124 -0.24809973  0.04693793  0.56174672
P0054.10133.F.3.SU.2008 -0.10959540 -0.09360580  0.12136872 -0.07704075
P0064.8633.F.1.SU.2008  -0.14172646  0.18529940 -0.21258689 -0.46545155
P1791.8513.F.6.SU.2008   0.11448782 -0.31657058 -0.07371587 -0.05853586
P1767.8513.F.6.SU.2008   0.11448782 -0.31657058 -0.07371587 -0.05853586
P1424.10160.F.3.SU.2008  0.40084361  0.03051093  0.04028515 -0.19434255
P3066.8644.F.2.SU.2008   0.30053488  0.13501225 -0.18013044 -0.05042792
P1427.10133.F.3.SU.2008 -0.10959540 -0.09360580  0.12136872 -0.07704075
P1631.8593.F.2.SU.2008  -0.19496554  0.31095399  0.11683502  0.03218475
P0143.10747.F.1.SU.2008 -0.18917364 -0.06440656 -0.26202864 -0.18437939
P1681.10362.F.1.SU.2008 -0.30690643  0.49454855  0.12515960  0.04778822
P1254.10657.F.1.SU.2008  0.21344313  0.34156906  0.50877915  0.13138796
P1520.10133.F.3.SU.2008 -0.10959540 -0.09360580  0.12136872 -0.07704075
                              PCNM9        PCNM10
P3107.8404.F.1.SU.2008   0.10452578  7.071163e-01
P3181.8815.F.2.SU.2008   0.56254533 -6.381405e-04
P0137.10271.F.1.SU.2008 -0.06462771  6.463210e-04
P1705.8579.F.4.SU.2008   0.12501246 -3.141893e-06
P0123.8404.F.1.SU.2008   0.10398298 -7.070967e-01
P1277.8579.F.4.SU.2008  -0.26296717  9.909433e-08
P1786.10405.F.1.SU.2008  0.51780986  1.519761e-05
P1461.10747.F.1.SU.2008  0.01095856  2.899309e-08
P1642.8398.F.4.SU.2008  -0.13171371  2.262099e-08
P0054.10133.F.3.SU.2008 -0.07951403 -7.523507e-06
P0064.8633.F.1.SU.2008   0.06225872  9.849815e-08
P1791.8513.F.6.SU.2008   0.01638350  1.307126e-07
P1767.8513.F.6.SU.2008   0.01638350  1.307126e-07
P1424.10160.F.3.SU.2008 -0.35518381 -1.509795e-05
P3066.8644.F.2.SU.2008  -0.35585190  2.304893e-08
P1427.10133.F.3.SU.2008 -0.07951403 -7.523507e-06
P1631.8593.F.2.SU.2008  -0.09659125 -3.041916e-06
P0143.10747.F.1.SU.2008  0.01095856  2.899309e-08
P1681.10362.F.1.SU.2008 -0.03831079  1.516393e-07
P1254.10657.F.1.SU.2008  0.01296917  2.367145e-07
P1520.10133.F.3.SU.2008 -0.07951403 -7.523507e-06
[1] "Acessing PCNM scores"
[1] "Analysis for Core OTUs"
[1] "Variance partitioning - Core OTUs"
Warning messages:
1: collinearity detected in X2: mm = 16, m = 15 
2: collinearity detected in cbind(X1,X2): mm = 26, m = 20 
$`Month 5`

Partition of variance in RDA 

Call: (function (Y, X, ..., data, chisquare = FALSE, transfo, scale =
FALSE, add = FALSE, sqrt.dist = FALSE, permutations = 1000) { if
(missing(data)) data <- parent.frame() X <- list(X, ...)  if
((length(X) < 2 || length(X) > 4)) stop("needs two to four explanatory
tables") if (inherits(Y, "dist")) { inert <- attr(Y, "method") inert <-
paste(paste0(toupper(substring(inert, 1, 1)), substring(inert, 2)),
"distance") if (sqrt.dist) Y <- sqrt(Y) else inert <- paste("squared",
inert) if (is.logical(add) && isTRUE(add)) add <- "lingoes" if
(is.character(add)) { add <- match.arg(add, c("lingoes", "cailliez"))
if (add == "lingoes") { ac <- addLingoes(as.matrix(Y)) Y <- sqrt(Y^2 +
2 * ac) } else if (add == "cailliez") { ac <- addCailliez(as.matrix(Y))
Y <- Y + ac } if (ac > sqrt(.Machine$double.eps)) inert <-
paste(paste0(toupper(substring(add, 1, 1)), substring(add, 2)),
"adjusted", inert) } RDA <- "dbRDA" if (!missing(transfo) ||
!missing(scale)) message("arguments 'transfo' and 'scale' are ignored
with distances") } else if (chisquare) { inert = "Chi-square" RDA =
"CCA" permutations = getPermuteMatrix(permutations, nrow(Y)) } else {
inert <- "variance" RDA <- "RDA" if (!missing(transfo)) { Y <-
decostand(Y, transfo) transfo <- attr(Y, "decostand") } if
(!missing(transfo) && (is.null(dim(Y)) || ncol(Y) == 1))
warning("transformations are probably meaningless with a single
variable") if (scale && !missing(transfo)) warning("Y should not be
both transformed and scaled (standardized)") Y <- scale(Y, center =
TRUE, scale = scale) } Sets <- list() for (i in seq_along(X)) { if
(is.data.frame(X[[i]]) || is.factor(X[[i]])) { mf <-
as.data.frame(X[[i]]) mf <- model.matrix(~., mf) Sets[[i]] <- mf[, -1,
drop = FALSE] } else if (inherits(X[[i]], "formula")) { mf <-
model.frame(X[[i]], data, na.action = na.fail, drop.unused.levels =
TRUE) trms <- attr(mf, "terms") Sets[[i]] <- model.matrix(trms, mf) if
(any(colnames(Sets[[i]]) == "(Intercept)")) { xint <-
which(colnames(Sets[[i]]) == "(Intercept)") Sets[[i]] <- (Sets[[i]])[,
-xint, drop = FALSE] } } else Sets[[i]] <- as.matrix(X[[i]]) Sets[[i]]
<- scale(Sets[[i]], center = TRUE, scale = TRUE) } out <- list()
out$part <- switch(length(Sets), NULL, varpart2(Y, Sets[[1]],
Sets[[2]], chisquare, permutations), varpart3(Y, Sets[[1]], Sets[[2]],
Sets[[3]], chisquare, permutations), varpart4(Y, Sets[[1]], Sets[[2]],
Sets[[3]], Sets[[4]], chisquare, permutations)) if (inherits(Y,
"dist")) { out$part$ordination <- "dbrda" } else { if (chisquare)
out$part$ordination <- "cca" else { out$part$ordination <- "rda" } } if
(RDA == "RDA") { out$scale <- scale if (!missing(transfo)) out$transfo
<- transfo } else { if (scale || !missing(transfo)) message("arguments
'scale' and 'transfo' ignored: valid only in RDA") } out$inert <- inert
out$RDA <- RDA out$call <- match.call() mx <- rep(" ", length(X)) for
(i in seq_along(X)) mx[i] <- deparse(out$call[[i + 2]], width.cutoff =
500) out$tables <- mx class(out) <- c("varpart", class(out)) out })(Y =
dots[[1L]][[1L]], X = dots[[2L]][[1L]], ~., data = dots[[3L]][[1L]])

Explanatory tables:
X1:  dots[[2L]][[1L]]
X2:  ~. 

No. of explanatory tables: 2 
Total variation (SS): 7202.4 
            Variance: 360.12 
No. of observations: 21 

Partition table:
                     Df R.squared Adj.R.squared Testable
[a+b] = X1           10   0.52862       0.05724     TRUE
[b+c] = X2           15   0.80655       0.22622     TRUE
[a+b+c] = X1+X2      20   1.00000                   TRUE
Individual fractions                                    
[a] = X1|X2           5                             TRUE
[b]                   0                            FALSE
[c] = X2|X1          10                             TRUE
[d] = Residuals                                    FALSE
---
Use function ‘rda’ to test significance of fractions of interest

Warning message:
collinearity detected: redundant variable(s)  between tables X1, X2
results are probably incorrect: remove redundant variable(s) and repeat the analysis 
Error in pdf(file = "plots/core_SU2008_vp_mod1M.pdf") : 
  cannot open file 'plots/core_SU2008_vp_mod1M.pdf'
Execution halted
